#      Name	     Mass	    Gamma	 Spin	Isospin	   I3	Nq	Ns	Naq	Nas	Nc	Nac	       MC	   Nyield
# pi0139plu	 0.139570	0.00000e+00	  0.0	  1.0	  1.0	1	0	1	0	0	0	      211	0.00101849
# 1:pbar [GeV]	2:m [GeV]	3:Feq 1	4:Feq 2	5:Fshear 1	6:Fshear 2	7:Fshear 3	8:Fbulk 1	9:Fbulk 2	10:Ftemp 1	11:Ftemp 2	12:Fvel 1	13:Fvel 2	14:Fvel 3
    3.62517e-03	    1.39570e-01	    2.46696e-03	    8.30361e-03	   -8.62625e-07	    5.40759e-04	   -8.65512e-07	   -3.77858e-04	    2.65616e-03	    2.61890e-03	    5.54110e-02	   -7.46998e-06	    1.05193e-01	    1.06086e-05
    7.25044e-03	    1.39570e-01	    4.93766e-03	    1.65903e-02	   -6.84170e-06	    1.07644e-03	   -6.85056e-06	   -7.39616e-04	    5.32067e-03	    5.33082e-03	    1.10726e-01	   -2.91005e-05	    1.05090e-01	    4.31439e-05
    1.08759e-02	    1.39570e-01	    7.41552e-03	    2.48431e-02	   -2.27609e-05	    1.60219e-03	   -2.27127e-05	   -1.06974e-03	    8.00102e-03	    8.22552e-03	    1.65848e-01	   -6.25902e-05	    1.04922e-01	    9.96910e-05
    1.45016e-02	    1.39570e-01	    9.90329e-03	    3.30446e-02	   -5.28754e-05	    2.11353e-03	   -5.25118e-05	   -1.35382e-03	    1.07031e-02	    1.13863e-02	    2.20677e-01	   -1.04230e-04	    1.04691e-01	    1.83573e-04
    1.81278e-02	    1.39570e-01	    1.24028e-02	    4.11774e-02	   -1.00630e-04	    2.60657e-03	   -9.93244e-05	   -1.57904e-03	    1.34303e-02	    1.48873e-02	    2.75109e-01	   -1.49089e-04	    1.04403e-01	    2.99134e-04
    2.17544e-02	    1.39570e-01	    1.49148e-02	    4.92233e-02	   -1.68464e-04	    3.07816e-03	   -1.65026e-04	   -1.73466e-03	    1.61833e-02	    1.87910e-02	    3.29037e-01	   -1.91254e-04	    1.04066e-01	    4.51460e-04
    2.53815e-02	    1.39570e-01	    1.74385e-02	    5.71642e-02	   -2.57669e-04	    3.52596e-03	   -2.50159e-04	   -1.81236e-03	    1.89594e-02	    2.31462e-02	    3.82348e-01	   -2.24114e-04	    1.03686e-01	    6.46053e-04
    2.90094e-02	    1.39570e-01	    1.99719e-02	    6.49814e-02	   -3.68322e-04	    3.94858e-03	   -3.53886e-04	   -1.80648e-03	    2.17526e-02	    2.79872e-02	    4.34925e-01	   -2.40676e-04	    1.03271e-01	    8.88483e-04
    3.26380e-02	    1.39570e-01	    2.25113e-02	    7.26563e-02	   -4.99267e-04	    4.34556e-03	   -4.74036e-04	   -1.71421e-03	    2.45535e-02	    3.33329e-02	    4.86648e-01	   -2.33884e-04	    1.02829e-01	    1.18405e-03
    3.62674e-02	    1.39570e-01	    2.50519e-02	    8.01700e-02	   -6.48179e-04	    4.71742e-03	   -6.07228e-04	   -1.53565e-03	    2.73496e-02	    3.91868e-02	    5.37392e-01	   -1.96942e-04	    1.02369e-01	    1.53745e-03
    3.98979e-02	    1.39570e-01	    2.75874e-02	    8.75042e-02	   -8.11670e-04	    5.06556e-03	   -7.49067e-04	   -1.27372e-03	    3.01256e-02	    4.55375e-02	    5.87033e-01	   -1.23600e-04	    1.01898e-01	    1.95252e-03
    4.35293e-02	    1.39570e-01	    3.01101e-02	    9.46409e-02	   -9.85454e-04	    5.39220e-03	   -8.94385e-04	   -9.34038e-04	    3.28643e-02	    5.23599e-02	    6.35446e-01	   -8.41983e-06	    1.01425e-01	    2.43197e-03
    4.71619e-02	    1.39570e-01	    3.26118e-02	    1.01563e-01	   -1.16455e-03	    5.70031e-03	   -1.03752e-03	   -5.24674e-04	    3.55468e-02	    5.96170e-02	    6.82508e-01	    1.53018e-04	    1.00954e-01	    2.97726e-03
    5.07958e-02	    1.39570e-01	    3.50832e-02	    1.08254e-01	   -1.34348e-03	    5.99340e-03	   -1.17262e-03	   -5.58004e-05	    3.81534e-02	    6.72610e-02	    7.28099e-01	    3.63951e-04	    1.00492e-01	    3.58851e-03
    5.44310e-02	    1.39570e-01	    3.75149e-02	    1.14699e-01	   -1.51658e-03	    6.27541e-03	   -1.29390e-03	    4.60681e-04	    4.06645e-02	    7.52363e-02	    7.72109e-01	    6.26336e-04	    1.00044e-01	    4.26445e-03
    5.80676e-02	    1.39570e-01	    3.98970e-02	    1.20885e-01	   -1.67812e-03	    6.55055e-03	   -1.39592e-03	    1.01158e-03	    4.30611e-02	    8.34807e-02	    8.14430e-01	    9.40805e-04	    9.96119e-02	    5.00250e-03
    6.17058e-02	    1.39570e-01	    4.22198e-02	    1.26800e-01	   -1.82265e-03	    6.82312e-03	   -1.47384e-03	    1.58286e-03	    4.53254e-02	    9.19284e-02	    8.54968e-01	    1.30668e-03	    9.91985e-02	    5.79883e-03
    6.53456e-02	    1.39570e-01	    4.44741e-02	    1.32433e-01	   -1.94511e-03	    7.09737e-03	   -1.52353e-03	    2.16014e-03	    4.74414e-02	    1.00512e-01	    8.93639e-01	    1.72202e-03	    9.88046e-02	    6.64856e-03
    6.89871e-02	    1.39570e-01	    4.66511e-02	    1.37778e-01	   -2.04105e-03	    7.37734e-03	   -1.54178e-03	    2.72908e-03	    4.93955e-02	    1.09163e-01	    9.30369e-01	    2.18374e-03	    9.84297e-02	    7.54589e-03
    7.26304e-02	    1.39570e-01	    4.87428e-02	    1.42828e-01	   -2.10676e-03	    7.66673e-03	   -1.52632e-03	    3.27586e-03	    5.11768e-02	    1.17816e-01	    9.65099e-01	    2.68776e-03	    9.80725e-02	    8.48433e-03
    7.62757e-02	    1.39570e-01	    5.07422e-02	    1.47579e-01	   -2.13933e-03	    7.96880e-03	   -1.47591e-03	    3.78752e-03	    5.27769e-02	    1.26409e-01	    9.97784e-01	    3.22913e-03	    9.77309e-02	    9.45689e-03
    7.99230e-02	    1.39570e-01	    5.26432e-02	    1.52028e-01	   -2.13678e-03	    8.28629e-03	   -1.39027e-03	    4.25229e-03	    5.41906e-02	    1.34884e-01	    1.02839e+00	    3.80226e-03	    9.74016e-02	    1.04563e-02
    8.35723e-02	    1.39570e-01	    5.44411e-02	    1.56177e-01	   -2.09802e-03	    8.62133e-03	   -1.27004e-03	    4.65983e-03	    5.54155e-02	    1.43187e-01	    1.05690e+00	    4.40107e-03	    9.70811e-02	    1.14753e-02
    8.72239e-02	    1.39570e-01	    5.61321e-02	    1.60026e-01	   -2.02288e-03	    8.97547e-03	   -1.11671e-03	    5.00146e-03	    5.64520e-02	    1.51274e-01	    1.08331e+00	    5.01918e-03	    9.67652e-02	    1.25066e-02
    9.08778e-02	    1.39570e-01	    5.77137e-02	    1.63579e-01	   -1.91202e-03	    9.34958e-03	   -9.32512e-04	    5.27022e-03	    5.73031e-02	    1.59104e-01	    1.10762e+00	    5.65013e-03	    9.64495e-02	    1.35433e-02
    9.45342e-02	    1.39570e-01	    5.91846e-02	    1.66840e-01	   -1.76693e-03	    9.74393e-03	   -7.20259e-04	    5.46101e-03	    5.79740e-02	    1.66645e-01	    1.12985e+00	    6.28748e-03	    9.61293e-02	    1.45788e-02
    9.81930e-02	    1.39570e-01	    6.05445e-02	    1.69816e-01	   -1.58976e-03	    1.01582e-02	   -4.83244e-04	    5.57050e-03	    5.84721e-02	    1.73870e-01	    1.15004e+00	    6.92504e-03	    9.58001e-02	    1.56071e-02
    1.01854e-01	    1.39570e-01	    6.17943e-02	    1.72514e-01	   -1.38329e-03	    1.05916e-02	   -2.25091e-04	    5.59715e-03	    5.88065e-02	    1.80759e-01	    1.16823e+00	    7.55690e-03	    9.54575e-02	    1.66228e-02
    1.05519e-01	    1.39570e-01	    6.29358e-02	    1.74942e-01	   -1.15076e-03	    1.10426e-02	    5.03743e-05	    5.54108e-03	    5.89876e-02	    1.87299e-01	    1.18445e+00	    8.17765e-03	    9.50970e-02	    1.76210e-02
    1.09185e-01	    1.39570e-01	    6.39715e-02	    1.77108e-01	   -8.95800e-04	    1.15095e-02	    3.39254e-04	    5.40393e-03	    5.90266e-02	    1.93483e-01	    1.19877e+00	    8.78234e-03	    9.47149e-02	    1.85977e-02
    1.12855e-01	    1.39570e-01	    6.49048e-02	    1.79024e-01	   -6.22279e-04	    1.19903e-02	    6.37683e-04	    5.18870e-03	    5.89359e-02	    1.99307e-01	    1.21125e+00	    9.36666e-03	    9.43076e-02	    1.95494e-02
    1.16528e-01	    1.39570e-01	    6.57395e-02	    1.80697e-01	   -3.34217e-04	    1.24824e-02	    9.41928e-04	    4.89958e-03	    5.87277e-02	    2.04774e-01	    1.22196e+00	    9.92688e-03	    9.38721e-02	    2.04734e-02
    1.20204e-01	    1.39570e-01	    6.64802e-02	    1.82140e-01	   -3.56708e-05	    1.29832e-02	    1.24847e-03	    4.54173e-03	    5.84148e-02	    2.09890e-01	    1.23097e+00	    1.04599e-02	    9.34058e-02	    2.13674e-02
    1.23883e-01	    1.39570e-01	    6.71316e-02	    1.83363e-01	    2.69359e-04	    1.34901e-02	    1.55407e-03	    4.12113e-03	    5.80094e-02	    2.14664e-01	    1.23835e+00	    1.09634e-02	    9.29065e-02	    2.22300e-02
    1.27566e-01	    1.39570e-01	    6.76988e-02	    1.84375e-01	    5.77009e-04	    1.40001e-02	    1.85582e-03	    3.64430e-03	    5.75237e-02	    2.19109e-01	    1.24418e+00	    1.14354e-02	    9.23728e-02	    2.30602e-02
    1.31252e-01	    1.39570e-01	    6.81872e-02	    1.85188e-01	    8.83623e-04	    1.45106e-02	    2.15116e-03	    3.11823e-03	    5.69692e-02	    2.23238e-01	    1.24853e+00	    1.18748e-02	    9.18036e-02	    2.38575e-02
    1.34941e-01	    1.39570e-01	    6.86019e-02	    1.85812e-01	    1.18581e-03	    1.50187e-02	    2.43792e-03	    2.55009e-03	    5.63566e-02	    2.27068e-01	    1.25150e+00	    1.22810e-02	    9.11984e-02	    2.46217e-02
    1.38634e-01	    1.39570e-01	    6.89484e-02	    1.86257e-01	    1.48049e-03	    1.55218e-02	    2.71432e-03	    1.94714e-03	    5.56962e-02	    2.30615e-01	    1.25314e+00	    1.26537e-02	    9.05571e-02	    2.53532e-02
    1.42331e-01	    1.39570e-01	    6.92318e-02	    1.86533e-01	    1.76492e-03	    1.60175e-02	    2.97896e-03	    1.31660e-03	    5.49971e-02	    2.33899e-01	    1.25355e+00	    1.29934e-02	    8.98800e-02	    2.60525e-02
    1.46031e-01	    1.39570e-01	    6.94574e-02	    1.86649e-01	    2.03673e-03	    1.65033e-02	    3.23082e-03	    6.65463e-04	    5.42676e-02	    2.36937e-01	    1.25279e+00	    1.33006e-02	    8.91679e-02	    2.67206e-02
    1.49736e-01	    1.39570e-01	    6.96300e-02	    1.86616e-01	    2.29390e-03	    1.69772e-02	    3.46921e-03	    4.50816e-07	    5.35151e-02	    2.39746e-01	    1.25094e+00	    1.35767e-02	    8.84218e-02	    2.73585e-02
    1.53444e-01	    1.39570e-01	    6.97544e-02	    1.86441e-01	    2.53481e-03	    1.74373e-02	    3.69379e-03	   -6.72093e-04	    5.27463e-02	    2.42345e-01	    1.24807e+00	    1.38228e-02	    8.76432e-02	    2.79673e-02
    1.57157e-01	    1.39570e-01	    6.98349e-02	    1.86133e-01	    2.75819e-03	    1.78818e-02	    3.90451e-03	   -1.34626e-03	    5.19667e-02	    2.44752e-01	    1.24426e+00	    1.40407e-02	    8.68337e-02	    2.85483e-02
    1.60874e-01	    1.39570e-01	    6.98757e-02	    1.85701e-01	    2.96312e-03	    1.83094e-02	    4.10158e-03	   -2.01663e-03	    5.11811e-02	    2.46981e-01	    1.23955e+00	    1.42321e-02	    8.59950e-02	    2.91029e-02
    1.64595e-01	    1.39570e-01	    6.98807e-02	    1.85151e-01	    3.14902e-03	    1.87187e-02	    4.28544e-03	   -2.67830e-03	    5.03935e-02	    2.49050e-01	    1.23403e+00	    1.43990e-02	    8.51294e-02	    2.96325e-02
    1.68320e-01	    1.39570e-01	    6.98534e-02	    1.84491e-01	    3.31562e-03	    1.91090e-02	    4.45673e-03	   -3.32690e-03	    4.96073e-02	    2.50972e-01	    1.22775e+00	    1.45434e-02	    8.42388e-02	    3.01384e-02
    1.72050e-01	    1.39570e-01	    6.97970e-02	    1.83729e-01	    3.46293e-03	    1.94792e-02	    4.61626e-03	   -3.95859e-03	    4.88251e-02	    2.52760e-01	    1.22076e+00	    1.46675e-02	    8.33256e-02	    3.06219e-02
    1.75785e-01	    1.39570e-01	    6.97146e-02	    1.82870e-01	    3.59122e-03	    1.98290e-02	    4.76494e-03	   -4.57008e-03	    4.80487e-02	    2.54427e-01	    1.21312e+00	    1.47733e-02	    8.23920e-02	    3.10842e-02
    1.79525e-01	    1.39570e-01	    6.96086e-02	    1.81920e-01	    3.70097e-03	    2.01579e-02	    4.90381e-03	   -5.15858e-03	    4.72797e-02	    2.55983e-01	    1.20489e+00	    1.48629e-02	    8.14404e-02	    3.15266e-02
    1.83269e-01	    1.39570e-01	    6.94815e-02	    1.80886e-01	    3.79287e-03	    2.04657e-02	    5.03395e-03	   -5.72181e-03	    4.65191e-02	    2.57438e-01	    1.19611e+00	    1.49383e-02	    8.04731e-02	    3.19502e-02
    1.87019e-01	    1.39570e-01	    6.93353e-02	    1.79772e-01	    3.86777e-03	    2.07524e-02	    5.15651e-03	   -6.25795e-03	    4.57674e-02	    2.58801e-01	    1.18682e+00	    1.50016e-02	    7.94924e-02	    3.23560e-02
    1.90773e-01	    1.39570e-01	    6.91718e-02	    1.78585e-01	    3.92666e-03	    2.10181e-02	    5.27263e-03	   -6.76561e-03	    4.50248e-02	    2.60080e-01	    1.17707e+00	    1.50545e-02	    7.85005e-02	    3.27448e-02
    1.94533e-01	    1.39570e-01	    6.89925e-02	    1.77328e-01	    3.97062e-03	    2.12631e-02	    5.38346e-03	   -7.24382e-03	    4.42913e-02	    2.61279e-01	    1.16690e+00	    1.50990e-02	    7.74996e-02	    3.31176e-02
    1.98298e-01	    1.39570e-01	    6.87989e-02	    1.76007e-01	    4.00084e-03	    2.14877e-02	    5.49013e-03	   -7.69198e-03	    4.35665e-02	    2.62405e-01	    1.15634e+00	    1.51366e-02	    7.64918e-02	    3.34750e-02
    2.02068e-01	    1.39570e-01	    6.85921e-02	    1.74626e-01	    4.01856e-03	    2.16923e-02	    5.59371e-03	   -8.10979e-03	    4.28500e-02	    2.63463e-01	    1.14544e+00	    1.51689e-02	    7.54790e-02	    3.38176e-02
    2.05844e-01	    1.39570e-01	    6.83729e-02	    1.73188e-01	    4.02504e-03	    2.18775e-02	    5.69525e-03	   -8.49728e-03	    4.21411e-02	    2.64454e-01	    1.13422e+00	    1.51972e-02	    7.44632e-02	    3.41459e-02
    2.09626e-01	    1.39570e-01	    6.81423e-02	    1.71698e-01	    4.02157e-03	    2.20439e-02	    5.79571e-03	   -8.85472e-03	    4.14391e-02	    2.65383e-01	    1.12272e+00	    1.52230e-02	    7.34462e-02	    3.44604e-02
    2.13413e-01	    1.39570e-01	    6.79007e-02	    1.70159e-01	    4.00945e-03	    2.21922e-02	    5.89600e-03	   -9.18261e-03	    4.07432e-02	    2.66252e-01	    1.11096e+00	    1.52472e-02	    7.24296e-02	    3.47615e-02
    2.17206e-01	    1.39570e-01	    6.76488e-02	    1.68575e-01	    3.98994e-03	    2.23229e-02	    5.99692e-03	   -9.48164e-03	    4.00526e-02	    2.67060e-01	    1.09897e+00	    1.52709e-02	    7.14149e-02	    3.50493e-02
    2.21006e-01	    1.39570e-01	    6.73868e-02	    1.66948e-01	    3.96430e-03	    2.24369e-02	    6.09922e-03	   -9.75265e-03	    3.93664e-02	    2.67811e-01	    1.08677e+00	    1.52951e-02	    7.04036e-02	    3.53241e-02
    2.24811e-01	    1.39570e-01	    6.71151e-02	    1.65283e-01	    3.93371e-03	    2.25349e-02	    6.20354e-03	   -9.99663e-03	    3.86837e-02	    2.68503e-01	    1.07439e+00	    1.53203e-02	    6.93970e-02	    3.55861e-02
    2.28622e-01	    1.39570e-01	    6.68339e-02	    1.63582e-01	    3.89933e-03	    2.26175e-02	    6.31046e-03	   -1.02147e-02	    3.80038e-02	    2.69136e-01	    1.06186e+00	    1.53474e-02	    6.83963e-02	    3.58353e-02
    2.32440e-01	    1.39570e-01	    6.65433e-02	    1.61848e-01	    3.86226e-03	    2.26856e-02	    6.42045e-03	   -1.04079e-02	    3.73259e-02	    2.69711e-01	    1.04918e+00	    1.53767e-02	    6.74025e-02	    3.60717e-02
    2.36265e-01	    1.39570e-01	    6.62434e-02	    1.60084e-01	    3.82352e-03	    2.27400e-02	    6.53389e-03	   -1.05777e-02	    3.66494e-02	    2.70226e-01	    1.03638e+00	    1.54088e-02	    6.64166e-02	    3.62953e-02
    2.40095e-01	    1.39570e-01	    6.59342e-02	    1.58292e-01	    3.78408e-03	    2.27812e-02	    6.65111e-03	   -1.07251e-02	    3.59735e-02	    2.70680e-01	    1.02348e+00	    1.54438e-02	    6.54396e-02	    3.65062e-02
    2.43933e-01	    1.39570e-01	    6.56156e-02	    1.56474e-01	    3.74482e-03	    2.28101e-02	    6.77233e-03	   -1.08516e-02	    3.52978e-02	    2.71073e-01	    1.01049e+00	    1.54821e-02	    6.44720e-02	    3.67041e-02
    2.47777e-01	    1.39570e-01	    6.52878e-02	    1.54633e-01	    3.70656e-03	    2.28273e-02	    6.89769e-03	   -1.09584e-02	    3.46217e-02	    2.71404e-01	    9.97429e-01	    1.55237e-02	    6.35147e-02	    3.68892e-02
    2.51628e-01	    1.39570e-01	    6.49505e-02	    1.52772e-01	    3.67004e-03	    2.28336e-02	    7.02730e-03	   -1.10469e-02	    3.39448e-02	    2.71670e-01	    9.84310e-01	    1.55687e-02	    6.25682e-02	    3.70612e-02
    2.55487e-01	    1.39570e-01	    6.46038e-02	    1.50892e-01	    3.63592e-03	    2.28295e-02	    7.16115e-03	   -1.11183e-02	    3.32669e-02	    2.71870e-01	    9.71148e-01	    1.56172e-02	    6.16329e-02	    3.72200e-02
    2.59352e-01	    1.39570e-01	    6.42476e-02	    1.48995e-01	    3.60480e-03	    2.28158e-02	    7.29921e-03	   -1.11738e-02	    3.25877e-02	    2.72004e-01	    9.57954e-01	    1.56689e-02	    6.07093e-02	    3.73656e-02
    2.63225e-01	    1.39570e-01	    6.38818e-02	    1.47084e-01	    3.57719e-03	    2.27929e-02	    7.44137e-03	   -1.12149e-02	    3.19070e-02	    2.72070e-01	    9.44741e-01	    1.57238e-02	    5.97977e-02	    3.74978e-02
    2.67105e-01	    1.39570e-01	    6.35063e-02	    1.45160e-01	    3.55356e-03	    2.27615e-02	    7.58748e-03	   -1.12425e-02	    3.12248e-02	    2.72067e-01	    9.31519e-01	    1.57817e-02	    5.88984e-02	    3.76166e-02
    2.70992e-01	    1.39570e-01	    6.31211e-02	    1.43226e-01	    3.53427e-03	    2.27221e-02	    7.73733e-03	   -1.12579e-02	    3.05410e-02	    2.71993e-01	    9.18299e-01	    1.58424e-02	    5.80115e-02	    3.77218e-02
    2.74887e-01	    1.39570e-01	    6.27262e-02	    1.41282e-01	    3.51965e-03	    2.26752e-02	    7.89070e-03	   -1.12622e-02	    2.98557e-02	    2.71848e-01	    9.05090e-01	    1.59057e-02	    5.71373e-02	    3.78134e-02
    2.78790e-01	    1.39570e-01	    6.23215e-02	    1.39331e-01	    3.50996e-03	    2.26212e-02	    8.04729e-03	   -1.12565e-02	    2.91690e-02	    2.71631e-01	    8.91902e-01	    1.59711e-02	    5.62758e-02	    3.78913e-02
    2.82701e-01	    1.39570e-01	    6.19071e-02	    1.37375e-01	    3.50539e-03	    2.25608e-02	    8.20681e-03	   -1.12417e-02	    2.84811e-02	    2.71341e-01	    8.78743e-01	    1.60384e-02	    5.54271e-02	    3.79555e-02
    2.86620e-01	    1.39570e-01	    6.14829e-02	    1.35414e-01	    3.50609e-03	    2.24942e-02	    8.36893e-03	   -1.12188e-02	    2.77922e-02	    2.70977e-01	    8.65621e-01	    1.61074e-02	    5.45911e-02	    3.80058e-02
    2.90547e-01	    1.39570e-01	    6.10490e-02	    1.33450e-01	    3.51215e-03	    2.24218e-02	    8.53329e-03	   -1.11888e-02	    2.71025e-02	    2.70539e-01	    8.52543e-01	    1.61775e-02	    5.37679e-02	    3.80424e-02
    2.94483e-01	    1.39570e-01	    6.06054e-02	    1.31485e-01	    3.52363e-03	    2.23442e-02	    8.69952e-03	   -1.11524e-02	    2.64125e-02	    2.70026e-01	    8.39517e-01	    1.62486e-02	    5.29574e-02	    3.80652e-02
    2.98426e-01	    1.39570e-01	    6.01523e-02	    1.29520e-01	    3.54053e-03	    2.22615e-02	    8.86726e-03	   -1.11104e-02	    2.57224e-02	    2.69439e-01	    8.26550e-01	    1.63201e-02	    5.21595e-02	    3.80742e-02
    3.02379e-01	    1.39570e-01	    5.96897e-02	    1.27557e-01	    3.56281e-03	    2.21741e-02	    9.03610e-03	   -1.10636e-02	    2.50326e-02	    2.68777e-01	    8.13647e-01	    1.63918e-02	    5.13740e-02	    3.80695e-02
    3.06340e-01	    1.39570e-01	    5.92177e-02	    1.25596e-01	    3.59040e-03	    2.20824e-02	    9.20565e-03	   -1.10126e-02	    2.43436e-02	    2.68041e-01	    8.00814e-01	    1.64633e-02	    5.06008e-02	    3.80512e-02
    3.10309e-01	    1.39570e-01	    5.87365e-02	    1.23640e-01	    3.62321e-03	    2.19865e-02	    9.37552e-03	   -1.09582e-02	    2.36557e-02	    2.67231e-01	    7.88056e-01	    1.65342e-02	    4.98397e-02	    3.80194e-02
    3.14288e-01	    1.39570e-01	    5.82463e-02	    1.21688e-01	    3.66109e-03	    2.18868e-02	    9.54531e-03	   -1.09009e-02	    2.29695e-02	    2.66347e-01	    7.75380e-01	    1.66041e-02	    4.90907e-02	    3.79741e-02
    3.18276e-01	    1.39570e-01	    5.77473e-02	    1.19742e-01	    3.70390e-03	    2.17836e-02	    9.71464e-03	   -1.08411e-02	    2.22853e-02	    2.65390e-01	    7.62789e-01	    1.66728e-02	    4.83534e-02	    3.79155e-02
    3.22273e-01	    1.39570e-01	    5.72396e-02	    1.17803e-01	    3.75145e-03	    2.16769e-02	    9.88311e-03	   -1.07795e-02	    2.16038e-02	    2.64361e-01	    7.50288e-01	    1.67398e-02	    4.76276e-02	    3.78437e-02
    3.26279e-01	    1.39570e-01	    5.67235e-02	    1.15873e-01	    3.80355e-03	    2.15671e-02	    1.00504e-02	   -1.07165e-02	    2.09252e-02	    2.63260e-01	    7.37881e-01	    1.68049e-02	    4.69132e-02	    3.77590e-02
    3.30295e-01	    1.39570e-01	    5.61992e-02	    1.13952e-01	    3.85997e-03	    2.14544e-02	    1.02160e-02	   -1.06524e-02	    2.02502e-02	    2.62089e-01	    7.25572e-01	    1.68677e-02	    4.62099e-02	    3.76615e-02
    3.34321e-01	    1.39570e-01	    5.56670e-02	    1.12041e-01	    3.92050e-03	    2.13389e-02	    1.03797e-02	   -1.05877e-02	    1.95792e-02	    2.60849e-01	    7.13364e-01	    1.69279e-02	    4.55175e-02	    3.75514e-02
    3.38356e-01	    1.39570e-01	    5.51271e-02	    1.10140e-01	    3.98488e-03	    2.12207e-02	    1.05411e-02	   -1.05226e-02	    1.89127e-02	    2.59540e-01	    7.01262e-01	    1.69852e-02	    4.48357e-02	    3.74290e-02
    3.42401e-01	    1.39570e-01	    5.45799e-02	    1.08252e-01	    4.05286e-03	    2.11001e-02	    1.06999e-02	   -1.04575e-02	    1.82512e-02	    2.58165e-01	    6.89267e-01	    1.70394e-02	    4.41644e-02	    3.72944e-02
    3.46456e-01	    1.39570e-01	    5.40256e-02	    1.06375e-01	    4.12419e-03	    2.09772e-02	    1.08558e-02	   -1.03925e-02	    1.75951e-02	    2.56725e-01	    6.77383e-01	    1.70902e-02	    4.35032e-02	    3.71480e-02
    3.50522e-01	    1.39570e-01	    5.34645e-02	    1.04512e-01	    4.19860e-03	    2.08521e-02	    1.10084e-02	   -1.03281e-02	    1.69449e-02	    2.55221e-01	    6.65613e-01	    1.71374e-02	    4.28519e-02	    3.69900e-02
    3.54597e-01	    1.39570e-01	    5.28970e-02	    1.02663e-01	    4.27582e-03	    2.07249e-02	    1.11576e-02	   -1.02642e-02	    1.63009e-02	    2.53655e-01	    6.53959e-01	    1.71807e-02	    4.22104e-02	    3.68207e-02
    3.58684e-01	    1.39570e-01	    5.23233e-02	    1.00828e-01	    4.35559e-03	    2.05958e-02	    1.13029e-02	   -1.02011e-02	    1.56638e-02	    2.52028e-01	    6.42423e-01	    1.72199e-02	    4.15783e-02	    3.66403e-02
    3.62781e-01	    1.39570e-01	    5.17439e-02	    9.90087e-02	    4.43763e-03	    2.04649e-02	    1.14443e-02	   -1.01390e-02	    1.50338e-02	    2.50343e-01	    6.31007e-01	    1.72549e-02	    4.09554e-02	    3.64492e-02
    3.66888e-01	    1.39570e-01	    5.11590e-02	    9.72048e-02	    4.52167e-03	    2.03322e-02	    1.15814e-02	   -1.00779e-02	    1.44114e-02	    2.48601e-01	    6.19713e-01	    1.72855e-02	    4.03415e-02	    3.62476e-02
    3.71007e-01	    1.39570e-01	    5.05690e-02	    9.54171e-02	    4.60744e-03	    2.01979e-02	    1.17141e-02	   -1.00179e-02	    1.37969e-02	    2.46804e-01	    6.08543e-01	    1.73114e-02	    3.97364e-02	    3.60359e-02
    3.75137e-01	    1.39570e-01	    4.99742e-02	    9.36461e-02	    4.69468e-03	    2.00619e-02	    1.18421e-02	   -9.95919e-03	    1.31907e-02	    2.44954e-01	    5.97497e-01	    1.73327e-02	    3.91399e-02	    3.58144e-02
    3.79278e-01	    1.39570e-01	    4.93751e-02	    9.18922e-02	    4.78313e-03	    1.99246e-02	    1.19653e-02	   -9.90171e-03	    1.25931e-02	    2.43053e-01	    5.86579e-01	    1.73491e-02	    3.85516e-02	    3.55835e-02
    3.83430e-01	    1.39570e-01	    4.87718e-02	    9.01560e-02	    4.87252e-03	    1.97858e-02	    1.20835e-02	   -9.84552e-03	    1.20045e-02	    2.41103e-01	    5.75788e-01	    1.73605e-02	    3.79715e-02	    3.53434e-02
    3.87594e-01	    1.39570e-01	    4.81649e-02	    8.84377e-02	    4.96262e-03	    1.96456e-02	    1.21966e-02	   -9.79063e-03	    1.14251e-02	    2.39105e-01	    5.65125e-01	    1.73669e-02	    3.73993e-02	    3.50944e-02
    3.91770e-01	    1.39570e-01	    4.75546e-02	    8.67378e-02	    5.05318e-03	    1.95042e-02	    1.23045e-02	   -9.73706e-03	    1.08553e-02	    2.37062e-01	    5.54592e-01	    1.73682e-02	    3.68349e-02	    3.48370e-02
    3.95957e-01	    1.39570e-01	    4.69413e-02	    8.50565e-02	    5.14395e-03	    1.93616e-02	    1.24070e-02	   -9.68479e-03	    1.02953e-02	    2.34976e-01	    5.44189e-01	    1.73643e-02	    3.62779e-02	    3.45714e-02
    4.00157e-01	    1.39570e-01	    4.63254e-02	    8.33943e-02	    5.23471e-03	    1.92178e-02	    1.25040e-02	   -9.63378e-03	    9.74539e-03	    2.32849e-01	    5.33917e-01	    1.73551e-02	    3.57283e-02	    3.42980e-02
    4.04368e-01	    1.39570e-01	    4.57072e-02	    8.17513e-02	    5.32523e-03	    1.90729e-02	    1.25955e-02	   -9.58402e-03	    9.20571e-03	    2.30682e-01	    5.23776e-01	    1.73407e-02	    3.51859e-02	    3.40171e-02
    4.08593e-01	    1.39570e-01	    4.50870e-02	    8.01278e-02	    5.41531e-03	    1.89269e-02	    1.26814e-02	   -9.53544e-03	    8.67649e-03	    2.28478e-01	    5.13767e-01	    1.73210e-02	    3.46504e-02	    3.37291e-02
    4.12829e-01	    1.39570e-01	    4.44652e-02	    7.85240e-02	    5.50473e-03	    1.87799e-02	    1.27617e-02	   -9.48800e-03	    8.15792e-03	    2.26239e-01	    5.03890e-01	    1.72959e-02	    3.41217e-02	    3.34342e-02
    4.17079e-01	    1.39570e-01	    4.38421e-02	    7.69402e-02	    5.59330e-03	    1.86320e-02	    1.28362e-02	   -9.44163e-03	    7.65016e-03	    2.23967e-01	    4.94145e-01	    1.72656e-02	    3.35997e-02	    3.31329e-02
    4.21341e-01	    1.39570e-01	    4.32181e-02	    7.53765e-02	    5.68083e-03	    1.84831e-02	    1.29051e-02	   -9.39626e-03	    7.15336e-03	    2.21663e-01	    4.84531e-01	    1.72299e-02	    3.30842e-02	    3.28254e-02
    4.25616e-01	    1.39570e-01	    4.25935e-02	    7.38330e-02	    5.76714e-03	    1.83334e-02	    1.29681e-02	   -9.35182e-03	    6.66763e-03	    2.19330e-01	    4.75050e-01	    1.71890e-02	    3.25751e-02	    3.25121e-02
    4.29905e-01	    1.39570e-01	    4.19686e-02	    7.23100e-02	    5.85206e-03	    1.81828e-02	    1.30255e-02	   -9.30822e-03	    6.19308e-03	    2.16970e-01	    4.65701e-01	    1.71428e-02	    3.20721e-02	    3.21932e-02
    4.34206e-01	    1.39570e-01	    4.13437e-02	    7.08074e-02	    5.93542e-03	    1.80314e-02	    1.30771e-02	   -9.26538e-03	    5.72980e-03	    2.14584e-01	    4.56484e-01	    1.70914e-02	    3.15753e-02	    3.18692e-02
    4.38522e-01	    1.39570e-01	    4.07192e-02	    6.93254e-02	    6.01707e-03	    1.78793e-02	    1.31230e-02	   -9.22322e-03	    5.27787e-03	    2.12175e-01	    4.47398e-01	    1.70349e-02	    3.10843e-02	    3.15403e-02
    4.42851e-01	    1.39570e-01	    4.00953e-02	    6.78641e-02	    6.09688e-03	    1.77264e-02	    1.31631e-02	   -9.18165e-03	    4.83733e-03	    2.09744e-01	    4.38442e-01	    1.69732e-02	    3.05992e-02	    3.12069e-02
    4.47194e-01	    1.39570e-01	    3.94723e-02	    6.64235e-02	    6.17469e-03	    1.75728e-02	    1.31976e-02	   -9.14056e-03	    4.40822e-03	    2.07293e-01	    4.29618e-01	    1.69066e-02	    3.01198e-02	    3.08691e-02
    4.51551e-01	    1.39570e-01	    3.88506e-02	    6.50037e-02	    6.25040e-03	    1.74186e-02	    1.32265e-02	   -9.09987e-03	    3.99056e-03	    2.04823e-01	    4.20923e-01	    1.68350e-02	    2.96459e-02	    3.05275e-02
    4.55923e-01	    1.39570e-01	    3.82304e-02	    6.36046e-02	    6.32387e-03	    1.72637e-02	    1.32498e-02	   -9.05949e-03	    3.58437e-03	    2.02338e-01	    4.12358e-01	    1.67585e-02	    2.91776e-02	    3.01821e-02
    4.60309e-01	    1.39570e-01	    3.76120e-02	    6.22262e-02	    6.39499e-03	    1.71082e-02	    1.32676e-02	   -9.01932e-03	    3.18963e-03	    1.99837e-01	    4.03922e-01	    1.66772e-02	    2.87146e-02	    2.98334e-02
    4.64709e-01	    1.39570e-01	    3.69956e-02	    6.08687e-02	    6.46368e-03	    1.69521e-02	    1.32799e-02	   -8.97927e-03	    2.80633e-03	    1.97324e-01	    3.95613e-01	    1.65912e-02	    2.82568e-02	    2.94815e-02
    4.69125e-01	    1.39570e-01	    3.63815e-02	    5.95318e-02	    6.52982e-03	    1.67955e-02	    1.32868e-02	   -8.93924e-03	    2.43443e-03	    1.94799e-01	    3.87432e-01	    1.65006e-02	    2.78043e-02	    2.91269e-02
    4.73555e-01	    1.39570e-01	    3.57700e-02	    5.82157e-02	    6.59334e-03	    1.66383e-02	    1.32884e-02	   -8.89915e-03	    2.07389e-03	    1.92264e-01	    3.79378e-01	    1.64055e-02	    2.73569e-02	    2.87697e-02
    4.78001e-01	    1.39570e-01	    3.51613e-02	    5.69202e-02	    6.65416e-03	    1.64807e-02	    1.32848e-02	   -8.85891e-03	    1.72465e-03	    1.89721e-01	    3.71449e-01	    1.63061e-02	    2.69144e-02	    2.84102e-02
    4.82462e-01	    1.39570e-01	    3.45556e-02	    5.56452e-02	    6.71220e-03	    1.63225e-02	    1.32760e-02	   -8.81842e-03	    1.38663e-03	    1.87171e-01	    3.63645e-01	    1.62023e-02	    2.64769e-02	    2.80486e-02
    4.86939e-01	    1.39570e-01	    3.39532e-02	    5.43908e-02	    6.76741e-03	    1.61640e-02	    1.32621e-02	   -8.77761e-03	    1.05976e-03	    1.84616e-01	    3.55965e-01	    1.60944e-02	    2.60443e-02	    2.76853e-02
    4.91432e-01	    1.39570e-01	    3.33543e-02	    5.31567e-02	    6.81972e-03	    1.60050e-02	    1.32433e-02	   -8.73640e-03	    7.43957e-04	    1.82057e-01	    3.48407e-01	    1.59824e-02	    2.56164e-02	    2.73205e-02
    4.95941e-01	    1.39570e-01	    3.27591e-02	    5.19430e-02	    6.86909e-03	    1.58456e-02	    1.32195e-02	   -8.69470e-03	    4.39111e-04	    1.79496e-01	    3.40972e-01	    1.58665e-02	    2.51933e-02	    2.69543e-02
    5.00466e-01	    1.39570e-01	    3.21677e-02	    5.07495e-02	    6.91547e-03	    1.56859e-02	    1.31910e-02	   -8.65245e-03	    1.45116e-04	    1.76933e-01	    3.33657e-01	    1.57467e-02	    2.47748e-02	    2.65871e-02
    5.05007e-01	    1.39570e-01	    3.15805e-02	    4.95760e-02	    6.95883e-03	    1.55259e-02	    1.31579e-02	   -8.60956e-03	   -1.38142e-04	    1.74371e-01	    3.26463e-01	    1.56233e-02	    2.43610e-02	    2.62190e-02
    5.09565e-01	    1.39570e-01	    3.09975e-02	    4.84225e-02	    6.99914e-03	    1.53655e-02	    1.31201e-02	   -8.56598e-03	   -4.10789e-04	    1.71810e-01	    3.19387e-01	    1.54964e-02	    2.39516e-02	    2.58503e-02
    5.14140e-01	    1.39570e-01	    3.04190e-02	    4.72889e-02	    7.03636e-03	    1.52048e-02	    1.30778e-02	   -8.52163e-03	   -6.72956e-04	    1.69252e-01	    3.12429e-01	    1.53660e-02	    2.35468e-02	    2.54811e-02
    5.18732e-01	    1.39570e-01	    2.98451e-02	    4.61749e-02	    7.07049e-03	    1.50439e-02	    1.30312e-02	   -8.47646e-03	   -9.24780e-04	    1.66698e-01	    3.05587e-01	    1.52322e-02	    2.31464e-02	    2.51118e-02
    5.23341e-01	    1.39570e-01	    2.92759e-02	    4.50805e-02	    7.10151e-03	    1.48828e-02	    1.29804e-02	   -8.43042e-03	   -1.16641e-03	    1.64149e-01	    2.98861e-01	    1.50954e-02	    2.27504e-02	    2.47424e-02
    5.27968e-01	    1.39570e-01	    2.87117e-02	    4.40055e-02	    7.12940e-03	    1.47214e-02	    1.29254e-02	   -8.38344e-03	   -1.39799e-03	    1.61605e-01	    2.92248e-01	    1.49554e-02	    2.23588e-02	    2.43732e-02
    5.32613e-01	    1.39570e-01	    2.81526e-02	    4.29497e-02	    7.15417e-03	    1.45599e-02	    1.28663e-02	   -8.33549e-03	   -1.61967e-03	    1.59070e-01	    2.85749e-01	    1.48126e-02	    2.19715e-02	    2.40044e-02
    5.37275e-01	    1.39570e-01	    2.75987e-02	    4.19130e-02	    7.17582e-03	    1.43982e-02	    1.28033e-02	   -8.28652e-03	   -1.83163e-03	    1.56542e-01	    2.79362e-01	    1.46670e-02	    2.15884e-02	    2.36361e-02
    5.41956e-01	    1.39570e-01	    2.70501e-02	    4.08951e-02	    7.19435e-03	    1.42363e-02	    1.27366e-02	   -8.23648e-03	   -2.03402e-03	    1.54024e-01	    2.73086e-01	    1.45187e-02	    2.12096e-02	    2.32685e-02
    5.46655e-01	    1.39570e-01	    2.65070e-02	    3.98960e-02	    7.20978e-03	    1.40744e-02	    1.26661e-02	   -8.18535e-03	   -2.22700e-03	    1.51516e-01	    2.66919e-01	    1.43679e-02	    2.08350e-02	    2.29018e-02
    5.51373e-01	    1.39570e-01	    2.59695e-02	    3.89155e-02	    7.22211e-03	    1.39124e-02	    1.25920e-02	   -8.13310e-03	   -2.41077e-03	    1.49019e-01	    2.60860e-01	    1.42147e-02	    2.04646e-02	    2.25361e-02
    5.56110e-01	    1.39570e-01	    2.54376e-02	    3.79533e-02	    7.23137e-03	    1.37503e-02	    1.25144e-02	   -8.07969e-03	   -2.58548e-03	    1.46534e-01	    2.54908e-01	    1.40593e-02	    2.00983e-02	    2.21716e-02
    5.60866e-01	    1.39570e-01	    2.49116e-02	    3.70092e-02	    7.23758e-03	    1.35882e-02	    1.24335e-02	   -8.02510e-03	   -2.75132e-03	    1.44062e-01	    2.49062e-01	    1.39017e-02	    1.97361e-02	    2.18085e-02
    5.65641e-01	    1.39570e-01	    2.43915e-02	    3.60832e-02	    7.24076e-03	    1.34261e-02	    1.23494e-02	   -7.96932e-03	   -2.90847e-03	    1.41603e-01	    2.43321e-01	    1.37422e-02	    1.93780e-02	    2.14469e-02
    5.70436e-01	    1.39570e-01	    2.38773e-02	    3.51749e-02	    7.24094e-03	    1.32641e-02	    1.22621e-02	   -7.91232e-03	   -3.05711e-03	    1.39159e-01	    2.37683e-01	    1.35807e-02	    1.90240e-02	    2.10868e-02
    5.75250e-01	    1.39570e-01	    2.33692e-02	    3.42842e-02	    7.23816e-03	    1.31021e-02	    1.21718e-02	   -7.85411e-03	   -3.19742e-03	    1.36731e-01	    2.32147e-01	    1.34176e-02	    1.86740e-02	    2.07286e-02
    5.80085e-01	    1.39570e-01	    2.28673e-02	    3.34109e-02	    7.23244e-03	    1.29401e-02	    1.20786e-02	   -7.79466e-03	   -3.32960e-03	    1.34318e-01	    2.26711e-01	    1.32528e-02	    1.83280e-02	    2.03722e-02
    5.84941e-01	    1.39570e-01	    2.23715e-02	    3.25549e-02	    7.22384e-03	    1.27783e-02	    1.19826e-02	   -7.73398e-03	   -3.45383e-03	    1.31922e-01	    2.21376e-01	    1.30865e-02	    1.79860e-02	    2.00179e-02
    5.89816e-01	    1.39570e-01	    2.18820e-02	    3.17157e-02	    7.21238e-03	    1.26166e-02	    1.18839e-02	   -7.67207e-03	   -3.57029e-03	    1.29543e-01	    2.16139e-01	    1.29188e-02	    1.76481e-02	    1.96656e-02
    5.94713e-01	    1.39570e-01	    2.13988e-02	    3.08934e-02	    7.19811e-03	    1.24551e-02	    1.17826e-02	   -7.60893e-03	   -3.67918e-03	    1.27182e-01	    2.10998e-01	    1.27498e-02	    1.73140e-02	    1.93157e-02
    5.99631e-01	    1.39570e-01	    2.09220e-02	    3.00877e-02	    7.18108e-03	    1.22938e-02	    1.16788e-02	   -7.54456e-03	   -3.78069e-03	    1.24840e-01	    2.05954e-01	    1.25798e-02	    1.69839e-02	    1.89680e-02
    6.04571e-01	    1.39570e-01	    2.04517e-02	    2.92983e-02	    7.16133e-03	    1.21327e-02	    1.15727e-02	   -7.47898e-03	   -3.87500e-03	    1.22517e-01	    2.01004e-01	    1.24087e-02	    1.66578e-02	    1.86228e-02
    6.09532e-01	    1.39570e-01	    1.99878e-02	    2.85250e-02	    7.13892e-03	    1.19718e-02	    1.14644e-02	   -7.41220e-03	   -3.96230e-03	    1.20213e-01	    1.96148e-01	    1.22367e-02	    1.63355e-02	    1.82802e-02
    6.14515e-01	    1.39570e-01	    1.95304e-02	    2.77677e-02	    7.11389e-03	    1.18113e-02	    1.13538e-02	   -7.34423e-03	   -4.04279e-03	    1.17930e-01	    1.91384e-01	    1.20639e-02	    1.60171e-02	    1.79402e-02
    6.19520e-01	    1.39570e-01	    1.90795e-02	    2.70262e-02	    7.08631e-03	    1.16510e-02	    1.12413e-02	   -7.27510e-03	   -4.11664e-03	    1.15667e-01	    1.86711e-01	    1.18904e-02	    1.57026e-02	    1.76029e-02
    6.24548e-01	    1.39570e-01	    1.86352e-02	    2.63002e-02	    7.05621e-03	    1.14911e-02	    1.11268e-02	   -7.20482e-03	   -4.18406e-03	    1.13425e-01	    1.82127e-01	    1.17163e-02	    1.53920e-02	    1.72684e-02
    6.29598e-01	    1.39570e-01	    1.81974e-02	    2.55894e-02	    7.02366e-03	    1.13315e-02	    1.10104e-02	   -7.13341e-03	   -4.24522e-03	    1.11205e-01	    1.77632e-01	    1.15418e-02	    1.50852e-02	    1.69369e-02
    6.34672e-01	    1.39570e-01	    1.77663e-02	    2.48938e-02	    6.98873e-03	    1.11723e-02	    1.08923e-02	   -7.06092e-03	   -4.30031e-03	    1.09007e-01	    1.73224e-01	    1.13669e-02	    1.47823e-02	    1.66083e-02
    6.39769e-01	    1.39570e-01	    1.73417e-02	    2.42131e-02	    6.95145e-03	    1.10135e-02	    1.07726e-02	   -6.98735e-03	   -4.34952e-03	    1.06831e-01	    1.68903e-01	    1.11918e-02	    1.44832e-02	    1.62827e-02
    6.44890e-01	    1.39570e-01	    1.69238e-02	    2.35470e-02	    6.91191e-03	    1.08552e-02	    1.06513e-02	   -6.91275e-03	   -4.39303e-03	    1.04678e-01	    1.64666e-01	    1.10165e-02	    1.41879e-02	    1.59602e-02
    6.50035e-01	    1.39570e-01	    1.65124e-02	    2.28954e-02	    6.87015e-03	    1.06973e-02	    1.05286e-02	   -6.83714e-03	   -4.43101e-03	    1.02548e-01	    1.60513e-01	    1.08411e-02	    1.38964e-02	    1.56410e-02
    6.55204e-01	    1.39570e-01	    1.61077e-02	    2.22580e-02	    6.82624e-03	    1.05400e-02	    1.04045e-02	   -6.76057e-03	   -4.46366e-03	    1.00441e-01	    1.56442e-01	    1.06658e-02	    1.36087e-02	    1.53249e-02
    6.60398e-01	    1.39570e-01	    1.57095e-02	    2.16346e-02	    6.78024e-03	    1.03832e-02	    1.02792e-02	   -6.68306e-03	   -4.49114e-03	    9.83575e-02	    1.52453e-01	    1.04905e-02	    1.33247e-02	    1.50122e-02
    6.65617e-01	    1.39570e-01	    1.53180e-02	    2.10251e-02	    6.73222e-03	    1.02269e-02	    1.01527e-02	   -6.60465e-03	   -4.51364e-03	    9.62981e-02	    1.48544e-01	    1.03155e-02	    1.30446e-02	    1.47028e-02
    6.70861e-01	    1.39570e-01	    1.49331e-02	    2.04292e-02	    6.68223e-03	    1.00713e-02	    1.00251e-02	   -6.52539e-03	   -4.53132e-03	    9.42629e-02	    1.44713e-01	    1.01408e-02	    1.27681e-02	    1.43967e-02
    6.76130e-01	    1.39570e-01	    1.45547e-02	    1.98467e-02	    6.63035e-03	    9.91623e-03	    9.89656e-03	   -6.44531e-03	   -4.54436e-03	    9.22521e-02	    1.40961e-01	    9.96654e-03	    1.24954e-02	    1.40942e-02
    6.81425e-01	    1.39570e-01	    1.41828e-02	    1.92774e-02	    6.57664e-03	    9.76183e-03	    9.76709e-03	   -6.36446e-03	   -4.55293e-03	    9.02658e-02	    1.37286e-01	    9.79270e-03	    1.22265e-02	    1.37951e-02
    6.86747e-01	    1.39570e-01	    1.38175e-02	    1.87210e-02	    6.52116e-03	    9.60810e-03	    9.63680e-03	   -6.28288e-03	   -4.55719e-03	    8.83043e-02	    1.33686e-01	    9.61942e-03	    1.19612e-02	    1.34995e-02
    6.92095e-01	    1.39570e-01	    1.34586e-02	    1.81775e-02	    6.46397e-03	    9.45508e-03	    9.50578e-03	   -6.20060e-03	   -4.55732e-03	    8.63678e-02	    1.30160e-01	    9.44676e-03	    1.16996e-02	    1.32075e-02
    6.97470e-01	    1.39570e-01	    1.31063e-02	    1.76465e-02	    6.40516e-03	    9.30279e-03	    9.37411e-03	   -6.11769e-03	   -4.55347e-03	    8.44564e-02	    1.26708e-01	    9.27481e-03	    1.14418e-02	    1.29191e-02
    7.02873e-01	    1.39570e-01	    1.27603e-02	    1.71278e-02	    6.34477e-03	    9.15125e-03	    9.24188e-03	   -6.03417e-03	   -4.54580e-03	    8.25702e-02	    1.23328e-01	    9.10365e-03	    1.11876e-02	    1.26343e-02
    7.08303e-01	    1.39570e-01	    1.24208e-02	    1.66214e-02	    6.28287e-03	    9.00050e-03	    9.10915e-03	   -5.95011e-03	   -4.53447e-03	    8.07095e-02	    1.20019e-01	    8.93333e-03	    1.09370e-02	    1.23531e-02
    7.13761e-01	    1.39570e-01	    1.20876e-02	    1.61269e-02	    6.21954e-03	    8.85057e-03	    8.97601e-03	   -5.86553e-03	   -4.51963e-03	    7.88741e-02	    1.16780e-01	    8.76393e-03	    1.06901e-02	    1.20757e-02
    7.19247e-01	    1.39570e-01	    1.17607e-02	    1.56441e-02	    6.15483e-03	    8.70147e-03	    8.84254e-03	   -5.78050e-03	   -4.50144e-03	    7.70644e-02	    1.13610e-01	    8.59552e-03	    1.04468e-02	    1.18019e-02
    7.24762e-01	    1.39570e-01	    1.14401e-02	    1.51729e-02	    6.08881e-03	    8.55323e-03	    8.70880e-03	   -5.69506e-03	   -4.48005e-03	    7.52803e-02	    1.10508e-01	    8.42816e-03	    1.02072e-02	    1.15318e-02
    7.30306e-01	    1.39570e-01	    1.11258e-02	    1.47130e-02	    6.02155e-03	    8.40589e-03	    8.57488e-03	   -5.60925e-03	   -4.45560e-03	    7.35219e-02	    1.07473e-01	    8.26192e-03	    9.97114e-03	    1.12655e-02
    7.35879e-01	    1.39570e-01	    1.08176e-02	    1.42643e-02	    5.95311e-03	    8.25947e-03	    8.44083e-03	   -5.52312e-03	   -4.42823e-03	    7.17892e-02	    1.04504e-01	    8.09684e-03	    9.73868e-03	    1.10030e-02
    7.41482e-01	    1.39570e-01	    1.05156e-02	    1.38266e-02	    5.88354e-03	    8.11398e-03	    8.30674e-03	   -5.43672e-03	   -4.39809e-03	    7.00823e-02	    1.01599e-01	    7.93300e-03	    9.50978e-03	    1.07442e-02
    7.47116e-01	    1.39570e-01	    1.02196e-02	    1.33997e-02	    5.81293e-03	    7.96947e-03	    8.17267e-03	   -5.35010e-03	   -4.36531e-03	    6.84012e-02	    9.87582e-02	    7.77043e-03	    9.28444e-03	    1.04891e-02
    7.52780e-01	    1.39570e-01	    9.92968e-03	    1.29833e-02	    5.74133e-03	    7.82595e-03	    8.03869e-03	   -5.26331e-03	   -4.33003e-03	    6.67459e-02	    9.59800e-02	    7.60920e-03	    9.06264e-03	    1.02379e-02
    7.58475e-01	    1.39570e-01	    9.64574e-03	    1.25773e-02	    5.66879e-03	    7.68345e-03	    7.90485e-03	   -5.17638e-03	   -4.29238e-03	    6.51164e-02	    9.32636e-02	    7.44936e-03	    8.84436e-03	    9.99042e-03
    7.64201e-01	    1.39570e-01	    9.36772e-03	    1.21815e-02	    5.59540e-03	    7.54199e-03	    7.77123e-03	   -5.08938e-03	   -4.25249e-03	    6.35126e-02	    9.06078e-02	    7.29095e-03	    8.62958e-03	    9.74675e-03
    7.69959e-01	    1.39570e-01	    9.09556e-03	    1.17957e-02	    5.52119e-03	    7.40160e-03	    7.63788e-03	   -5.00233e-03	   -4.21048e-03	    6.19346e-02	    8.80118e-02	    7.13403e-03	    8.41828e-03	    9.50686e-03
    7.75750e-01	    1.39570e-01	    8.82921e-03	    1.14197e-02	    5.44625e-03	    7.26229e-03	    7.50487e-03	   -4.91530e-03	   -4.16649e-03	    6.03822e-02	    8.54745e-02	    6.97862e-03	    8.21045e-03	    9.27077e-03
    7.81573e-01	    1.39570e-01	    8.56859e-03	    1.10534e-02	    5.37062e-03	    7.12410e-03	    7.37225e-03	   -4.82833e-03	   -4.12062e-03	    5.88554e-02	    8.29949e-02	    6.82478e-03	    8.00607e-03	    9.03846e-03
    7.87429e-01	    1.39570e-01	    8.31366e-03	    1.06965e-02	    5.29436e-03	    6.98704e-03	    7.24008e-03	   -4.74145e-03	   -4.07299e-03	    5.73542e-02	    8.05721e-02	    6.67255e-03	    7.80512e-03	    8.80994e-03
    7.93319e-01	    1.39570e-01	    8.06435e-03	    1.03490e-02	    5.21754e-03	    6.85114e-03	    7.10841e-03	   -4.65472e-03	   -4.02373e-03	    5.58785e-02	    7.82052e-02	    6.52195e-03	    7.60757e-03	    8.58519e-03
    7.99243e-01	    1.39570e-01	    7.82059e-03	    1.00105e-02	    5.14020e-03	    6.71642e-03	    6.97730e-03	   -4.56818e-03	   -3.97294e-03	    5.44281e-02	    7.58933e-02	    6.37303e-03	    7.41342e-03	    8.36421e-03
    8.05201e-01	    1.39570e-01	    7.58232e-03	    9.68094e-03	    5.06242e-03	    6.58289e-03	    6.84680e-03	   -4.48187e-03	   -3.92073e-03	    5.30031e-02	    7.36353e-02	    6.22583e-03	    7.22263e-03	    8.14699e-03
    8.11194e-01	    1.39570e-01	    7.34947e-03	    9.36014e-03	    4.98423e-03	    6.45058e-03	    6.71696e-03	   -4.39583e-03	   -3.86721e-03	    5.16032e-02	    7.14303e-02	    6.08036e-03	    7.03518e-03	    7.93352e-03
    8.17222e-01	    1.39570e-01	    7.12197e-03	    9.04792e-03	    4.90571e-03	    6.31951e-03	    6.58783e-03	   -4.31011e-03	   -3.81247e-03	    5.02283e-02	    6.92776e-02	    5.93666e-03	    6.85106e-03	    7.72378e-03
    8.23287e-01	    1.39570e-01	    6.89976e-03	    8.74411e-03	    4.82689e-03	    6.18969e-03	    6.45945e-03	   -4.22474e-03	   -3.75662e-03	    4.88784e-02	    6.71760e-02	    5.79477e-03	    6.67024e-03	    7.51777e-03
    8.29387e-01	    1.39570e-01	    6.68276e-03	    8.44854e-03	    4.74784e-03	    6.06115e-03	    6.33188e-03	   -4.13976e-03	   -3.69976e-03	    4.75533e-02	    6.51249e-02	    5.65469e-03	    6.49270e-03	    7.31545e-03
    8.35524e-01	    1.39570e-01	    6.47091e-03	    8.16105e-03	    4.66860e-03	    5.93391e-03	    6.20515e-03	   -4.05522e-03	   -3.64197e-03	    4.62528e-02	    6.31232e-02	    5.51646e-03	    6.31841e-03	    7.11683e-03
    8.41699e-01	    1.39570e-01	    6.26414e-03	    7.88146e-03	    4.58923e-03	    5.80797e-03	    6.07931e-03	   -3.97114e-03	   -3.58336e-03	    4.49768e-02	    6.11701e-02	    5.38010e-03	    6.14735e-03	    6.92187e-03
    8.47911e-01	    1.39570e-01	    6.06237e-03	    7.60963e-03	    4.50977e-03	    5.68336e-03	    5.95439e-03	   -3.88758e-03	   -3.52401e-03	    4.37252e-02	    5.92648e-02	    5.24564e-03	    5.97950e-03	    6.73056e-03
    8.54162e-01	    1.39570e-01	    5.86554e-03	    7.34538e-03	    4.43028e-03	    5.56009e-03	    5.83045e-03	   -3.80455e-03	   -3.46400e-03	    4.24977e-02	    5.74064e-02	    5.11307e-03	    5.81483e-03	    6.54287e-03
    8.60452e-01	    1.39570e-01	    5.67357e-03	    7.08856e-03	    4.35080e-03	    5.43819e-03	    5.70751e-03	   -3.72210e-03	   -3.40342e-03	    4.12942e-02	    5.55941e-02	    4.98244e-03	    5.65331e-03	    6.35879e-03
    8.66781e-01	    1.39570e-01	    5.48638e-03	    6.83902e-03	    4.27138e-03	    5.31765e-03	    5.58561e-03	   -3.64027e-03	   -3.34234e-03	    4.01146e-02	    5.38270e-02	    4.85374e-03	    5.49492e-03	    6.17829e-03
    8.73149e-01	    1.39570e-01	    5.30392e-03	    6.59659e-03	    4.19207e-03	    5.19851e-03	    5.46479e-03	   -3.55907e-03	   -3.28086e-03	    3.89585e-02	    5.21043e-02	    4.72699e-03	    5.33964e-03	    6.00135e-03
    8.79559e-01	    1.39570e-01	    5.12610e-03	    6.36114e-03	    4.11290e-03	    5.08076e-03	    5.34509e-03	   -3.47855e-03	   -3.21903e-03	    3.78259e-02	    5.04252e-02	    4.60221e-03	    5.18744e-03	    5.82793e-03
    8.86009e-01	    1.39570e-01	    4.95286e-03	    6.13249e-03	    4.03393e-03	    4.96443e-03	    5.22653e-03	   -3.39873e-03	   -3.15694e-03	    3.67166e-02	    4.87889e-02	    4.47940e-03	    5.03828e-03	    5.65802e-03
    8.92501e-01	    1.39570e-01	    4.78411e-03	    5.91052e-03	    3.95519e-03	    4.84953e-03	    5.10914e-03	   -3.31965e-03	   -3.09465e-03	    3.56303e-02	    4.71946e-02	    4.35858e-03	    4.89214e-03	    5.49158e-03
    8.99035e-01	    1.39570e-01	    4.61978e-03	    5.69507e-03	    3.87672e-03	    4.73606e-03	    4.99296e-03	   -3.24132e-03	   -3.03223e-03	    3.45668e-02	    4.56415e-02	    4.23974e-03	    4.74900e-03	    5.32859e-03
    9.05611e-01	    1.39570e-01	    4.45981e-03	    5.48599e-03	    3.79857e-03	    4.62405e-03	    4.87801e-03	   -3.16379e-03	   -2.96974e-03	    3.35259e-02	    4.41288e-02	    4.12290e-03	    4.60882e-03	    5.16901e-03
    9.12231e-01	    1.39570e-01	    4.30412e-03	    5.28315e-03	    3.72077e-03	    4.51349e-03	    4.76432e-03	   -3.08707e-03	   -2.90726e-03	    3.25074e-02	    4.26558e-02	    4.00807e-03	    4.47158e-03	    5.01282e-03
    9.18895e-01	    1.39570e-01	    4.15264e-03	    5.08641e-03	    3.64337e-03	    4.40440e-03	    4.65191e-03	   -3.01118e-03	   -2.84483e-03	    3.15110e-02	    4.12217e-02	    3.89523e-03	    4.33725e-03	    4.85998e-03
    9.25604e-01	    1.39570e-01	    4.00528e-03	    4.89562e-03	    3.56639e-03	    4.29678e-03	    4.54081e-03	   -2.93616e-03	   -2.78251e-03	    3.05366e-02	    3.98257e-02	    3.78440e-03	    4.20579e-03	    4.71046e-03
    9.32358e-01	    1.39570e-01	    3.86199e-03	    4.71065e-03	    3.48987e-03	    4.19066e-03	    4.43105e-03	   -2.86203e-03	   -2.72037e-03	    2.95839e-02	    3.84672e-02	    3.67558e-03	    4.07718e-03	    4.56423e-03
    9.39157e-01	    1.39570e-01	    3.72268e-03	    4.53137e-03	    3.41386e-03	    4.08602e-03	    4.32264e-03	   -2.78879e-03	   -2.65844e-03	    2.86527e-02	    3.71454e-02	    3.56876e-03	    3.95139e-03	    4.42126e-03
    9.46003e-01	    1.39570e-01	    3.58728e-03	    4.35764e-03	    3.33837e-03	    3.98289e-03	    4.21560e-03	   -2.71649e-03	   -2.59679e-03	    2.77426e-02	    3.58595e-02	    3.46395e-03	    3.82838e-03	    4.28150e-03
    9.52896e-01	    1.39570e-01	    3.45572e-03	    4.18934e-03	    3.26344e-03	    3.88126e-03	    4.10996e-03	   -2.64512e-03	   -2.53546e-03	    2.68536e-02	    3.46090e-02	    3.36113e-03	    3.70813e-03	    4.14493e-03
    9.59837e-01	    1.39570e-01	    3.32794e-03	    4.02634e-03	    3.18911e-03	    3.78114e-03	    4.00572e-03	   -2.57472e-03	   -2.47450e-03	    2.59852e-02	    3.33929e-02	    3.26031e-03	    3.59059e-03	    4.01151e-03
    9.66826e-01	    1.39570e-01	    3.20384e-03	    3.86850e-03	    3.11540e-03	    3.68254e-03	    3.90291e-03	   -2.50530e-03	   -2.41395e-03	    2.51374e-02	    3.22107e-02	    3.16148e-03	    3.47576e-03	    3.88120e-03
    9.73865e-01	    1.39570e-01	    3.08338e-03	    3.71571e-03	    3.04234e-03	    3.58546e-03	    3.80155e-03	   -2.43687e-03	   -2.35386e-03	    2.43098e-02	    3.10617e-02	    3.06462e-03	    3.36358e-03	    3.75397e-03
    9.80953e-01	    1.39570e-01	    2.96646e-03	    3.56784e-03	    2.96996e-03	    3.48991e-03	    3.70164e-03	   -2.36945e-03	   -2.29425e-03	    2.35021e-02	    2.99452e-02	    2.96975e-03	    3.25402e-03	    3.62977e-03
    9.88092e-01	    1.39570e-01	    2.85303e-03	    3.42477e-03	    2.89828e-03	    3.39588e-03	    3.60320e-03	   -2.30305e-03	   -2.23518e-03	    2.27141e-02	    2.88605e-02	    2.87684e-03	    3.14707e-03	    3.50858e-03
    9.95282e-01	    1.39570e-01	    2.74301e-03	    3.28638e-03	    2.82733e-03	    3.30338e-03	    3.50624e-03	   -2.23768e-03	   -2.17667e-03	    2.19456e-02	    2.78070e-02	    2.78588e-03	    3.04267e-03	    3.39034e-03
    1.00252e+00	    1.39570e-01	    2.63634e-03	    3.15257e-03	    2.75714e-03	    3.21241e-03	    3.41077e-03	   -2.17336e-03	   -2.11876e-03	    2.11963e-02	    2.67840e-02	    2.69688e-03	    2.94080e-03	    3.27503e-03
    1.00982e+00	    1.39570e-01	    2.53293e-03	    3.02320e-03	    2.68772e-03	    3.12297e-03	    3.31680e-03	   -2.11010e-03	   -2.06149e-03	    2.04658e-02	    2.57909e-02	    2.60980e-03	    2.84143e-03	    3.16261e-03
    1.01717e+00	    1.39570e-01	    2.43273e-03	    2.89817e-03	    2.61910e-03	    3.03506e-03	    3.22434e-03	   -2.04790e-03	   -2.00487e-03	    1.97541e-02	    2.48270e-02	    2.52465e-03	    2.74452e-03	    3.05303e-03
    1.02457e+00	    1.39570e-01	    2.33566e-03	    2.77738e-03	    2.55130e-03	    2.94869e-03	    3.13340e-03	   -1.98677e-03	   -1.94895e-03	    1.90606e-02	    2.38917e-02	    2.44140e-03	    2.65003e-03	    2.94625e-03
    1.03203e+00	    1.39570e-01	    2.24166e-03	    2.66070e-03	    2.48433e-03	    2.86384e-03	    3.04399e-03	   -1.92672e-03	   -1.89374e-03	    1.83853e-02	    2.29845e-02	    2.36005e-03	    2.55794e-03	    2.84224e-03
    1.03954e+00	    1.39570e-01	    2.15066e-03	    2.54803e-03	    2.41823e-03	    2.78052e-03	    2.95610e-03	   -1.86776e-03	   -1.83927e-03	    1.77279e-02	    2.21046e-02	    2.28058e-03	    2.46821e-03	    2.74095e-03
    1.04712e+00	    1.39570e-01	    2.06259e-03	    2.43927e-03	    2.35300e-03	    2.69873e-03	    2.86974e-03	   -1.80989e-03	   -1.78557e-03	    1.70879e-02	    2.12514e-02	    2.20296e-03	    2.38081e-03	    2.64235e-03
    1.05474e+00	    1.39570e-01	    1.97739e-03	    2.33431e-03	    2.28866e-03	    2.61846e-03	    2.78493e-03	   -1.75311e-03	   -1.73265e-03	    1.64653e-02	    2.04245e-02	    2.12720e-03	    2.29570e-03	    2.54639e-03
    1.06243e+00	    1.39570e-01	    1.89498e-03	    2.23306e-03	    2.22523e-03	    2.53971e-03	    2.70165e-03	   -1.69743e-03	   -1.68053e-03	    1.58597e-02	    1.96232e-02	    2.05326e-03	    2.21284e-03	    2.45303e-03
    1.07018e+00	    1.39570e-01	    1.81532e-03	    2.13540e-03	    2.16272e-03	    2.46247e-03	    2.61991e-03	   -1.64285e-03	   -1.62924e-03	    1.52708e-02	    1.88468e-02	    1.98114e-03	    2.13221e-03	    2.36224e-03
    1.07799e+00	    1.39570e-01	    1.73832e-03	    2.04125e-03	    2.10114e-03	    2.38675e-03	    2.53971e-03	   -1.58937e-03	   -1.57879e-03	    1.46983e-02	    1.80950e-02	    1.91081e-03	    2.05376e-03	    2.27396e-03
    1.08586e+00	    1.39570e-01	    1.66393e-03	    1.95051e-03	    2.04051e-03	    2.31252e-03	    2.46105e-03	   -1.53699e-03	   -1.52919e-03	    1.41421e-02	    1.73670e-02	    1.84225e-03	    1.97747e-03	    2.18816e-03
    1.09379e+00	    1.39570e-01	    1.59209e-03	    1.86308e-03	    1.98084e-03	    2.23980e-03	    2.38393e-03	   -1.48572e-03	   -1.48046e-03	    1.36017e-02	    1.66624e-02	    1.77545e-03	    1.90330e-03	    2.10480e-03
    1.10178e+00	    1.39570e-01	    1.52273e-03	    1.77887e-03	    1.92213e-03	    2.16857e-03	    2.30835e-03	   -1.43554e-03	   -1.43260e-03	    1.30769e-02	    1.59806e-02	    1.71038e-03	    1.83121e-03	    2.02383e-03
    1.10984e+00	    1.39570e-01	    1.45579e-03	    1.69779e-03	    1.86441e-03	    2.09882e-03	    2.23430e-03	   -1.38647e-03	   -1.38564e-03	    1.25675e-02	    1.53210e-02	    1.64702e-03	    1.76117e-03	    1.94522e-03
    1.11796e+00	    1.39570e-01	    1.39121e-03	    1.61974e-03	    1.80767e-03	    2.03056e-03	    2.16178e-03	   -1.33849e-03	   -1.33958e-03	    1.20732e-02	    1.46831e-02	    1.58535e-03	    1.69314e-03	    1.86891e-03
    1.12615e+00	    1.39570e-01	    1.32893e-03	    1.54465e-03	    1.75193e-03	    1.96376e-03	    2.09078e-03	   -1.29160e-03	   -1.29443e-03	    1.15937e-02	    1.40665e-02	    1.52536e-03	    1.62709e-03	    1.79488e-03
    1.13441e+00	    1.39570e-01	    1.26889e-03	    1.47243e-03	    1.69719e-03	    1.89842e-03	    2.02130e-03	   -1.24580e-03	   -1.25019e-03	    1.11286e-02	    1.34705e-02	    1.46701e-03	    1.56298e-03	    1.72307e-03
    1.14273e+00	    1.39570e-01	    1.21103e-03	    1.40298e-03	    1.64345e-03	    1.83453e-03	    1.95334e-03	   -1.20109e-03	   -1.20687e-03	    1.06778e-02	    1.28947e-02	    1.41028e-03	    1.50078e-03	    1.65346e-03
    1.15112e+00	    1.39570e-01	    1.15531e-03	    1.33624e-03	    1.59073e-03	    1.77208e-03	    1.88688e-03	   -1.15745e-03	   -1.16448e-03	    1.02410e-02	    1.23386e-02	    1.35516e-03	    1.44046e-03	    1.58598e-03
    1.15959e+00	    1.39570e-01	    1.10164e-03	    1.27211e-03	    1.53902e-03	    1.71107e-03	    1.82192e-03	   -1.11488e-03	   -1.12301e-03	    9.81787e-03	    1.18017e-02	    1.30162e-03	    1.38197e-03	    1.52061e-03
    1.16812e+00	    1.39570e-01	    1.05000e-03	    1.21053e-03	    1.48834e-03	    1.65147e-03	    1.75845e-03	   -1.07337e-03	   -1.08248e-03	    9.40813e-03	    1.12835e-02	    1.24963e-03	    1.32529e-03	    1.45730e-03
    1.17673e+00	    1.39570e-01	    1.00030e-03	    1.15140e-03	    1.43867e-03	    1.59329e-03	    1.69646e-03	   -1.03292e-03	   -1.04287e-03	    9.01154e-03	    1.07835e-02	    1.19917e-03	    1.27037e-03	    1.39601e-03
    1.18541e+00	    1.39570e-01	    9.52517e-04	    1.09466e-03	    1.39003e-03	    1.53649e-03	    1.63594e-03	   -9.93520e-04	   -1.00420e-03	    8.62781e-03	    1.03013e-02	    1.15021e-03	    1.21719e-03	    1.33671e-03
    1.19417e+00	    1.39570e-01	    9.06578e-04	    1.04023e-03	    1.34242e-03	    1.48108e-03	    1.57688e-03	   -9.55156e-04	   -9.66464e-04	    8.25669e-03	    9.83638e-03	    1.10274e-03	    1.16572e-03	    1.27933e-03
    1.20300e+00	    1.39570e-01	    8.62436e-04	    9.88036e-04	    1.29582e-03	    1.42706e-03	    1.51927e-03	   -9.17822e-04	   -9.29654e-04	    7.89789e-03	    9.38829e-03	    1.05673e-03	    1.11590e-03	    1.22386e-03
    1.21192e+00	    1.39570e-01	    8.20038e-04	    9.38010e-04	    1.25026e-03	    1.37439e-03	    1.46309e-03	   -8.81506e-04	   -8.93770e-04	    7.55115e-03	    8.95659e-03	    1.01215e-03	    1.06772e-03	    1.17024e-03
    1.22090e+00	    1.39570e-01	    7.79335e-04	    8.90082e-04	    1.20571e-03	    1.32306e-03	    1.40834e-03	   -8.46199e-04	   -8.58809e-04	    7.21621e-03	    8.54084e-03	    9.68969e-04	    1.02113e-03	    1.11844e-03
    1.22997e+00	    1.39570e-01	    7.40275e-04	    8.44182e-04	    1.16219e-03	    1.27306e-03	    1.35500e-03	   -8.11889e-04	   -8.24766e-04	    6.89279e-03	    8.14061e-03	    9.27173e-04	    9.76112e-04	    1.06842e-03
    1.23912e+00	    1.39570e-01	    7.02809e-04	    8.00244e-04	    1.11968e-03	    1.22438e-03	    1.30306e-03	   -7.78565e-04	   -7.91637e-04	    6.58064e-03	    7.75547e-03	    8.86732e-04	    9.32619e-04	    1.02013e-03
    1.24836e+00	    1.39570e-01	    6.66889e-04	    7.58203e-04	    1.07818e-03	    1.17701e-03	    1.25249e-03	   -7.46215e-04	   -7.59415e-04	    6.27950e-03	    7.38499e-03	    8.47621e-04	    8.90620e-04	    9.73536e-04
    1.25767e+00	    1.39570e-01	    6.32467e-04	    7.17994e-04	    1.03770e-03	    1.13092e-03	    1.20330e-03	   -7.14826e-04	   -7.28092e-04	    5.98910e-03	    7.02878e-03	    8.09813e-04	    8.50084e-04	    9.28599e-04
    1.26708e+00	    1.39570e-01	    5.99497e-04	    6.79557e-04	    9.98219e-04	    1.08610e-03	    1.15546e-03	   -6.84385e-04	   -6.97663e-04	    5.70919e-03	    6.68643e-03	    7.73282e-04	    8.10975e-04	    8.85279e-04
    1.27656e+00	    1.39570e-01	    5.67932e-04	    6.42830e-04	    9.59736e-04	    1.04254e-03	    1.10896e-03	   -6.54879e-04	   -6.68118e-04	    5.43951e-03	    6.35752e-03	    7.38003e-04	    7.73262e-04	    8.43537e-04
    1.28614e+00	    1.39570e-01	    5.37728e-04	    6.07753e-04	    9.22247e-04	    1.00022e-03	    1.06378e-03	   -6.26295e-04	   -6.39449e-04	    5.17981e-03	    6.04169e-03	    7.03949e-04	    7.36912e-04	    8.03335e-04
    1.29581e+00	    1.39570e-01	    5.08841e-04	    5.74269e-04	    8.85743e-04	    9.59124e-04	    1.01990e-03	   -5.98618e-04	   -6.11645e-04	    4.92985e-03	    5.73853e-03	    6.71095e-04	    7.01891e-04	    7.64634e-04
    1.30557e+00	    1.39570e-01	    4.81226e-04	    5.42322e-04	    8.50217e-04	    9.19233e-04	    9.77312e-04	   -5.71834e-04	   -5.84698e-04	    4.68936e-03	    5.44768e-03	    6.39413e-04	    6.68167e-04	    7.27395e-04
    1.31542e+00	    1.39570e-01	    4.54843e-04	    5.11855e-04	    8.15660e-04	    8.80531e-04	    9.35992e-04	   -5.45929e-04	   -5.58596e-04	    4.45811e-03	    5.16876e-03	    6.08878e-04	    6.35708e-04	    6.91583e-04
    1.32536e+00	    1.39570e-01	    4.29648e-04	    4.82815e-04	    7.82066e-04	    8.43001e-04	    8.95925e-04	   -5.20887e-04	   -5.33329e-04	    4.23584e-03	    4.90141e-03	    5.79464e-04	    6.04482e-04	    6.57158e-04
    1.33540e+00	    1.39570e-01	    4.05602e-04	    4.55150e-04	    7.49423e-04	    8.06625e-04	    8.57091e-04	   -4.96694e-04	   -5.08884e-04	    4.02233e-03	    4.64527e-03	    5.51145e-04	    5.74458e-04	    6.24084e-04
    1.34554e+00	    1.39570e-01	    3.82665e-04	    4.28809e-04	    7.17724e-04	    7.71385e-04	    8.19473e-04	   -4.73333e-04	   -4.85250e-04	    3.81733e-03	    4.40000e-03	    5.23894e-04	    5.45604e-04	    5.92326e-04
    1.35578e+00	    1.39570e-01	    3.60798e-04	    4.03742e-04	    6.86956e-04	    7.37263e-04	    7.83050e-04	   -4.50791e-04	   -4.62413e-04	    3.62061e-03	    4.16524e-03	    4.97687e-04	    5.17889e-04	    5.61845e-04
    1.36612e+00	    1.39570e-01	    3.39962e-04	    3.79901e-04	    6.57111e-04	    7.04241e-04	    7.47804e-04	   -4.29049e-04	   -4.40362e-04	    3.43192e-03	    3.94067e-03	    4.72496e-04	    4.91283e-04	    5.32608e-04
    1.37656e+00	    1.39570e-01	    3.20121e-04	    3.57237e-04	    6.28176e-04	    6.72299e-04	    7.13716e-04	   -4.08093e-04	   -4.19082e-04	    3.25105e-03	    3.72594e-03	    4.48296e-04	    4.65754e-04	    5.04578e-04
    1.38711e+00	    1.39570e-01	    3.01238e-04	    3.35706e-04	    6.00140e-04	    6.41420e-04	    6.80764e-04	   -3.87907e-04	   -3.98560e-04	    3.07777e-03	    3.52075e-03	    4.25063e-04	    4.41274e-04	    4.77720e-04
    1.39776e+00	    1.39570e-01	    2.83278e-04	    3.15263e-04	    5.72992e-04	    6.11583e-04	    6.48930e-04	   -3.68474e-04	   -3.78783e-04	    2.91185e-03	    3.32477e-03	    4.02769e-04	    4.17810e-04	    4.52001e-04
    1.40853e+00	    1.39570e-01	    2.66206e-04	    2.95864e-04	    5.46718e-04	    5.82769e-04	    6.18192e-04	   -3.49777e-04	   -3.59735e-04	    2.75307e-03	    3.13769e-03	    3.81390e-04	    3.95337e-04	    4.27385e-04
    1.41940e+00	    1.39570e-01	    2.49987e-04	    2.77467e-04	    5.21307e-04	    5.54959e-04	    5.88531e-04	   -3.31800e-04	   -3.41402e-04	    2.60121e-03	    2.95920e-03	    3.60902e-04	    3.73823e-04	    4.03841e-04
    1.43039e+00	    1.39570e-01	    2.34590e-04	    2.60032e-04	    4.96744e-04	    5.28134e-04	    5.59925e-04	   -3.14527e-04	   -3.23770e-04	    2.45606e-03	    2.78902e-03	    3.41278e-04	    3.53240e-04	    3.81334e-04
    1.44149e+00	    1.39570e-01	    2.19982e-04	    2.43517e-04	    4.73016e-04	    5.02274e-04	    5.32353e-04	   -2.97940e-04	   -3.06823e-04	    2.31740e-03	    2.62685e-03	    3.22495e-04	    3.33560e-04	    3.59832e-04
    1.45270e+00	    1.39570e-01	    2.06131e-04	    2.27886e-04	    4.50110e-04	    4.77359e-04	    5.05795e-04	   -2.82024e-04	   -2.90546e-04	    2.18503e-03	    2.47240e-03	    3.04527e-04	    3.14754e-04	    3.39303e-04
    1.46404e+00	    1.39570e-01	    1.93007e-04	    2.13099e-04	    4.28012e-04	    4.53369e-04	    4.80228e-04	   -2.66761e-04	   -2.74925e-04	    2.05875e-03	    2.32539e-03	    2.87352e-04	    2.96796e-04	    3.19715e-04
    1.47549e+00	    1.39570e-01	    1.80581e-04	    1.99121e-04	    4.06706e-04	    4.30283e-04	    4.55631e-04	   -2.52135e-04	   -2.59942e-04	    1.93835e-03	    2.18556e-03	    2.70944e-04	    2.79658e-04	    3.01038e-04
    1.48707e+00	    1.39570e-01	    1.68823e-04	    1.85917e-04	    3.86178e-04	    4.08083e-04	    4.31983e-04	   -2.38128e-04	   -2.45584e-04	    1.82363e-03	    2.05264e-03	    2.55280e-04	    2.63314e-04	    2.83241e-04
    1.49878e+00	    1.39570e-01	    1.57705e-04	    1.73452e-04	    3.66414e-04	    3.86746e-04	    4.09262e-04	   -2.24725e-04	   -2.31833e-04	    1.71439e-03	    1.92637e-03	    2.40336e-04	    2.47737e-04	    2.66293e-04
    1.51061e+00	    1.39570e-01	    1.47201e-04	    1.61693e-04	    3.47398e-04	    3.66255e-04	    3.87447e-04	   -2.11908e-04	   -2.18675e-04	    1.61046e-03	    1.80650e-03	    2.26091e-04	    2.32901e-04	    2.50166e-04
    1.52257e+00	    1.39570e-01	    1.37283e-04	    1.50609e-04	    3.29114e-04	    3.46588e-04	    3.66515e-04	   -1.99660e-04	   -2.06093e-04	    1.51163e-03	    1.69277e-03	    2.12520e-04	    2.18781e-04	    2.34830e-04
    1.53467e+00	    1.39570e-01	    1.27926e-04	    1.40168e-04	    3.11548e-04	    3.27725e-04	    3.46445e-04	   -1.87967e-04	   -1.94072e-04	    1.41773e-03	    1.58495e-03	    1.99601e-04	    2.05353e-04	    2.20257e-04
    1.54690e+00	    1.39570e-01	    1.19104e-04	    1.30341e-04	    2.94683e-04	    3.09645e-04	    3.27215e-04	   -1.76809e-04	   -1.82596e-04	    1.32857e-03	    1.48281e-03	    1.87312e-04	    1.92590e-04	    2.06419e-04
    1.55927e+00	    1.39570e-01	    1.10795e-04	    1.21097e-04	    2.78503e-04	    2.92330e-04	    3.08804e-04	   -1.66172e-04	   -1.71649e-04	    1.24398e-03	    1.38611e-03	    1.75631e-04	    1.80471e-04	    1.93289e-04
    1.57178e+00	    1.39570e-01	    1.02973e-04	    1.12411e-04	    2.62992e-04	    2.75757e-04	    2.91188e-04	   -1.56040e-04	   -1.61215e-04	    1.16379e-03	    1.29463e-03	    1.64537e-04	    1.68970e-04	    1.80840e-04
    1.58443e+00	    1.39570e-01	    9.56172e-05	    1.04253e-04	    2.48134e-04	    2.59907e-04	    2.74347e-04	   -1.46395e-04	   -1.51278e-04	    1.08782e-03	    1.20816e-03	    1.54008e-04	    1.58064e-04	    1.69046e-04
    1.59723e+00	    1.39570e-01	    8.87047e-05	    9.65992e-05	    2.33913e-04	    2.44761e-04	    2.58259e-04	   -1.37222e-04	   -1.41823e-04	    1.01591e-03	    1.12648e-03	    1.44024e-04	    1.47732e-04	    1.57881e-04
    1.61018e+00	    1.39570e-01	    8.22144e-05	    8.94237e-05	    2.20313e-04	    2.30298e-04	    2.42902e-04	   -1.28506e-04	   -1.32835e-04	    9.47896e-04	    1.04938e-03	    1.34565e-04	    1.37950e-04	    1.47320e-04
    1.62328e+00	    1.39570e-01	    7.61258e-05	    8.27023e-05	    2.07317e-04	    2.16498e-04	    2.28255e-04	   -1.20230e-04	   -1.24297e-04	    8.83621e-04	    9.76681e-04	    1.25610e-04	    1.28698e-04	    1.37338e-04
    1.63654e+00	    1.39570e-01	    7.04191e-05	    7.64118e-05	    1.94908e-04	    2.03341e-04	    2.14297e-04	   -1.12380e-04	   -1.16195e-04	    8.22931e-04	    9.08173e-04	    1.17139e-04	    1.19953e-04	    1.27913e-04
    1.64995e+00	    1.39570e-01	    6.50751e-05	    7.05298e-05	    1.83070e-04	    1.90808e-04	    2.01006e-04	   -1.04940e-04	   -1.08511e-04	    7.65674e-04	    8.43671e-04	    1.09134e-04	    1.11695e-04	    1.19020e-04
    1.66353e+00	    1.39570e-01	    6.00753e-05	    6.50347e-05	    1.71787e-04	    1.78879e-04	    1.88360e-04	   -9.78943e-05	   -1.01235e-04	    7.11704e-04	    7.82995e-04	    1.01576e-04	    1.03904e-04	    1.10637e-04
    1.67727e+00	    1.39570e-01	    5.54020e-05	    5.99058e-05	    1.61043e-04	    1.67535e-04	    1.76340e-04	   -9.12293e-05	   -9.43491e-05	    6.60877e-04	    7.25966e-04	    9.44454e-05	    9.65596e-05	    1.02742e-04
    1.69117e+00	    1.39570e-01	    5.10379e-05	    5.51233e-05	    1.50820e-04	    1.56757e-04	    1.64924e-04	   -8.49301e-05	   -8.78383e-05	    6.13054e-04	    6.72414e-04	    8.77253e-05	    8.96429e-05	    9.53128e-05
    1.70525e+00	    1.39570e-01	    4.69668e-05	    5.06681e-05	    1.41102e-04	    1.46525e-04	    1.54092e-04	   -7.89812e-05	   -8.16888e-05	    5.68100e-04	    6.22171e-04	    8.13978e-05	    8.31350e-05	    8.83286e-05
    1.71951e+00	    1.39570e-01	    4.31726e-05	    4.65218e-05	    1.31874e-04	    1.36821e-04	    1.43823e-04	   -7.33713e-05	   -7.58875e-05	    5.25883e-04	    5.75079e-04	    7.54457e-05	    7.70176e-05	    8.17692e-05
    1.73394e+00	    1.39570e-01	    3.96401e-05	    4.26669e-05	    1.23119e-04	    1.27627e-04	    1.34098e-04	   -6.80841e-05	   -7.04195e-05	    4.86275e-04	    5.30981e-04	    6.98524e-05	    7.12729e-05	    7.56147e-05
    1.74856e+00	    1.39570e-01	    3.63546e-05	    3.90865e-05	    1.14820e-04	    1.18923e-04	    1.24896e-04	   -6.31067e-05	   -6.52710e-05	    4.49151e-04	    4.89728e-04	    6.46014e-05	    6.58835e-05	    6.98458e-05
    1.76336e+00	    1.39570e-01	    3.33022e-05	    3.57648e-05	    1.06963e-04	    1.10692e-04	    1.16198e-04	   -5.84260e-05	   -6.04285e-05	    4.14392e-04	    4.51174e-04	    5.96770e-05	    6.08326e-05	    6.44440e-05
    1.77835e+00	    1.39570e-01	    3.04694e-05	    3.26862e-05	    9.95312e-05	    1.02916e-04	    1.07985e-04	   -5.40290e-05	   -5.58789e-05	    3.81880e-04	    4.15179e-04	    5.50637e-05	    5.61039e-05	    5.93911e-05
    1.79354e+00	    1.39570e-01	    2.78433e-05	    2.98364e-05	    9.25089e-05	    9.55771e-05	    1.00238e-04	   -4.99030e-05	   -5.16092e-05	    3.51504e-04	    3.81610e-04	    5.07466e-05	    5.16815e-05	    5.46697e-05
    1.80893e+00	    1.39570e-01	    2.54116e-05	    2.72009e-05	    8.58807e-05	    8.86583e-05	    9.29378e-05	   -4.60356e-05	   -4.76066e-05	    3.23152e-04	    3.50336e-04	    4.67110e-05	    4.75503e-05	    5.02628e-05
    1.82452e+00	    1.39570e-01	    2.31626e-05	    2.47667e-05	    7.96314e-05	    8.21425e-05	    8.60662e-05	   -4.24149e-05	   -4.38590e-05	    2.96721e-04	    3.21231e-04	    4.29428e-05	    4.36951e-05	    4.61541e-05
    1.84032e+00	    1.39570e-01	    2.10849e-05	    2.25209e-05	    7.37460e-05	    7.60130e-05	    7.96053e-05	   -3.90284e-05	   -4.03542e-05	    2.72108e-04	    2.94177e-04	    3.94285e-05	    4.01018e-05	    4.23277e-05
    1.85633e+00	    1.39570e-01	    1.91679e-05	    2.04514e-05	    6.82096e-05	    7.02532e-05	    7.35374e-05	   -3.58661e-05	   -3.70804e-05	    2.49214e-04	    2.69057e-04	    3.61548e-05	    3.67565e-05	    3.87684e-05
    1.87255e+00	    1.39570e-01	    1.74013e-05	    1.85469e-05	    6.30077e-05	    6.48472e-05	    6.78453e-05	   -3.29157e-05	   -3.40263e-05	    2.27945e-04	    2.45760e-04	    3.31088e-05	    3.36457e-05	    3.54615e-05
    1.88900e+00	    1.39570e-01	    1.57754e-05	    1.67962e-05	    5.81259e-05	    5.97793e-05	    6.25120e-05	   -3.01655e-05	   -3.11804e-05	    2.08210e-04	    2.24181e-04	    3.02782e-05	    3.07566e-05	    3.23930e-05
    1.90568e+00	    1.39570e-01	    1.42810e-05	    1.51892e-05	    5.35502e-05	    5.50339e-05	    5.75209e-05	   -2.76087e-05	   -2.85325e-05	    1.89922e-04	    2.04216e-04	    2.76512e-05	    2.80768e-05	    2.95492e-05
    1.92258e+00	    1.39570e-01	    1.29092e-05	    1.37159e-05	    4.92670e-05	    5.05961e-05	    5.28559e-05	   -2.52315e-05	   -2.60719e-05	    1.72995e-04	    1.85770e-04	    2.52162e-05	    2.55942e-05	    2.69169e-05
    1.93973e+00	    1.39570e-01	    1.16517e-05	    1.23670e-05	    4.52623e-05	    4.64513e-05	    4.85013e-05	   -2.30253e-05	   -2.37883e-05	    1.57349e-04	    1.68747e-04	    2.29623e-05	    2.32974e-05	    2.44837e-05
    1.95712e+00	    1.39570e-01	    1.05006e-05	    1.11338e-05	    4.15233e-05	    4.25850e-05	    4.44416e-05	   -2.09805e-05	   -2.16721e-05	    1.42906e-04	    1.53060e-04	    2.08786e-05	    2.11754e-05	    2.22375e-05
    1.97475e+00	    1.39570e-01	    9.44832e-06	    1.00080e-05	    3.80369e-05	    3.89833e-05	    4.06620e-05	   -1.90881e-05	   -1.97136e-05	    1.29593e-04	    1.38622e-04	    1.89552e-05	    1.92174e-05	    2.01668e-05
    1.99264e+00	    1.39570e-01	    8.48787e-06	    8.98158e-06	    3.47906e-05	    3.56328e-05	    3.71480e-05	   -1.73391e-05	   -1.79044e-05	    1.17338e-04	    1.25354e-04	    1.71822e-05	    1.74134e-05	    1.82605e-05
    2.01079e+00	    1.39570e-01	    7.61253e-06	    8.04728e-06	    3.17721e-05	    3.25203e-05	    3.38854e-05	   -1.57252e-05	   -1.62341e-05	    1.06073e-04	    1.13177e-04	    1.55501e-05	    1.57538e-05	    1.65082e-05
    2.02921e+00	    1.39570e-01	    6.81598e-06	    7.19809e-06	    2.89695e-05	    2.96330e-05	    3.08608e-05	   -1.42380e-05	   -1.46956e-05	    9.57341e-05	    1.02018e-04	    1.40501e-05	    1.42291e-05	    1.48998e-05
    2.04790e+00	    1.39570e-01	    6.09227e-06	    6.42748e-06	    2.63713e-05	    2.69586e-05	    2.80608e-05	   -1.28698e-05	   -1.32805e-05	    8.62590e-05	    9.18078e-05	    1.26735e-05	    1.28305e-05	    1.34258e-05
    2.06687e+00	    1.39570e-01	    5.43582e-06	    5.72929e-06	    2.39662e-05	    2.44851e-05	    2.54727e-05	   -1.16131e-05	   -1.19807e-05	    7.75907e-05	    8.24795e-05	    1.14123e-05	    1.15497e-05	    1.20769e-05
    2.08612e+00	    1.39570e-01	    4.84132e-06	    5.09775e-06	    2.17433e-05	    2.22008e-05	    2.30840e-05	   -1.04605e-05	   -1.07891e-05	    6.96704e-05	    7.39705e-05	    1.02585e-05	    1.03786e-05	    1.08446e-05
    2.10567e+00	    1.39570e-01	    4.30386e-06	    4.52746e-06	    1.96922e-05	    2.00948e-05	    2.08830e-05	   -9.40537e-06	   -9.69834e-06	    6.24465e-05	    6.62214e-05	    9.20475e-06	    9.30947e-06	    9.72054e-06
    2.12552e+00	    1.39570e-01	    3.81880e-06	    4.01338e-06	    1.78026e-05	    1.81562e-05	    1.88582e-05	   -8.44095e-06	   -8.70160e-06	    5.58690e-05	    5.91760e-05	    8.24403e-06	    8.33515e-06	    8.69703e-06
    2.14568e+00	    1.39570e-01	    3.38182e-06	    3.55082e-06	    1.60648e-05	    1.63747e-05	    1.69987e-05	   -7.56100e-06	   -7.79239e-06	    4.98902e-05	    5.27814e-05	    7.36962e-06	    7.44875e-06	    7.76666e-06
    2.16616e+00	    1.39570e-01	    2.98887e-06	    3.13530e-06	    1.44694e-05	    1.47404e-05	    1.52938e-05	   -6.75964e-06	   -6.96453e-06	    4.44654e-05	    4.69877e-05	    6.57520e-06	    6.64375e-06	    6.92242e-06
    2.18696e+00	    1.39570e-01	    2.63618e-06	    2.76277e-06	    1.30072e-05	    1.32437e-05	    1.37334e-05	   -6.03112e-06	   -6.21214e-06	    3.95521e-05	    4.17494e-05	    5.85475e-06	    5.91400e-06	    6.15775e-06
    2.20809e+00	    1.39570e-01	    2.32023e-06	    2.42941e-06	    1.16697e-05	    1.18755e-05	    1.23080e-05	   -5.37009e-06	   -5.52963e-06	    3.51102e-05	    3.70187e-05	    5.20264e-06	    5.25372e-06	    5.46643e-06
    2.22956e+00	    1.39570e-01	    2.03776e-06	    2.13171e-06	    1.04484e-05	    1.06272e-05	    1.10082e-05	   -4.77145e-06	   -4.91172e-06	    3.11027e-05	    3.27561e-05	    4.61348e-06	    4.65742e-06	    4.84261e-06
    2.25138e+00	    1.39570e-01	    1.78573e-06	    1.86637e-06	    9.33541e-06	    9.49036e-06	    9.82518e-06	   -4.23041e-06	   -4.35341e-06	    2.74937e-05	    2.89230e-05	    4.08225e-06	    4.11997e-06	    4.28081e-06
    2.27356e+00	    1.39570e-01	    1.56132e-06	    1.63037e-06	    8.32312e-06	    8.45707e-06	    8.75063e-06	   -3.74241e-06	   -3.85000e-06	    2.42499e-05	    2.54825e-05	    3.60423e-06	    3.63652e-06	    3.77592e-06
    2.29611e+00	    1.39570e-01	    1.36194e-06	    1.42091e-06	    7.40428e-06	    7.51978e-06	    7.77653e-06	   -3.30318e-06	   -3.39703e-06	    2.13406e-05	    2.24019e-05	    3.17499e-06	    3.20257e-06	    3.32305e-06
    2.31904e+00	    1.39570e-01	    1.18519e-06	    1.23542e-06	    6.57201e-06	    6.67135e-06	    6.89533e-06	   -2.90869e-06	   -2.99034e-06	    1.87369e-05	    1.96476e-05	    2.79038e-06	    2.81386e-06	    2.91772e-06
    2.34236e+00	    1.39570e-01	    1.02884e-06	    1.07152e-06	    5.81976e-06	    5.90497e-06	    6.09985e-06	   -2.55518e-06	   -2.62601e-06	    1.64117e-05	    1.71912e-05	    2.44650e-06	    2.46645e-06	    2.55575e-06
    2.36607e+00	    1.39570e-01	    8.90876e-07	    9.27025e-07	    5.14136e-06	    5.21422e-06	    5.38334e-06	   -2.23910e-06	   -2.30038e-06	    1.43400e-05	    1.50054e-05	    2.13975e-06	    2.15665e-06	    2.23322e-06
    2.39020e+00	    1.39570e-01	    7.69413e-07	    7.99950e-07	    4.53089e-06	    4.59305e-06	    4.73939e-06	   -1.95716e-06	   -2.01002e-06	    1.24984e-05	    1.30648e-05	    1.86674e-06	    1.88102e-06	    1.94649e-06
    2.41475e+00	    1.39570e-01	    6.62744e-07	    6.88465e-07	    3.98284e-06	    4.03572e-06	    4.16201e-06	   -1.70627e-06	   -1.75172e-06	    1.08652e-05	    1.13460e-05	    1.62435e-06	    1.63638e-06	    1.69220e-06
    2.43973e+00	    1.39570e-01	    5.69309e-07	    5.90902e-07	    3.49202e-06	    3.53687e-06	    3.64557e-06	   -1.48356e-06	   -1.52253e-06	    9.42038e-06	    9.82724e-06	    1.40967e-06	    1.41977e-06	    1.46723e-06
    2.46516e+00	    1.39570e-01	    4.87667e-07	    5.05754e-07	    3.05353e-06	    3.09145e-06	    3.18471e-06	   -1.28638e-06	   -1.31968e-06	    8.14539e-06	    8.48871e-06	    1.22002e-06	    1.22847e-06	    1.26869e-06
    2.49105e+00	    1.39570e-01	    4.16526e-07	    4.31620e-07	    2.66277e-06	    2.69475e-06	    2.77451e-06	   -1.11224e-06	   -1.14062e-06	    7.02321e-06	    7.31201e-06	    1.05291e-06	    1.05996e-06	    1.09395e-06
    2.51741e+00	    1.39570e-01	    3.54705e-07	    3.67261e-07	    2.31547e-06	    2.34235e-06	    2.41035e-06	   -9.58882e-07	   -9.82975e-07	    6.03813e-06	    6.28031e-06	    9.06054e-07	    9.11922e-07	    9.40542e-07
    2.54425e+00	    1.39570e-01	    3.01136e-07	    3.11545e-07	    2.00763e-06	    2.03013e-06	    2.08793e-06	   -8.24193e-07	   -8.44575e-07	    5.17580e-06	    5.37823e-06	    7.77357e-07	    7.82222e-07	    8.06247e-07
    2.57159e+00	    1.39570e-01	    2.54853e-07	    2.63451e-07	    1.73551e-06	    1.75430e-06	    1.80325e-06	   -7.06239e-07	   -7.23425e-07	    4.42305e-06	    4.59168e-06	    6.64894e-07	    6.68913e-07	    6.89012e-07
    2.59945e+00	    1.39570e-01	    2.14983e-07	    2.22064e-07	    1.49565e-06	    1.51128e-06	    1.55261e-06	   -6.03245e-07	   -6.17684e-07	    3.76787e-06	    3.90785e-06	    5.66910e-07	    5.70216e-07	    5.86968e-07
    2.62784e+00	    1.39570e-01	    1.80745e-07	    1.86553e-07	    1.28485e-06	    1.29781e-06	    1.33257e-06	   -5.13585e-07	   -5.25672e-07	    3.19940e-06	    3.31511e-06	    4.81787e-07	    4.84499e-07	    4.98422e-07
    2.65677e+00	    1.39570e-01	    1.51436e-07	    1.56183e-07	    1.10015e-06	    1.11086e-06	    1.13999e-06	   -4.35779e-07	   -4.45858e-07	    2.70755e-06	    2.80301e-06	    4.08072e-07	    4.10288e-07	    4.21812e-07
    2.68627e+00	    1.39570e-01	    1.26431e-07	    1.30295e-07	    9.38832e-07	    9.47638e-07	    9.71966e-07	   -3.68475e-07	   -3.76848e-07	    2.28341e-06	    2.36179e-06	    3.44440e-07	    3.46244e-07	    3.55746e-07
    2.71635e+00	    1.39570e-01	    1.05169e-07	    1.08302e-07	    7.98381e-07	    8.05599e-07	    8.25834e-07	   -3.10451e-07	   -3.17377e-07	    1.91887e-06	    1.98298e-06	    2.89694e-07	    2.91157e-07	    2.98960e-07
    2.74703e+00	    1.39570e-01	    8.71523e-08	    8.96822e-08	    6.76508e-07	    6.82400e-07	    6.99164e-07	   -2.60599e-07	   -2.66305e-07	    1.60663e-06	    1.65884e-06	    2.42756e-07	    2.43936e-07	    2.50321e-07
    2.77832e+00	    1.39570e-01	    7.19417e-08	    7.39759e-08	    5.71127e-07	    5.75913e-07	    5.89740e-07	   -2.17919e-07	   -2.22600e-07	    1.34010e-06	    1.38248e-06	    2.02650e-07	    2.03599e-07	    2.08800e-07
    2.81025e+00	    1.39570e-01	    5.91476e-08	    6.07762e-08	    4.80314e-07	    4.84187e-07	    4.95557e-07	   -1.81512e-07	   -1.85336e-07	    1.11341e-06	    1.14765e-06	    1.68508e-07	    1.69267e-07	    1.73486e-07
    2.84283e+00	    1.39570e-01	    4.84276e-08	    4.97255e-08	    4.02348e-07	    4.05470e-07	    4.14771e-07	   -1.50575e-07	   -1.53684e-07	    9.21345e-07	    9.48887e-07	    1.39552e-07	    1.40157e-07	    1.43564e-07
    2.87610e+00	    1.39570e-01	    3.94810e-08	    4.05107e-08	    3.35665e-07	    3.38170e-07	    3.45744e-07	   -1.24388e-07	   -1.26903e-07	    7.59237e-07	    7.81288e-07	    1.15089e-07	    1.15570e-07	    1.18308e-07
    2.91007e+00	    1.39570e-01	    3.20452e-08	    3.28581e-08	    2.78859e-07	    2.80856e-07	    2.86996e-07	   -1.02310e-07	   -1.04336e-07	    6.22961e-07	    6.40534e-07	    9.45059e-08	    9.48850e-08	    9.70761e-08
    2.94476e+00	    1.39570e-01	    2.58912e-08	    2.65298e-08	    2.30657e-07	    2.32245e-07	    2.37200e-07	   -8.37746e-08	   -8.53985e-08	    5.08876e-07	    5.22811e-07	    7.72581e-08	    7.75559e-08	    7.93005e-08
    2.98020e+00	    1.39570e-01	    2.08205e-08	    2.13196e-08	    1.89929e-07	    1.91184e-07	    1.95163e-07	   -6.82803e-08	   -6.95751e-08	    4.13790e-07	    4.24771e-07	    6.28674e-08	    6.31001e-08	    6.44822e-08
    3.01641e+00	    1.39570e-01	    1.66613e-08	    1.70493e-08	    1.55665e-07	    1.56653e-07	    1.59830e-07	   -5.53858e-08	   -5.64127e-08	    3.34860e-07	    3.43498e-07	    5.09136e-08	    5.10945e-08	    5.21838e-08
    3.05343e+00	    1.39570e-01	    1.32657e-08	    1.35658e-08	    1.26969e-07	    1.27742e-07	    1.30266e-07	   -4.47043e-08	   -4.55142e-08	    2.69653e-07	    2.76399e-07	    4.10296e-08	    4.11695e-08	    4.20234e-08
    3.09127e+00	    1.39570e-01	    1.05071e-08	    1.07378e-08	    1.03047e-07	    1.03648e-07	    1.05643e-07	   -3.58982e-08	   -3.65335e-08	    2.16047e-07	    2.21287e-07	    3.28959e-08	    3.30035e-08	    3.36691e-08
    3.12997e+00	    1.39570e-01	    8.27720e-09	    8.45355e-09	    8.32009e-08	    8.36657e-08	    8.52333e-08	   -2.86741e-08	   -2.91695e-08	    1.72181e-07	    1.76227e-07	    2.62354e-08	    2.63177e-08	    2.68336e-08
    3.16956e+00	    1.39570e-01	    6.48411e-09	    6.61809e-09	    6.68179e-08	    6.71754e-08	    6.83999e-08	   -2.27782e-08	   -2.31621e-08	    1.36473e-07	    1.39579e-07	    2.08091e-08	    2.08716e-08	    2.12692e-08
    3.21007e+00	    1.39570e-01	    5.05004e-09	    5.15121e-09	    5.33637e-08	    5.36370e-08	    5.45878e-08	   -1.79917e-08	   -1.82874e-08	    1.07559e-07	    1.09929e-07	    1.64117e-08	    1.64589e-08	    1.67633e-08
    3.25153e+00	    1.39570e-01	    3.90954e-09	    3.98543e-09	    4.23740e-08	    4.25815e-08	    4.33152e-08	   -1.41274e-08	   -1.43536e-08	    8.42735e-08	    8.60705e-08	    1.28675e-08	    1.29029e-08	    1.31346e-08
    3.29398e+00	    1.39570e-01	    3.00778e-09	    3.06432e-09	    3.34471e-08	    3.36036e-08	    3.41661e-08	   -1.10252e-08	   -1.11973e-08	    6.56280e-08	    6.69815e-08	    1.00273e-08	    1.00537e-08	    1.02288e-08
    3.33746e+00	    1.39570e-01	    2.29908e-09	    2.34092e-09	    2.62376e-08	    2.63550e-08	    2.67833e-08	   -8.54979e-09	   -8.67964e-09	    5.07856e-08	    5.17982e-08	    7.76467e-09	    7.78417e-09	    7.91564e-09
    3.38201e+00	    1.39570e-01	    1.74559e-09	    1.77633e-09	    2.04501e-08	    2.05374e-08	    2.08613e-08	   -6.58653e-09	   -6.68385e-09	    3.90427e-08	    3.97949e-08	    5.97316e-09	    5.98748e-09	    6.08549e-09
    3.42766e+00	    1.39570e-01	    1.31614e-09	    1.33855e-09	    1.58330e-08	    1.58975e-08	    1.61406e-08	   -5.03944e-09	   -5.11184e-09	    2.98111e-08	    3.03657e-08	    4.56371e-09	    4.57415e-09	    4.64667e-09
    3.47445e+00	    1.39570e-01	    9.85170e-10	    1.00139e-09	    1.21734e-08	    1.22207e-08	    1.24019e-08	   -3.82839e-09	   -3.88183e-09	    2.26014e-08	    2.30073e-08	    3.46217e-09	    3.46973e-09	    3.52298e-09
    3.52245e+00	    1.39570e-01	    7.31895e-10	    7.43535e-10	    9.29233e-09	    9.32669e-09	    9.46064e-09	   -2.88692e-09	   -2.92606e-09	    1.70096e-08	    1.73043e-08	    2.60720e-09	    2.61262e-09	    2.65142e-09
    3.57168e+00	    1.39570e-01	    5.39490e-10	    5.47774e-10	    7.03997e-09	    7.06475e-09	    7.16298e-09	   -2.16029e-09	   -2.18870e-09	    1.27035e-08	    1.29157e-08	    1.94834e-09	    1.95220e-09	    1.98024e-09
    3.62220e+00	    1.39570e-01	    3.94437e-10	    4.00282e-10	    5.29198e-09	    5.30970e-09	    5.38114e-09	   -1.60365e-09	   -1.62411e-09	    9.41215e-09	    9.56365e-09	    1.44440e-09	    1.44712e-09	    1.46721e-09
    3.67407e+00	    1.39570e-01	    2.85948e-10	    2.90034e-10	    3.94573e-09	    3.95829e-09	    4.00978e-09	   -1.18055e-09	   -1.19515e-09	    6.91586e-09	    7.02307e-09	    1.06193e-09	    1.06384e-09	    1.07810e-09
    3.72735e+00	    1.39570e-01	    2.05474e-10	    2.08303e-10	    2.91707e-09	    2.92589e-09	    2.96267e-09	   -8.61566e-10	   -8.71882e-10	    5.03785e-09	    5.11302e-09	    7.74004e-10	    7.75323e-10	    7.85354e-10
    3.78207e+00	    1.39570e-01	    1.46293e-10	    1.48234e-10	    2.13758e-09	    2.14371e-09	    2.16974e-09	   -6.23102e-10	   -6.30322e-10	    3.63685e-09	    3.68905e-09	    5.59070e-10	    5.59975e-10	    5.66963e-10
    3.83833e+00	    1.39570e-01	    1.03162e-10	    1.04480e-10	    1.55198e-09	    1.55620e-09	    1.57443e-09	   -4.46405e-10	   -4.51407e-10	    2.60088e-09	    2.63676e-09	    4.00035e-10	    4.00649e-10	    4.05469e-10
    3.89616e+00	    1.39570e-01	    7.20220e-11	    7.29068e-11	    1.11599e-09	    1.11887e-09	    1.13151e-09	   -3.16679e-10	   -3.20107e-10	    1.84183e-09	    1.86624e-09	    2.83439e-10	    2.83851e-10	    2.87141e-10
    3.95566e+00	    1.39570e-01	    4.97582e-11	    5.03458e-11	    7.94443e-10	    7.96381e-10	    8.05050e-10	   -2.22351e-10	   -2.24676e-10	    1.29099e-09	    1.30742e-09	    1.98775e-10	    1.99049e-10	    2.01269e-10
    4.01689e+00	    1.39570e-01	    3.40030e-11	    3.43887e-11	    5.59619e-10	    5.60910e-10	    5.66790e-10	   -1.54451e-10	   -1.56009e-10	    8.95249e-10	    9.06177e-10	    1.37913e-10	    1.38093e-10	    1.39575e-10
    4.07992e+00	    1.39570e-01	    2.29724e-11	    2.32226e-11	    3.89890e-10	    3.90740e-10	    3.94681e-10	   -1.06087e-10	   -1.07119e-10	    6.13900e-10	    6.21084e-10	    9.46185e-11	    9.47351e-11	    9.57124e-11
    4.14485e+00	    1.39570e-01	    1.53358e-11	    1.54960e-11	    2.68527e-10	    2.69079e-10	    2.71689e-10	   -7.20153e-11	   -7.26899e-11	    4.16063e-10	    4.20727e-10	    6.41579e-11	    6.42326e-11	    6.48690e-11
    4.21176e+00	    1.39570e-01	    1.01104e-11	    1.02117e-11	    1.82723e-10	    1.83078e-10	    1.84783e-10	   -4.82882e-11	   -4.87236e-11	    2.78540e-10	    2.81530e-10	    4.29722e-11	    4.30194e-11	    4.34285e-11
    4.28075e+00	    1.39570e-01	    6.57874e-12	    6.64183e-12	    1.22774e-10	    1.22999e-10	    1.24098e-10	   -3.19636e-11	   -3.22407e-11	    1.84090e-10	    1.85980e-10	    2.84140e-11	    2.84434e-11	    2.87028e-11
    4.35191e+00	    1.39570e-01	    4.22229e-12	    4.26103e-12	    8.14068e-11	    8.15469e-11	    8.22461e-11	   -2.08735e-11	   -2.10474e-11	    1.20037e-10	    1.21214e-10	    1.85359e-11	    1.85540e-11	    1.87161e-11
    4.42535e+00	    1.39570e-01	    2.67112e-12	    2.69455e-12	    5.32315e-11	    5.33176e-11	    5.37557e-11	   -1.34392e-11	   -1.35466e-11	    7.71703e-11	    7.78932e-11	    1.19218e-11	    1.19328e-11	    1.20326e-11
    4.50119e+00	    1.39570e-01	    1.66443e-12	    1.67838e-12	    3.43025e-11	    3.43546e-11	    3.46248e-11	   -8.52472e-12	   -8.59006e-12	    4.88798e-11	    4.93167e-11	    7.55458e-12	    7.56110e-12	    7.62159e-12
    4.57954e+00	    1.39570e-01	    1.02078e-12	    1.02895e-12	    2.17675e-11	    2.17985e-11	    2.19624e-11	   -5.32336e-12	   -5.36244e-12	    3.04806e-11	    3.07402e-11	    4.71289e-12	    4.71670e-12	    4.75276e-12
    4.66054e+00	    1.39570e-01	    6.15655e-13	    6.20351e-13	    1.35914e-11	    1.36096e-11	    1.37074e-11	   -3.26993e-12	   -3.29290e-12	    1.86973e-11	    1.88490e-11	    2.89215e-12	    2.89435e-12	    2.91547e-12
    4.74432e+00	    1.39570e-01	    3.64837e-13	    3.67488e-13	    8.34309e-12	    8.35352e-12	    8.41081e-12	   -1.97406e-12	   -1.98732e-12	    1.12725e-11	    1.13595e-11	    1.74435e-12	    1.74560e-12	    1.75774e-12
    4.83103e+00	    1.39570e-01	    2.12231e-13	    2.13698e-13	    5.03028e-12	    5.03616e-12	    5.06909e-12	   -1.17017e-12	   -1.17767e-12	    6.67329e-12	    6.72225e-12	    1.03306e-12	    1.03375e-12	    1.04060e-12
    4.92084e+00	    1.39570e-01	    1.21068e-13	    1.21863e-13	    2.97600e-12	    2.97925e-12	    2.99780e-12	   -6.80407e-13	   -6.84569e-13	    3.87533e-12	    3.90232e-12	    6.00147e-13	    6.00520e-13	    6.04309e-13
    5.01391e+00	    1.39570e-01	    6.76530e-14	    6.80751e-14	    1.72580e-12	    1.72755e-12	    1.73779e-12	   -3.87666e-13	   -3.89925e-13	    2.20526e-12	    2.21983e-12	    3.41640e-13	    3.41838e-13	    3.43888e-13
    5.11042e+00	    1.39570e-01	    3.69896e-14	    3.72085e-14	    9.79866e-13	    9.80794e-13	    9.86315e-13	   -2.16178e-13	   -2.17377e-13	    1.22827e-12	    1.23595e-12	    1.90351e-13	    1.90454e-13	    1.91539e-13
    5.21058e+00	    1.39570e-01	    1.97634e-14	    1.98742e-14	    5.44040e-13	    5.44519e-13	    5.47428e-13	   -1.17841e-13	   -1.18462e-13	    6.68759e-13	    6.72718e-13	    1.03677e-13	    1.03729e-13	    1.04289e-13
    5.31459e+00	    1.39570e-01	    1.03049e-14	    1.03596e-14	    2.94989e-13	    2.95230e-13	    2.96725e-13	   -6.27081e-14	   -6.30217e-14	    3.55473e-13	    3.57461e-13	    5.51268e-14	    5.51526e-14	    5.54347e-14
    5.42269e+00	    1.39570e-01	    5.23592e-15	    5.26215e-15	    1.55980e-13	    1.56099e-13	    1.56847e-13	   -3.25289e-14	   -3.26831e-14	    1.84194e-13	    1.85166e-13	    2.85740e-14	    2.85865e-14	    2.87247e-14
    5.53513e+00	    1.39570e-01	    2.58834e-15	    2.60057e-15	    8.03063e-14	    8.03627e-14	    8.07266e-14	   -1.64230e-14	   -1.64967e-14	    9.28957e-14	    9.33579e-14	    1.44155e-14	    1.44213e-14	    1.44871e-14
    5.65217e+00	    1.39570e-01	    1.24275e-15	    1.24829e-15	    4.01898e-14	    4.02159e-14	    4.03877e-14	   -8.05635e-15	   -8.09048e-15	    4.55231e-14	    4.57363e-14	    7.06636e-15	    7.06900e-15	    7.09945e-15
    5.77410e+00	    1.39570e-01	    5.78468e-16	    5.80891e-16	    1.95154e-14	    1.95271e-14	    1.96057e-14	   -3.83289e-15	   -3.84821e-15	    2.16365e-14	    2.17316e-14	    3.35952e-15	    3.36068e-15	    3.37431e-15
    5.90125e+00	    1.39570e-01	    2.60514e-16	    2.61538e-16	    9.17651e-15	    9.18159e-15	    9.21635e-15	   -1.76503e-15	   -1.77167e-15	    9.95387e-15	    9.99494e-15	    1.54598e-15	    1.54648e-15	    1.55237e-15
    6.03396e+00	    1.39570e-01	    1.13262e-16	    1.13680e-16	    4.16946e-15	    4.17159e-15	    4.18641e-15	   -7.85002e-16	   -7.87778e-16	    4.42288e-15	    4.43997e-15	    6.87125e-16	    6.87327e-16	    6.89785e-16
    6.17261e+00	    1.39570e-01	    4.74247e-17	    4.75883e-17	    1.82627e-15	    1.82712e-15	    1.83321e-15	   -3.36397e-16	   -3.37514e-16	    1.89363e-15	    1.90047e-15	    2.94266e-16	    2.94346e-16	    2.95332e-16
    6.31760e+00	    1.39570e-01	    1.90746e-17	    1.91360e-17	    7.69158e-16	    7.69489e-16	    7.71885e-16	   -1.38539e-16	   -1.38970e-16	    7.79183e-16	    7.81808e-16	    1.21114e-16	    1.21144e-16	    1.21523e-16
    6.46939e+00	    1.39570e-01	    7.34838e-18	    7.37043e-18	    3.10607e-16	    3.10729e-16	    3.11632e-16	   -5.46765e-17	   -5.48352e-17	    3.07258e-16	    3.08222e-16	    4.77708e-17	    4.77816e-17	    4.79211e-17
    6.62847e+00	    1.39570e-01	    2.70304e-18	    2.71058e-18	    1.19897e-16	    1.19941e-16	    1.20265e-16	   -2.06149e-17	   -2.06707e-17	    1.15753e-16	    1.16091e-16	    1.80009e-17	    1.80046e-17	    1.80536e-17
    6.79539e+00	    1.39570e-01	    9.46099e-19	    9.48548e-19	    4.40897e-17	    4.41041e-17	    4.42150e-17	   -7.39994e-18	   -7.41856e-18	    4.15188e-17	    4.16310e-17	    6.45806e-18	    6.45929e-18	    6.47558e-18
    6.97073e+00	    1.39570e-01	    3.13899e-19	    3.14651e-19	    1.53873e-17	    1.53919e-17	    1.54277e-17	   -2.51941e-18	   -2.52529e-18	    1.41252e-17	    1.41604e-17	    2.19757e-18	    2.19795e-18	    2.20309e-18
    7.15517e+00	    1.39570e-01	    9.83070e-20	    9.85243e-20	    5.07557e-18	    5.07695e-18	    5.08788e-18	   -8.10178e-19	   -8.11926e-19	    4.53906e-18	    4.54951e-18	    7.06325e-19	    7.06436e-19	    7.07960e-19
    7.34943e+00	    1.39570e-01	    2.89264e-20	    2.89852e-20	    1.57510e-18	    1.57549e-18	    1.57861e-18	   -2.44940e-19	   -2.45428e-19	    1.37135e-18	    1.37426e-18	    2.13439e-19	    2.13469e-19	    2.13893e-19
    7.55432e+00	    1.39570e-01	    7.95697e-21	    7.97181e-21	    4.57626e-19	    4.57728e-19	    4.58562e-19	   -6.92772e-20	   -6.94041e-20	    3.87613e-19	    3.88366e-19	    6.03396e-20	    6.03474e-20	    6.04575e-20
    7.77076e+00	    1.39570e-01	    2.03365e-21	    2.03711e-21	    1.23715e-19	    1.23740e-19	    1.23946e-19	   -1.82182e-20	   -1.82488e-20	    1.01869e-19	    1.02049e-19	    1.58608e-20	    1.58626e-20	    1.58890e-20
    7.99974e+00	    1.39570e-01	    4.79885e-22	    4.80628e-22	    3.09292e-20	    3.09347e-20	    3.09816e-20	   -4.42691e-21	   -4.43366e-21	    2.47384e-20	    2.47782e-20	    3.85238e-21	    3.85278e-21	    3.85862e-21
    8.24239e+00	    1.39570e-01	    1.04360e-22	    1.04513e-22	    7.13819e-21	    7.13938e-21	    7.14966e-21	   -9.91985e-22	   -9.93426e-22	    5.54172e-21	    5.55017e-21	    8.63057e-22	    8.63141e-22	    8.64385e-22
    8.50000e+00	    1.39570e-01	    2.04607e-23	    2.04869e-23	    1.48803e-21	    1.48825e-21	    1.49012e-21	   -2.00650e-22	   -2.00905e-22	    1.12010e-21	    1.12159e-21	    1.74479e-22	    1.74494e-22	    1.74713e-22
