# mc-number	             name	     mass	    width	deg	Qb	Qs	Qc	Qbot	isospin	charge	decays	   Nyield
#       211	              pi+	  0.14000	0.00000e+00	1	0	  0	0	0	1	  1	  1	0.000643493
# 1:pbar [GeV]	2:m [GeV]	3:Feq 1	4:Feq 2	5:Fshear 1	6:Fshear 2	7:Fshear 3	8:Fbulk 1	9:Fbulk 2	10:Ftemp 1	11:Ftemp 2	12:Fvel 1	13:Fvel 2	14:Fvel 3
    3.62517e-03	    1.40000e-01	    2.75712e-03	    5.26696e-03	    1.11241e-07	    1.58239e-04	    2.68010e-07	    5.52261e-04	    1.80266e-03	    6.70816e-03	    2.79435e-02	    1.94954e-05	    4.21968e-02	    2.51788e-05
    7.25044e-03	    1.40000e-01	    5.50389e-03	    1.05156e-02	    8.90711e-07	    3.14809e-04	    2.13371e-06	    1.09914e-03	    3.59365e-03	    1.33805e-02	    5.58046e-02	    7.78021e-05	    4.22297e-02	    1.00346e-04
    1.08759e-02	    1.40000e-01	    8.23007e-03	    1.57277e-02	    3.01024e-06	    4.68113e-04	    7.14321e-06	    1.63534e-03	    5.36152e-03	    1.99818e-02	    8.35019e-02	    1.74385e-04	    4.22843e-02	    2.24407e-04
    1.45016e-02	    1.40000e-01	    1.09256e-02	    2.08859e-02	    7.14780e-06	    6.16700e-04	    1.67407e-05	    2.15568e-03	    7.09521e-03	    2.64780e-02	    1.10957e-01	    3.08355e-04	    4.23605e-02	    3.95574e-04
    1.81278e-02	    1.40000e-01	    1.35809e-02	    2.59733e-02	    1.39878e-05	    7.59318e-04	    3.22207e-05	    2.65522e-03	    8.78428e-03	    3.28368e-02	    1.38095e-01	    4.78483e-04	    4.24579e-02	    6.11417e-04
    2.17544e-02	    1.40000e-01	    1.61867e-02	    3.09740e-02	    2.42179e-05	    8.94982e-04	    5.46853e-05	    3.12925e-03	    1.04191e-02	    3.90282e-02	    1.64847e-01	    6.83202e-04	    4.25762e-02	    8.68935e-04
    2.53815e-02	    1.40000e-01	    1.87341e-02	    3.58734e-02	    3.85245e-05	    1.02300e-03	    8.50050e-05	    3.57341e-03	    1.19908e-02	    4.50250e-02	    1.91148e-01	    9.20632e-04	    4.27147e-02	    1.16464e-03
    2.90094e-02	    1.40000e-01	    2.12152e-02	    4.06583e-02	    5.75806e-05	    1.14304e-03	    1.23789e-04	    3.98368e-03	    1.34919e-02	    5.08031e-02	    2.16942e-01	    1.18859e-03	    4.28728e-02	    1.49466e-03
    3.26380e-02	    1.40000e-01	    2.36225e-02	    4.53166e-02	    8.20324e-05	    1.25507e-03	    1.71360e-04	    4.35643e-03	    1.49159e-02	    5.63420e-02	    2.42176e-01	    1.48463e-03	    4.30496e-02	    1.85483e-03
    3.62674e-02	    1.40000e-01	    2.59494e-02	    4.98380e-02	    1.12485e-04	    1.35946e-03	    2.27747e-04	    4.68848e-03	    1.62573e-02	    6.16250e-02	    2.66808e-01	    1.80604e-03	    4.32438e-02	    2.24084e-03
    3.98979e-02	    1.40000e-01	    2.81899e-02	    5.42138e-02	    1.49481e-04	    1.45689e-03	    2.92675e-04	    4.97707e-03	    1.75124e-02	    6.66395e-02	    2.90800e-01	    2.14993e-03	    4.34543e-02	    2.64829e-03
    4.35293e-02	    1.40000e-01	    3.03391e-02	    5.84365e-02	    1.93478e-04	    1.54834e-03	    3.65583e-04	    5.21993e-03	    1.86784e-02	    7.13771e-02	    3.14122e-01	    2.51320e-03	    4.36793e-02	    3.07286e-03
    4.71619e-02	    1.40000e-01	    3.23928e-02	    6.25005e-02	    2.44832e-04	    1.63509e-03	    4.45633e-04	    5.41525e-03	    1.97539e-02	    7.58334e-02	    3.36752e-01	    2.89264e-03	    4.39173e-02	    3.51036e-03
    5.07958e-02	    1.40000e-01	    3.43478e-02	    6.64014e-02	    3.03774e-04	    1.71862e-03	    5.31748e-04	    5.56169e-03	    2.07387e-02	    8.00084e-02	    3.58670e-01	    3.28497e-03	    4.41660e-02	    3.95685e-03
    5.44310e-02	    1.40000e-01	    3.62017e-02	    7.01364e-02	    3.70398e-04	    1.80057e-03	    6.22647e-04	    5.65842e-03	    2.16337e-02	    8.39055e-02	    3.79864e-01	    3.68684e-03	    4.44234e-02	    4.40869e-03
    5.80676e-02	    1.40000e-01	    3.79529e-02	    7.37038e-02	    4.44647e-04	    1.88270e-03	    7.16893e-04	    5.70506e-03	    2.24409e-02	    8.75323e-02	    4.00326e-01	    4.09495e-03	    4.46869e-02	    4.86265e-03
    6.17058e-02	    1.40000e-01	    3.96008e-02	    7.71031e-02	    5.26299e-04	    1.96679e-03	    8.12940e-04	    5.70171e-03	    2.31633e-02	    9.08993e-02	    4.20051e-01	    4.50603e-03	    4.49542e-02	    5.31590e-03
    6.53456e-02	    1.40000e-01	    4.11455e-02	    8.03346e-02	    6.14976e-04	    2.05462e-03	    9.09196e-04	    5.64895e-03	    2.38045e-02	    9.40202e-02	    4.39037e-01	    4.91694e-03	    4.52225e-02	    5.76606e-03
    6.89871e-02	    1.40000e-01	    4.25879e-02	    8.33999e-02	    7.10138e-04	    2.14788e-03	    1.00407e-03	    5.54779e-03	    2.43688e-02	    9.69110e-02	    4.57286e-01	    5.32470e-03	    4.54891e-02	    6.21123e-03
    7.26304e-02	    1.40000e-01	    4.39293e-02	    8.63008e-02	    8.11097e-04	    2.24812e-03	    1.09603e-03	    5.39966e-03	    2.48611e-02	    9.95897e-02	    4.74799e-01	    5.72650e-03	    4.57512e-02	    6.64995e-03
    7.62757e-02	    1.40000e-01	    4.51719e-02	    8.90401e-02	    9.17032e-04	    2.35674e-03	    1.18364e-03	    5.20642e-03	    2.52866e-02	    1.02076e-01	    4.91581e-01	    6.11981e-03	    4.60061e-02	    7.08120e-03
    7.99230e-02	    1.40000e-01	    4.63185e-02	    9.16210e-02	    1.02701e-03	    2.47492e-03	    1.26562e-03	    4.97027e-03	    2.56507e-02	    1.04390e-01	    5.07636e-01	    6.50230e-03	    4.62511e-02	    7.50438e-03
    8.35723e-02	    1.40000e-01	    4.73720e-02	    9.40468e-02	    1.14000e-03	    2.60360e-03	    1.34089e-03	    4.69374e-03	    2.59588e-02	    1.06553e-01	    5.22969e-01	    6.87197e-03	    4.64836e-02	    7.91925e-03
    8.72239e-02	    1.40000e-01	    4.83360e-02	    9.63214e-02	    1.25492e-03	    2.74350e-03	    1.40855e-03	    4.37969e-03	    2.62164e-02	    1.08586e-01	    5.37585e-01	    7.22710e-03	    4.67011e-02	    8.32588e-03
    9.08778e-02	    1.40000e-01	    4.92142e-02	    9.84487e-02	    1.37063e-03	    2.89506e-03	    1.46795e-03	    4.03117e-03	    2.64288e-02	    1.10510e-01	    5.51490e-01	    7.56628e-03	    4.69015e-02	    8.72464e-03
    9.45342e-02	    1.40000e-01	    5.00107e-02	    1.00433e-01	    1.48601e-03	    3.05848e-03	    1.51867e-03	    3.65149e-03	    2.66009e-02	    1.12345e-01	    5.64687e-01	    7.88840e-03	    4.70826e-02	    9.11609e-03
    9.81930e-02	    1.40000e-01	    5.07297e-02	    1.02277e-01	    1.59995e-03	    3.23373e-03	    1.56054e-03	    3.24405e-03	    2.67376e-02	    1.14109e-01	    5.77182e-01	    8.19267e-03	    4.72425e-02	    9.50094e-03
    1.01854e-01	    1.40000e-01	    5.13753e-02	    1.03987e-01	    1.71136e-03	    3.42054e-03	    1.59360e-03	    2.81241e-03	    2.68432e-02	    1.15821e-01	    5.88981e-01	    8.47856e-03	    4.73798e-02	    9.88005e-03
    1.05519e-01	    1.40000e-01	    5.19520e-02	    1.05565e-01	    1.81925e-03	    3.61845e-03	    1.61814e-03	    2.36013e-03	    2.69216e-02	    1.17495e-01	    6.00087e-01	    8.74585e-03	    4.74929e-02	    1.02543e-02
    1.09185e-01	    1.40000e-01	    5.24639e-02	    1.07015e-01	    1.92272e-03	    3.82681e-03	    1.63462e-03	    1.89080e-03	    2.69763e-02	    1.19147e-01	    6.10505e-01	    8.99454e-03	    4.75810e-02	    1.06246e-02
    1.12855e-01	    1.40000e-01	    5.29154e-02	    1.08343e-01	    2.02094e-03	    4.04483e-03	    1.64370e-03	    1.40797e-03	    2.70104e-02	    1.20789e-01	    6.20241e-01	    9.22489e-03	    4.76430e-02	    1.09919e-02
    1.16528e-01	    1.40000e-01	    5.33103e-02	    1.09550e-01	    2.11323e-03	    4.27161e-03	    1.64616e-03	    9.15085e-04	    2.70266e-02	    1.22431e-01	    6.29300e-01	    9.43733e-03	    4.76785e-02	    1.13569e-02
    1.20204e-01	    1.40000e-01	    5.36528e-02	    1.10641e-01	    2.19901e-03	    4.50612e-03	    1.64293e-03	    4.15489e-04	    2.70269e-02	    1.24083e-01	    6.37688e-01	    9.63250e-03	    4.76872e-02	    1.17205e-02
    1.23883e-01	    1.40000e-01	    5.39465e-02	    1.11619e-01	    2.27786e-03	    4.74729e-03	    1.63502e-03	   -8.76366e-05	    2.70132e-02	    1.25751e-01	    6.45412e-01	    9.81116e-03	    4.76688e-02	    1.20833e-02
    1.27566e-01	    1.40000e-01	    5.41951e-02	    1.12488e-01	    2.34946e-03	    4.99401e-03	    1.62349e-03	   -5.91291e-04	    2.69869e-02	    1.27439e-01	    6.52479e-01	    9.97420e-03	    4.76236e-02	    1.24458e-02
    1.31252e-01	    1.40000e-01	    5.44019e-02	    1.13251e-01	    2.41363e-03	    5.24513e-03	    1.60945e-03	   -1.09267e-03	    2.69490e-02	    1.29153e-01	    6.58896e-01	    1.01226e-02	    4.75518e-02	    1.28084e-02
    1.34941e-01	    1.40000e-01	    5.45701e-02	    1.13912e-01	    2.47031e-03	    5.49953e-03	    1.59400e-03	   -1.58921e-03	    2.69003e-02	    1.30893e-01	    6.64674e-01	    1.02574e-02	    4.74538e-02	    1.31714e-02
    1.38634e-01	    1.40000e-01	    5.47025e-02	    1.14472e-01	    2.51955e-03	    5.75607e-03	    1.57825e-03	   -2.07855e-03	    2.68414e-02	    1.32661e-01	    6.69821e-01	    1.03797e-02	    4.73305e-02	    1.35349e-02
    1.42331e-01	    1.40000e-01	    5.48020e-02	    1.14936e-01	    2.56151e-03	    6.01370e-03	    1.56326e-03	   -2.55859e-03	    2.67724e-02	    1.34454e-01	    6.74348e-01	    1.04906e-02	    4.71824e-02	    1.38990e-02
    1.46031e-01	    1.40000e-01	    5.48708e-02	    1.15306e-01	    2.59644e-03	    6.27136e-03	    1.55002e-03	   -3.02746e-03	    2.66934e-02	    1.36272e-01	    6.78268e-01	    1.05911e-02	    4.70104e-02	    1.42635e-02
    1.49736e-01	    1.40000e-01	    5.49114e-02	    1.15586e-01	    2.62468e-03	    6.52809e-03	    1.53950e-03	   -3.48353e-03	    2.66045e-02	    1.38112e-01	    6.81592e-01	    1.06825e-02	    4.68156e-02	    1.46283e-02
    1.53444e-01	    1.40000e-01	    5.49258e-02	    1.15779e-01	    2.64662e-03	    6.78296e-03	    1.53253e-03	   -3.92540e-03	    2.65054e-02	    1.39970e-01	    6.84334e-01	    1.07657e-02	    4.65990e-02	    1.49930e-02
    1.57157e-01	    1.40000e-01	    5.49158e-02	    1.15887e-01	    2.66273e-03	    7.03515e-03	    1.52990e-03	   -4.35192e-03	    2.63959e-02	    1.41841e-01	    6.86510e-01	    1.08417e-02	    4.63616e-02	    1.53571e-02
    1.60874e-01	    1.40000e-01	    5.48831e-02	    1.15913e-01	    2.67350e-03	    7.28388e-03	    1.53230e-03	   -4.76212e-03	    2.62756e-02	    1.43721e-01	    6.88133e-01	    1.09116e-02	    4.61045e-02	    1.57203e-02
    1.64595e-01	    1.40000e-01	    5.48292e-02	    1.15860e-01	    2.67946e-03	    7.52846e-03	    1.54030e-03	   -5.15526e-03	    2.61443e-02	    1.45604e-01	    6.89219e-01	    1.09761e-02	    4.58290e-02	    1.60820e-02
    1.68320e-01	    1.40000e-01	    5.47554e-02	    1.15731e-01	    2.68116e-03	    7.76825e-03	    1.55440e-03	   -5.53077e-03	    2.60016e-02	    1.47486e-01	    6.89786e-01	    1.10362e-02	    4.55362e-02	    1.64415e-02
    1.72050e-01	    1.40000e-01	    5.46630e-02	    1.15529e-01	    2.67918e-03	    8.00270e-03	    1.57498e-03	   -5.88827e-03	    2.58472e-02	    1.49359e-01	    6.89851e-01	    1.10925e-02	    4.52273e-02	    1.67983e-02
    1.75785e-01	    1.40000e-01	    5.45529e-02	    1.15257e-01	    2.67407e-03	    8.23134e-03	    1.60235e-03	   -6.22753e-03	    2.56808e-02	    1.51218e-01	    6.89430e-01	    1.11458e-02	    4.49034e-02	    1.71517e-02
    1.79525e-01	    1.40000e-01	    5.44262e-02	    1.14917e-01	    2.66640e-03	    8.45375e-03	    1.63672e-03	   -6.54845e-03	    2.55022e-02	    1.53058e-01	    6.88541e-01	    1.11967e-02	    4.45656e-02	    1.75010e-02
    1.83269e-01	    1.40000e-01	    5.42836e-02	    1.14513e-01	    2.65669e-03	    8.66956e-03	    1.67822e-03	   -6.85109e-03	    2.53111e-02	    1.54873e-01	    6.87204e-01	    1.12457e-02	    4.42151e-02	    1.78454e-02
    1.87019e-01	    1.40000e-01	    5.41260e-02	    1.14046e-01	    2.64548e-03	    8.87849e-03	    1.72689e-03	   -7.13558e-03	    2.51074e-02	    1.56656e-01	    6.85436e-01	    1.12934e-02	    4.38529e-02	    1.81844e-02
    1.90773e-01	    1.40000e-01	    5.39539e-02	    1.13520e-01	    2.63327e-03	    9.08028e-03	    1.78271e-03	   -7.40218e-03	    2.48911e-02	    1.58404e-01	    6.83256e-01	    1.13400e-02	    4.34800e-02	    1.85173e-02
    1.94533e-01	    1.40000e-01	    5.37679e-02	    1.12938e-01	    2.62051e-03	    9.27475e-03	    1.84559e-03	   -7.65121e-03	    2.46621e-02	    1.60109e-01	    6.80682e-01	    1.13859e-02	    4.30975e-02	    1.88434e-02
    1.98298e-01	    1.40000e-01	    5.35685e-02	    1.12302e-01	    2.60765e-03	    9.46174e-03	    1.91539e-03	   -7.88308e-03	    2.44205e-02	    1.61769e-01	    6.77734e-01	    1.14315e-02	    4.27063e-02	    1.91621e-02
    2.02068e-01	    1.40000e-01	    5.33563e-02	    1.11615e-01	    2.59509e-03	    9.64116e-03	    1.99191e-03	   -8.09824e-03	    2.41664e-02	    1.63378e-01	    6.74429e-01	    1.14769e-02	    4.23074e-02	    1.94727e-02
    2.05844e-01	    1.40000e-01	    5.31315e-02	    1.10879e-01	    2.58318e-03	    9.81291e-03	    2.07490e-03	   -8.29719e-03	    2.39000e-02	    1.64931e-01	    6.70785e-01	    1.15223e-02	    4.19015e-02	    1.97748e-02
    2.09626e-01	    1.40000e-01	    5.28947e-02	    1.10096e-01	    2.57227e-03	    9.97697e-03	    2.16408e-03	   -8.48048e-03	    2.36214e-02	    1.66426e-01	    6.66821e-01	    1.15678e-02	    4.14896e-02	    2.00678e-02
    2.13413e-01	    1.40000e-01	    5.26461e-02	    1.09271e-01	    2.56264e-03	    1.01333e-02	    2.25915e-03	   -8.64867e-03	    2.33311e-02	    1.67857e-01	    6.62555e-01	    1.16135e-02	    4.10723e-02	    2.03511e-02
    2.17206e-01	    1.40000e-01	    5.23860e-02	    1.08404e-01	    2.55455e-03	    1.02820e-02	    2.35976e-03	   -8.80235e-03	    2.30292e-02	    1.69224e-01	    6.58004e-01	    1.16595e-02	    4.06504e-02	    2.06245e-02
    2.21006e-01	    1.40000e-01	    5.21148e-02	    1.07498e-01	    2.54822e-03	    1.04230e-02	    2.46556e-03	   -8.94211e-03	    2.27162e-02	    1.70521e-01	    6.53184e-01	    1.17057e-02	    4.02247e-02	    2.08874e-02
    2.24811e-01	    1.40000e-01	    5.18327e-02	    1.06556e-01	    2.54384e-03	    1.05564e-02	    2.57616e-03	   -9.06856e-03	    2.23926e-02	    1.71747e-01	    6.48114e-01	    1.17522e-02	    3.97956e-02	    2.11394e-02
    2.28622e-01	    1.40000e-01	    5.15400e-02	    1.05580e-01	    2.54157e-03	    1.06823e-02	    2.69119e-03	   -9.18230e-03	    2.20587e-02	    1.72901e-01	    6.42808e-01	    1.17989e-02	    3.93639e-02	    2.13804e-02
    2.32440e-01	    1.40000e-01	    5.12370e-02	    1.04573e-01	    2.54153e-03	    1.08008e-02	    2.81025e-03	   -9.28395e-03	    2.17150e-02	    1.73978e-01	    6.37283e-01	    1.18456e-02	    3.89300e-02	    2.16099e-02
    2.36265e-01	    1.40000e-01	    5.09239e-02	    1.03535e-01	    2.54382e-03	    1.09120e-02	    2.93295e-03	   -9.37409e-03	    2.13621e-02	    1.74980e-01	    6.31555e-01	    1.18924e-02	    3.84946e-02	    2.18277e-02
    2.40095e-01	    1.40000e-01	    5.06009e-02	    1.02470e-01	    2.54852e-03	    1.10159e-02	    3.05889e-03	   -9.45331e-03	    2.10005e-02	    1.75903e-01	    6.25637e-01	    1.19391e-02	    3.80580e-02	    2.20337e-02
    2.43933e-01	    1.40000e-01	    5.02683e-02	    1.01380e-01	    2.55566e-03	    1.11128e-02	    3.18767e-03	   -9.52218e-03	    2.06307e-02	    1.76747e-01	    6.19544e-01	    1.19856e-02	    3.76207e-02	    2.22277e-02
    2.47777e-01	    1.40000e-01	    4.99263e-02	    1.00266e-01	    2.56528e-03	    1.12027e-02	    3.31892e-03	   -9.58127e-03	    2.02532e-02	    1.77512e-01	    6.13291e-01	    1.20318e-02	    3.71832e-02	    2.24095e-02
    2.51628e-01	    1.40000e-01	    4.95752e-02	    9.91304e-02	    2.57738e-03	    1.12858e-02	    3.45224e-03	   -9.63112e-03	    1.98687e-02	    1.78197e-01	    6.06890e-01	    1.20775e-02	    3.67458e-02	    2.25790e-02
    2.55487e-01	    1.40000e-01	    4.92153e-02	    9.79752e-02	    2.59195e-03	    1.13622e-02	    3.58727e-03	   -9.67225e-03	    1.94777e-02	    1.78801e-01	    6.00354e-01	    1.21225e-02	    3.63089e-02	    2.27363e-02
    2.59352e-01	    1.40000e-01	    4.88467e-02	    9.68022e-02	    2.60896e-03	    1.14321e-02	    3.72365e-03	   -9.70518e-03	    1.90808e-02	    1.79325e-01	    5.93696e-01	    1.21668e-02	    3.58727e-02	    2.28813e-02
    2.63225e-01	    1.40000e-01	    4.84697e-02	    9.56130e-02	    2.62836e-03	    1.14956e-02	    3.86103e-03	   -9.73039e-03	    1.86786e-02	    1.79769e-01	    5.86927e-01	    1.22102e-02	    3.54377e-02	    2.30139e-02
    2.67105e-01	    1.40000e-01	    4.80846e-02	    9.44093e-02	    2.65010e-03	    1.15529e-02	    3.99907e-03	   -9.74837e-03	    1.82716e-02	    1.80133e-01	    5.80059e-01	    1.22525e-02	    3.50040e-02	    2.31342e-02
    2.70992e-01	    1.40000e-01	    4.76917e-02	    9.31927e-02	    2.67412e-03	    1.16042e-02	    4.13746e-03	   -9.75956e-03	    1.78603e-02	    1.80419e-01	    5.73102e-01	    1.22936e-02	    3.45719e-02	    2.32423e-02
    2.74887e-01	    1.40000e-01	    4.72911e-02	    9.19648e-02	    2.70033e-03	    1.16496e-02	    4.27587e-03	   -9.76440e-03	    1.74454e-02	    1.80626e-01	    5.66066e-01	    1.23334e-02	    3.41416e-02	    2.33382e-02
    2.78790e-01	    1.40000e-01	    4.68832e-02	    9.07271e-02	    2.72865e-03	    1.16892e-02	    4.41402e-03	   -9.76331e-03	    1.70274e-02	    1.80755e-01	    5.58963e-01	    1.23716e-02	    3.37134e-02	    2.34221e-02
    2.82701e-01	    1.40000e-01	    4.64682e-02	    8.94809e-02	    2.75899e-03	    1.17233e-02	    4.55163e-03	   -9.75670e-03	    1.66069e-02	    1.80808e-01	    5.51800e-01	    1.24082e-02	    3.32874e-02	    2.34941e-02
    2.86620e-01	    1.40000e-01	    4.60463e-02	    8.82277e-02	    2.79125e-03	    1.17519e-02	    4.68843e-03	   -9.74494e-03	    1.61842e-02	    1.80786e-01	    5.44586e-01	    1.24430e-02	    3.28638e-02	    2.35542e-02
    2.90547e-01	    1.40000e-01	    4.56180e-02	    8.69687e-02	    2.82534e-03	    1.17754e-02	    4.82416e-03	   -9.72839e-03	    1.57601e-02	    1.80689e-01	    5.37331e-01	    1.24759e-02	    3.24427e-02	    2.36028e-02
    2.94483e-01	    1.40000e-01	    4.51834e-02	    8.57052e-02	    2.86114e-03	    1.17937e-02	    4.95860e-03	   -9.70742e-03	    1.53349e-02	    1.80520e-01	    5.30042e-01	    1.25068e-02	    3.20243e-02	    2.36398e-02
    2.98426e-01	    1.40000e-01	    4.47428e-02	    8.44383e-02	    2.89856e-03	    1.18071e-02	    5.09152e-03	   -9.68235e-03	    1.49091e-02	    1.80279e-01	    5.22727e-01	    1.25355e-02	    3.16088e-02	    2.36656e-02
    3.02379e-01	    1.40000e-01	    4.42965e-02	    8.31693e-02	    2.93747e-03	    1.18157e-02	    5.22270e-03	   -9.65350e-03	    1.44832e-02	    1.79968e-01	    5.15393e-01	    1.25619e-02	    3.11961e-02	    2.36804e-02
    3.06340e-01	    1.40000e-01	    4.38447e-02	    8.18991e-02	    2.97778e-03	    1.18197e-02	    5.35196e-03	   -9.62116e-03	    1.40577e-02	    1.79589e-01	    5.08047e-01	    1.25859e-02	    3.07864e-02	    2.36842e-02
    3.10309e-01	    1.40000e-01	    4.33878e-02	    8.06289e-02	    3.01936e-03	    1.18192e-02	    5.47910e-03	   -9.58563e-03	    1.36330e-02	    1.79143e-01	    5.00695e-01	    1.26075e-02	    3.03798e-02	    2.36775e-02
    3.14288e-01	    1.40000e-01	    4.29261e-02	    7.93595e-02	    3.06211e-03	    1.18145e-02	    5.60396e-03	   -9.54717e-03	    1.32095e-02	    1.78631e-01	    4.93344e-01	    1.26265e-02	    2.99763e-02	    2.36603e-02
    3.18276e-01	    1.40000e-01	    4.24597e-02	    7.80920e-02	    3.10592e-03	    1.18056e-02	    5.72639e-03	   -9.50604e-03	    1.27876e-02	    1.78056e-01	    4.85998e-01	    1.26428e-02	    2.95760e-02	    2.36329e-02
    3.22273e-01	    1.40000e-01	    4.19891e-02	    7.68271e-02	    3.15067e-03	    1.17927e-02	    5.84623e-03	   -9.46248e-03	    1.23677e-02	    1.77420e-01	    4.78664e-01	    1.26563e-02	    2.91791e-02	    2.35956e-02
    3.26279e-01	    1.40000e-01	    4.15144e-02	    7.55658e-02	    3.19626e-03	    1.17759e-02	    5.96334e-03	   -9.41672e-03	    1.19502e-02	    1.76723e-01	    4.71346e-01	    1.26671e-02	    2.87854e-02	    2.35486e-02
    3.30295e-01	    1.40000e-01	    4.10361e-02	    7.43088e-02	    3.24257e-03	    1.17555e-02	    6.07762e-03	   -9.36897e-03	    1.15355e-02	    1.75968e-01	    4.64050e-01	    1.26749e-02	    2.83951e-02	    2.34922e-02
    3.34321e-01	    1.40000e-01	    4.05542e-02	    7.30568e-02	    3.28950e-03	    1.17314e-02	    6.18893e-03	   -9.31944e-03	    1.11238e-02	    1.75156e-01	    4.56780e-01	    1.26799e-02	    2.80081e-02	    2.34266e-02
    3.38356e-01	    1.40000e-01	    4.00692e-02	    7.18107e-02	    3.33695e-03	    1.17039e-02	    6.29717e-03	   -9.26831e-03	    1.07155e-02	    1.74290e-01	    4.49539e-01	    1.26818e-02	    2.76246e-02	    2.33520e-02
    3.42401e-01	    1.40000e-01	    3.95812e-02	    7.05709e-02	    3.38481e-03	    1.16731e-02	    6.40227e-03	   -9.21576e-03	    1.03109e-02	    1.73371e-01	    4.42333e-01	    1.26806e-02	    2.72444e-02	    2.32689e-02
    3.46456e-01	    1.40000e-01	    3.90906e-02	    6.93382e-02	    3.43297e-03	    1.16392e-02	    6.50411e-03	   -9.16195e-03	    9.91038e-03	    1.72400e-01	    4.35164e-01	    1.26764e-02	    2.68677e-02	    2.31773e-02
    3.50522e-01	    1.40000e-01	    3.85977e-02	    6.81132e-02	    3.48135e-03	    1.16022e-02	    6.60264e-03	   -9.10703e-03	    9.51410e-03	    1.71381e-01	    4.28037e-01	    1.26690e-02	    2.64944e-02	    2.30776e-02
    3.54597e-01	    1.40000e-01	    3.81026e-02	    6.68964e-02	    3.52984e-03	    1.15622e-02	    6.69778e-03	   -9.05115e-03	    9.12236e-03	    1.70313e-01	    4.20953e-01	    1.26584e-02	    2.61245e-02	    2.29700e-02
    3.58684e-01	    1.40000e-01	    3.76058e-02	    6.56882e-02	    3.57834e-03	    1.15195e-02	    6.78947e-03	   -8.99444e-03	    8.73543e-03	    1.69200e-01	    4.13917e-01	    1.26447e-02	    2.57581e-02	    2.28548e-02
    3.62781e-01	    1.40000e-01	    3.71073e-02	    6.44893e-02	    3.62677e-03	    1.14741e-02	    6.87766e-03	   -8.93701e-03	    8.35353e-03	    1.68043e-01	    4.06931e-01	    1.26277e-02	    2.53950e-02	    2.27323e-02
    3.66888e-01	    1.40000e-01	    3.66076e-02	    6.33001e-02	    3.67503e-03	    1.14262e-02	    6.96230e-03	   -8.87897e-03	    7.97688e-03	    1.66844e-01	    3.99997e-01	    1.26075e-02	    2.50354e-02	    2.26027e-02
    3.71007e-01	    1.40000e-01	    3.61068e-02	    6.21209e-02	    3.72304e-03	    1.13757e-02	    7.04336e-03	   -8.82042e-03	    7.60570e-03	    1.65604e-01	    3.93119e-01	    1.25841e-02	    2.46791e-02	    2.24662e-02
    3.75137e-01	    1.40000e-01	    3.56052e-02	    6.09522e-02	    3.77070e-03	    1.13229e-02	    7.12079e-03	   -8.76145e-03	    7.24017e-03	    1.64325e-01	    3.86298e-01	    1.25575e-02	    2.43262e-02	    2.23232e-02
    3.79278e-01	    1.40000e-01	    3.51030e-02	    5.97944e-02	    3.81794e-03	    1.12679e-02	    7.19459e-03	   -8.70214e-03	    6.88048e-03	    1.63009e-01	    3.79536e-01	    1.25276e-02	    2.39767e-02	    2.21739e-02
    3.83430e-01	    1.40000e-01	    3.46006e-02	    5.86477e-02	    3.86468e-03	    1.12107e-02	    7.26471e-03	   -8.64257e-03	    6.52679e-03	    1.61658e-01	    3.72835e-01	    1.24945e-02	    2.36305e-02	    2.20186e-02
    3.87594e-01	    1.40000e-01	    3.40980e-02	    5.75125e-02	    3.91083e-03	    1.11514e-02	    7.33115e-03	   -8.58278e-03	    6.17926e-03	    1.60273e-01	    3.66197e-01	    1.24582e-02	    2.32875e-02	    2.18575e-02
    3.91770e-01	    1.40000e-01	    3.35956e-02	    5.63891e-02	    3.95632e-03	    1.10902e-02	    7.39391e-03	   -8.52284e-03	    5.83804e-03	    1.58856e-01	    3.59623e-01	    1.24186e-02	    2.29479e-02	    2.16908e-02
    3.95957e-01	    1.40000e-01	    3.30936e-02	    5.52777e-02	    4.00108e-03	    1.10271e-02	    7.45296e-03	   -8.46280e-03	    5.50324e-03	    1.57409e-01	    3.53115e-01	    1.23759e-02	    2.26115e-02	    2.15188e-02
    4.00157e-01	    1.40000e-01	    3.25922e-02	    5.41787e-02	    4.04504e-03	    1.09622e-02	    7.50832e-03	   -8.40269e-03	    5.17501e-03	    1.55932e-01	    3.46675e-01	    1.23301e-02	    2.22783e-02	    2.13417e-02
    4.04368e-01	    1.40000e-01	    3.20916e-02	    5.30922e-02	    4.08812e-03	    1.08956e-02	    7.55999e-03	   -8.34254e-03	    4.85343e-03	    1.54429e-01	    3.40302e-01	    1.22810e-02	    2.19483e-02	    2.11599e-02
    4.08593e-01	    1.40000e-01	    3.15921e-02	    5.20183e-02	    4.13027e-03	    1.08274e-02	    7.60798e-03	   -8.28239e-03	    4.53861e-03	    1.52899e-01	    3.33999e-01	    1.22289e-02	    2.16215e-02	    2.09734e-02
    4.12829e-01	    1.40000e-01	    3.10938e-02	    5.09574e-02	    4.17141e-03	    1.07576e-02	    7.65229e-03	   -8.22225e-03	    4.23063e-03	    1.51346e-01	    3.27766e-01	    1.21738e-02	    2.12978e-02	    2.07826e-02
    4.17079e-01	    1.40000e-01	    3.05969e-02	    4.99095e-02	    4.21149e-03	    1.06863e-02	    7.69295e-03	   -8.16214e-03	    3.92957e-03	    1.49769e-01	    3.21605e-01	    1.21156e-02	    2.09772e-02	    2.05877e-02
    4.21341e-01	    1.40000e-01	    3.01017e-02	    4.88748e-02	    4.25045e-03	    1.06135e-02	    7.72998e-03	   -8.10206e-03	    3.63549e-03	    1.48172e-01	    3.15515e-01	    1.20544e-02	    2.06597e-02	    2.03888e-02
    4.25616e-01	    1.40000e-01	    2.96083e-02	    4.78535e-02	    4.28823e-03	    1.05395e-02	    7.76340e-03	   -8.04203e-03	    3.34845e-03	    1.46554e-01	    3.09498e-01	    1.19903e-02	    2.03452e-02	    2.01863e-02
    4.29905e-01	    1.40000e-01	    2.91170e-02	    4.68456e-02	    4.32478e-03	    1.04641e-02	    7.79324e-03	   -7.98204e-03	    3.06850e-03	    1.44918e-01	    3.03554e-01	    1.19233e-02	    2.00338e-02	    1.99804e-02
    4.34206e-01	    1.40000e-01	    2.86279e-02	    4.58512e-02	    4.36005e-03	    1.03875e-02	    7.81952e-03	   -7.92208e-03	    2.79566e-03	    1.43265e-01	    2.97683e-01	    1.18534e-02	    1.97254e-02	    1.97711e-02
    4.38522e-01	    1.40000e-01	    2.81411e-02	    4.48705e-02	    4.39399e-03	    1.03097e-02	    7.84228e-03	   -7.86216e-03	    2.52996e-03	    1.41596e-01	    2.91887e-01	    1.17808e-02	    1.94199e-02	    1.95589e-02
    4.42851e-01	    1.40000e-01	    2.76569e-02	    4.39034e-02	    4.42656e-03	    1.02307e-02	    7.86156e-03	   -7.80226e-03	    2.27143e-03	    1.39913e-01	    2.86164e-01	    1.17054e-02	    1.91174e-02	    1.93438e-02
    4.47194e-01	    1.40000e-01	    2.71755e-02	    4.29500e-02	    4.45771e-03	    1.01507e-02	    7.87739e-03	   -7.74236e-03	    2.02007e-03	    1.38216e-01	    2.80517e-01	    1.16274e-02	    1.88177e-02	    1.91260e-02
    4.51551e-01	    1.40000e-01	    2.66969e-02	    4.20105e-02	    4.48741e-03	    1.00697e-02	    7.88982e-03	   -7.68246e-03	    1.77588e-03	    1.36508e-01	    2.74944e-01	    1.15467e-02	    1.85210e-02	    1.89058e-02
    4.55923e-01	    1.40000e-01	    2.62213e-02	    4.10847e-02	    4.51561e-03	    9.98772e-03	    7.89889e-03	   -7.62253e-03	    1.53885e-03	    1.34789e-01	    2.69445e-01	    1.14636e-02	    1.82271e-02	    1.86834e-02
    4.60309e-01	    1.40000e-01	    2.57489e-02	    4.01728e-02	    4.54228e-03	    9.90479e-03	    7.90465e-03	   -7.56255e-03	    1.30896e-03	    1.33060e-01	    2.64022e-01	    1.13779e-02	    1.79361e-02	    1.84589e-02
    4.64709e-01	    1.40000e-01	    2.52798e-02	    3.92747e-02	    4.56738e-03	    9.82097e-03	    7.90714e-03	   -7.50251e-03	    1.08621e-03	    1.31324e-01	    2.58673e-01	    1.12898e-02	    1.76479e-02	    1.82325e-02
    4.69125e-01	    1.40000e-01	    2.48142e-02	    3.83904e-02	    4.59090e-03	    9.73631e-03	    7.90641e-03	   -7.44238e-03	    8.70543e-04	    1.29579e-01	    2.53400e-01	    1.11994e-02	    1.73624e-02	    1.80044e-02
    4.73555e-01	    1.40000e-01	    2.43522e-02	    3.75200e-02	    4.61280e-03	    9.65084e-03	    7.90251e-03	   -7.38213e-03	    6.61937e-04	    1.27829e-01	    2.48201e-01	    1.11067e-02	    1.70798e-02	    1.77748e-02
    4.78001e-01	    1.40000e-01	    2.38939e-02	    3.66633e-02	    4.63305e-03	    9.56460e-03	    7.89550e-03	   -7.32175e-03	    4.60346e-04	    1.26074e-01	    2.43077e-01	    1.10119e-02	    1.67999e-02	    1.75438e-02
    4.82462e-01	    1.40000e-01	    2.34394e-02	    3.58204e-02	    4.65164e-03	    9.47764e-03	    7.88544e-03	   -7.26122e-03	    2.65717e-04	    1.24315e-01	    2.38027e-01	    1.09149e-02	    1.65227e-02	    1.73116e-02
    4.86939e-01	    1.40000e-01	    2.29889e-02	    3.49911e-02	    4.66854e-03	    9.38997e-03	    7.87237e-03	   -7.20050e-03	    7.79964e-05	    1.22553e-01	    2.33051e-01	    1.08158e-02	    1.62483e-02	    1.70783e-02
    4.91432e-01	    1.40000e-01	    2.25424e-02	    3.41756e-02	    4.68374e-03	    9.30165e-03	    7.85636e-03	   -7.13957e-03	   -1.02879e-04	    1.20789e-01	    2.28149e-01	    1.07148e-02	    1.59766e-02	    1.68442e-02
    4.95941e-01	    1.40000e-01	    2.21001e-02	    3.33737e-02	    4.69722e-03	    9.21270e-03	    7.83747e-03	   -7.07841e-03	   -2.76975e-04	    1.19024e-01	    2.23321e-01	    1.06119e-02	    1.57075e-02	    1.66094e-02
    5.00466e-01	    1.40000e-01	    2.16620e-02	    3.25853e-02	    4.70898e-03	    9.12315e-03	    7.81576e-03	   -7.01701e-03	   -4.44365e-04	    1.17259e-01	    2.18566e-01	    1.05071e-02	    1.54411e-02	    1.63739e-02
    5.05007e-01	    1.40000e-01	    2.12283e-02	    3.18104e-02	    4.71900e-03	    9.03305e-03	    7.79128e-03	   -6.95532e-03	   -6.05127e-04	    1.15494e-01	    2.13884e-01	    1.04006e-02	    1.51774e-02	    1.61381e-02
    5.09565e-01	    1.40000e-01	    2.07991e-02	    3.10489e-02	    4.72727e-03	    8.94240e-03	    7.76411e-03	   -6.89335e-03	   -7.59342e-04	    1.13732e-01	    2.09275e-01	    1.02925e-02	    1.49163e-02	    1.59019e-02
    5.14140e-01	    1.40000e-01	    2.03744e-02	    3.03007e-02	    4.73379e-03	    8.85125e-03	    7.73430e-03	   -6.83106e-03	   -9.07097e-04	    1.11972e-01	    2.04738e-01	    1.01828e-02	    1.46579e-02	    1.56655e-02
    5.18732e-01	    1.40000e-01	    1.99543e-02	    2.95657e-02	    4.73856e-03	    8.75963e-03	    7.70192e-03	   -6.76843e-03	   -1.04848e-03	    1.10215e-01	    2.00272e-01	    1.00715e-02	    1.44021e-02	    1.54292e-02
    5.23341e-01	    1.40000e-01	    1.95389e-02	    2.88439e-02	    4.74159e-03	    8.66756e-03	    7.66704e-03	   -6.70546e-03	   -1.18359e-03	    1.08463e-01	    1.95878e-01	    9.95887e-03	    1.41489e-02	    1.51929e-02
    5.27968e-01	    1.40000e-01	    1.91282e-02	    2.81351e-02	    4.74286e-03	    8.57507e-03	    7.62972e-03	   -6.64212e-03	   -1.31253e-03	    1.06715e-01	    1.91554e-01	    9.84488e-03	    1.38983e-02	    1.49568e-02
    5.32613e-01	    1.40000e-01	    1.87223e-02	    2.74393e-02	    4.74238e-03	    8.48219e-03	    7.59002e-03	   -6.57839e-03	   -1.43539e-03	    1.04974e-01	    1.87301e-01	    9.72961e-03	    1.36503e-02	    1.47211e-02
    5.37275e-01	    1.40000e-01	    1.83214e-02	    2.67563e-02	    4.74017e-03	    8.38894e-03	    7.54802e-03	   -6.51428e-03	   -1.55227e-03	    1.03238e-01	    1.83117e-01	    9.61317e-03	    1.34049e-02	    1.44858e-02
    5.41956e-01	    1.40000e-01	    1.79253e-02	    2.60860e-02	    4.73623e-03	    8.29535e-03	    7.50378e-03	   -6.44977e-03	   -1.66330e-03	    1.01510e-01	    1.79002e-01	    9.49562e-03	    1.31621e-02	    1.42511e-02
    5.46655e-01	    1.40000e-01	    1.75342e-02	    2.54284e-02	    4.73057e-03	    8.20145e-03	    7.45737e-03	   -6.38484e-03	   -1.76856e-03	    9.97895e-02	    1.74956e-01	    9.37704e-03	    1.29218e-02	    1.40171e-02
    5.51373e-01	    1.40000e-01	    1.71482e-02	    2.47832e-02	    4.72321e-03	    8.10726e-03	    7.40885e-03	   -6.31949e-03	   -1.86819e-03	    9.80774e-02	    1.70978e-01	    9.25751e-03	    1.26841e-02	    1.37838e-02
    5.56110e-01	    1.40000e-01	    1.67672e-02	    2.41504e-02	    4.71416e-03	    8.01281e-03	    7.35830e-03	   -6.25372e-03	   -1.96229e-03	    9.63743e-02	    1.67067e-01	    9.13712e-03	    1.24490e-02	    1.35514e-02
    5.60866e-01	    1.40000e-01	    1.63913e-02	    2.35299e-02	    4.70343e-03	    7.91812e-03	    7.30579e-03	   -6.18753e-03	   -2.05098e-03	    9.46809e-02	    1.63223e-01	    9.01594e-03	    1.22165e-02	    1.33200e-02
    5.65641e-01	    1.40000e-01	    1.60206e-02	    2.29214e-02	    4.69105e-03	    7.82321e-03	    7.25137e-03	   -6.12090e-03	   -2.13438e-03	    9.29976e-02	    1.59446e-01	    8.89404e-03	    1.19865e-02	    1.30897e-02
    5.70436e-01	    1.40000e-01	    1.56550e-02	    2.23250e-02	    4.67703e-03	    7.72812e-03	    7.19513e-03	   -6.05385e-03	   -2.21260e-03	    9.13251e-02	    1.55733e-01	    8.77150e-03	    1.17591e-02	    1.28605e-02
    5.75250e-01	    1.40000e-01	    1.52946e-02	    2.17404e-02	    4.66140e-03	    7.63287e-03	    7.13712e-03	   -5.98637e-03	   -2.28576e-03	    8.96638e-02	    1.52086e-01	    8.64840e-03	    1.15342e-02	    1.26325e-02
    5.80085e-01	    1.40000e-01	    1.49394e-02	    2.11676e-02	    4.64418e-03	    7.53747e-03	    7.07742e-03	   -5.91847e-03	   -2.35400e-03	    8.80143e-02	    1.48503e-01	    8.52481e-03	    1.13119e-02	    1.24059e-02
    5.84941e-01	    1.40000e-01	    1.45895e-02	    2.06064e-02	    4.62540e-03	    7.44197e-03	    7.01609e-03	   -5.85015e-03	   -2.41742e-03	    8.63770e-02	    1.44984e-01	    8.40080e-03	    1.10921e-02	    1.21806e-02
    5.89816e-01	    1.40000e-01	    1.42448e-02	    2.00566e-02	    4.60508e-03	    7.34637e-03	    6.95320e-03	   -5.78142e-03	   -2.47616e-03	    8.47524e-02	    1.41527e-01	    8.27646e-03	    1.08748e-02	    1.19569e-02
    5.94713e-01	    1.40000e-01	    1.39054e-02	    1.95181e-02	    4.58325e-03	    7.25071e-03	    6.88882e-03	   -5.71230e-03	   -2.53033e-03	    8.31410e-02	    1.38133e-01	    8.15184e-03	    1.06601e-02	    1.17347e-02
    5.99631e-01	    1.40000e-01	    1.35712e-02	    1.89908e-02	    4.55994e-03	    7.15500e-03	    6.82301e-03	   -5.64279e-03	   -2.58007e-03	    8.15431e-02	    1.34801e-01	    8.02701e-03	    1.04480e-02	    1.15141e-02
    6.04571e-01	    1.40000e-01	    1.32422e-02	    1.84746e-02	    4.53518e-03	    7.05928e-03	    6.75584e-03	   -5.57290e-03	   -2.62549e-03	    7.99591e-02	    1.31529e-01	    7.90206e-03	    1.02384e-02	    1.12952e-02
    6.09532e-01	    1.40000e-01	    1.29186e-02	    1.79693e-02	    4.50900e-03	    6.96357e-03	    6.68738e-03	   -5.50265e-03	   -2.66671e-03	    7.83895e-02	    1.28318e-01	    7.77704e-03	    1.00313e-02	    1.10780e-02
    6.14515e-01	    1.40000e-01	    1.26002e-02	    1.74747e-02	    4.48144e-03	    6.86789e-03	    6.61769e-03	   -5.43206e-03	   -2.70387e-03	    7.68345e-02	    1.25166e-01	    7.65202e-03	    9.82674e-03	    1.08627e-02
    6.19520e-01	    1.40000e-01	    1.22871e-02	    1.69907e-02	    4.45252e-03	    6.77227e-03	    6.54684e-03	   -5.36114e-03	   -2.73709e-03	    7.52945e-02	    1.22074e-01	    7.52707e-03	    9.62474e-03	    1.06492e-02
    6.24548e-01	    1.40000e-01	    1.19792e-02	    1.65172e-02	    4.42229e-03	    6.67673e-03	    6.47488e-03	   -5.28991e-03	   -2.76648e-03	    7.37699e-02	    1.19039e-01	    7.40224e-03	    9.42526e-03	    1.04376e-02
    6.29598e-01	    1.40000e-01	    1.16765e-02	    1.60540e-02	    4.39078e-03	    6.58129e-03	    6.40189e-03	   -5.21839e-03	   -2.79217e-03	    7.22608e-02	    1.16062e-01	    7.27761e-03	    9.22831e-03	    1.02280e-02
    6.34672e-01	    1.40000e-01	    1.13791e-02	    1.56010e-02	    4.35803e-03	    6.48598e-03	    6.32792e-03	   -5.14660e-03	   -2.81428e-03	    7.07677e-02	    1.13142e-01	    7.15323e-03	    9.03389e-03	    1.00204e-02
    6.39769e-01	    1.40000e-01	    1.10869e-02	    1.51580e-02	    4.32406e-03	    6.39083e-03	    6.25305e-03	   -5.07457e-03	   -2.83293e-03	    6.92908e-02	    1.10278e-01	    7.02916e-03	    8.84200e-03	    9.81491e-03
    6.44890e-01	    1.40000e-01	    1.07998e-02	    1.47249e-02	    4.28893e-03	    6.29585e-03	    6.17731e-03	   -5.00232e-03	   -2.84824e-03	    6.78303e-02	    1.07469e-01	    6.90546e-03	    8.65263e-03	    9.61151e-03
    6.50035e-01	    1.40000e-01	    1.05179e-02	    1.43015e-02	    4.25267e-03	    6.20107e-03	    6.10079e-03	   -4.92986e-03	   -2.86033e-03	    6.63864e-02	    1.04716e-01	    6.78219e-03	    8.46578e-03	    9.41025e-03
    6.55204e-01	    1.40000e-01	    1.02412e-02	    1.38877e-02	    4.21531e-03	    6.10652e-03	    6.02353e-03	   -4.85724e-03	   -2.86932e-03	    6.49593e-02	    1.02016e-01	    6.65940e-03	    8.28145e-03	    9.21118e-03
    6.60398e-01	    1.40000e-01	    9.96954e-03	    1.34834e-02	    4.17691e-03	    6.01222e-03	    5.94560e-03	   -4.78447e-03	   -2.87531e-03	    6.35494e-02	    9.93696e-02	    6.53714e-03	    8.09963e-03	    9.01433e-03
    6.65617e-01	    1.40000e-01	    9.70299e-03	    1.30884e-02	    4.13749e-03	    5.91819e-03	    5.86705e-03	   -4.71157e-03	   -2.87844e-03	    6.21566e-02	    9.67760e-02	    6.41546e-03	    7.92032e-03	    8.81973e-03
    6.70861e-01	    1.40000e-01	    9.44148e-03	    1.27025e-02	    4.09709e-03	    5.82446e-03	    5.78794e-03	   -4.63859e-03	   -2.87880e-03	    6.07813e-02	    9.42344e-02	    6.29442e-03	    7.74352e-03	    8.62743e-03
    6.76130e-01	    1.40000e-01	    9.18499e-03	    1.23256e-02	    4.05577e-03	    5.73105e-03	    5.70833e-03	   -4.56553e-03	   -2.87651e-03	    5.94235e-02	    9.17441e-02	    6.17406e-03	    7.56922e-03	    8.43743e-03
    6.81425e-01	    1.40000e-01	    8.93348e-03	    1.19576e-02	    4.01355e-03	    5.63798e-03	    5.62826e-03	   -4.49245e-03	   -2.87168e-03	    5.80834e-02	    8.93044e-02	    6.05443e-03	    7.39742e-03	    8.24978e-03
    6.86747e-01	    1.40000e-01	    8.68692e-03	    1.15984e-02	    3.97048e-03	    5.54528e-03	    5.54780e-03	   -4.41935e-03	   -2.86441e-03	    5.67611e-02	    8.69146e-02	    5.93557e-03	    7.22810e-03	    8.06450e-03
    6.92095e-01	    1.40000e-01	    8.44526e-03	    1.12477e-02	    3.92660e-03	    5.45296e-03	    5.46699e-03	   -4.34627e-03	   -2.85482e-03	    5.54568e-02	    8.45741e-02	    5.81753e-03	    7.06128e-03	    7.88160e-03
    6.97470e-01	    1.40000e-01	    8.20847e-03	    1.09054e-02	    3.88195e-03	    5.36106e-03	    5.38589e-03	   -4.27325e-03	   -2.84300e-03	    5.41705e-02	    8.22822e-02	    5.70035e-03	    6.89693e-03	    7.70111e-03
    7.02873e-01	    1.40000e-01	    7.97650e-03	    1.05715e-02	    3.83657e-03	    5.26959e-03	    5.30454e-03	   -4.20031e-03	   -2.82907e-03	    5.29022e-02	    8.00382e-02	    5.58407e-03	    6.73505e-03	    7.52304e-03
    7.08303e-01	    1.40000e-01	    7.74931e-03	    1.02456e-02	    3.79050e-03	    5.17857e-03	    5.22300e-03	   -4.12747e-03	   -2.81311e-03	    5.16522e-02	    7.78414e-02	    5.46873e-03	    6.57564e-03	    7.34742e-03
    7.13761e-01	    1.40000e-01	    7.52686e-03	    9.92785e-03	    3.74379e-03	    5.08803e-03	    5.14131e-03	   -4.05478e-03	   -2.79524e-03	    5.04204e-02	    7.56912e-02	    5.35436e-03	    6.41869e-03	    7.17425e-03
    7.19247e-01	    1.40000e-01	    7.30910e-03	    9.61792e-03	    3.69646e-03	    4.99800e-03	    5.05953e-03	   -3.98225e-03	   -2.77553e-03	    4.92068e-02	    7.35868e-02	    5.24101e-03	    6.26419e-03	    7.00355e-03
    7.24762e-01	    1.40000e-01	    7.09598e-03	    9.31573e-03	    3.64857e-03	    4.90848e-03	    4.97769e-03	   -3.90993e-03	   -2.75410e-03	    4.80116e-02	    7.15277e-02	    5.12870e-03	    6.11214e-03	    6.83533e-03
    7.30306e-01	    1.40000e-01	    6.88746e-03	    9.02114e-03	    3.60015e-03	    4.81950e-03	    4.89585e-03	   -3.83783e-03	   -2.73103e-03	    4.68347e-02	    6.95132e-02	    5.01746e-03	    5.96251e-03	    6.66959e-03
    7.35879e-01	    1.40000e-01	    6.68348e-03	    8.73400e-03	    3.55124e-03	    4.73108e-03	    4.81404e-03	   -3.76599e-03	   -2.70640e-03	    4.56762e-02	    6.75425e-02	    4.90733e-03	    5.81531e-03	    6.50635e-03
    7.41482e-01	    1.40000e-01	    6.48399e-03	    8.45419e-03	    3.50188e-03	    4.64325e-03	    4.73230e-03	   -3.69443e-03	   -2.68032e-03	    4.45361e-02	    6.56151e-02	    4.79834e-03	    5.67052e-03	    6.34561e-03
    7.47116e-01	    1.40000e-01	    6.28895e-03	    8.18157e-03	    3.45211e-03	    4.55602e-03	    4.65069e-03	   -3.62320e-03	   -2.65287e-03	    4.34143e-02	    6.37303e-02	    4.69051e-03	    5.52813e-03	    6.18737e-03
    7.52780e-01	    1.40000e-01	    6.09829e-03	    7.91601e-03	    3.40197e-03	    4.46941e-03	    4.56924e-03	   -3.55230e-03	   -2.62412e-03	    4.23108e-02	    6.18875e-02	    4.58387e-03	    5.38814e-03	    6.03164e-03
    7.58475e-01	    1.40000e-01	    5.91197e-03	    7.65737e-03	    3.35150e-03	    4.38343e-03	    4.48799e-03	   -3.48178e-03	   -2.59417e-03	    4.12257e-02	    6.00860e-02	    4.47845e-03	    5.25052e-03	    5.87842e-03
    7.64201e-01	    1.40000e-01	    5.72994e-03	    7.40552e-03	    3.30072e-03	    4.29812e-03	    4.40697e-03	   -3.41166e-03	   -2.56308e-03	    4.01588e-02	    5.83251e-02	    4.37427e-03	    5.11528e-03	    5.72770e-03
    7.69959e-01	    1.40000e-01	    5.55213e-03	    7.16034e-03	    3.24968e-03	    4.21348e-03	    4.32624e-03	   -3.34196e-03	   -2.53095e-03	    3.91101e-02	    5.66044e-02	    4.27134e-03	    4.98238e-03	    5.57949e-03
    7.75750e-01	    1.40000e-01	    5.37849e-03	    6.92169e-03	    3.19842e-03	    4.12954e-03	    4.24581e-03	   -3.27271e-03	   -2.49784e-03	    3.80797e-02	    5.49230e-02	    4.16970e-03	    4.85183e-03	    5.43378e-03
    7.81573e-01	    1.40000e-01	    5.20897e-03	    6.68945e-03	    3.14697e-03	    4.04630e-03	    4.16572e-03	   -3.20395e-03	   -2.46383e-03	    3.70674e-02	    5.32804e-02	    4.06935e-03	    4.72361e-03	    5.29056e-03
    7.87429e-01	    1.40000e-01	    5.04351e-03	    6.46349e-03	    3.09537e-03	    3.96380e-03	    4.08602e-03	   -3.13568e-03	   -2.42899e-03	    3.60731e-02	    5.16760e-02	    3.97032e-03	    4.59770e-03	    5.14984e-03
    7.93319e-01	    1.40000e-01	    4.88205e-03	    6.24369e-03	    3.04364e-03	    3.88203e-03	    4.00673e-03	   -3.06795e-03	   -2.39338e-03	    3.50968e-02	    5.01092e-02	    3.87263e-03	    4.47409e-03	    5.01160e-03
    7.99243e-01	    1.40000e-01	    4.72453e-03	    6.02992e-03	    2.99183e-03	    3.80103e-03	    3.92788e-03	   -3.00076e-03	   -2.35708e-03	    3.41384e-02	    4.85793e-02	    3.77628e-03	    4.35277e-03	    4.87583e-03
    8.05201e-01	    1.40000e-01	    4.57090e-03	    5.82206e-03	    2.93997e-03	    3.72080e-03	    3.84951e-03	   -2.93415e-03	   -2.32016e-03	    3.31978e-02	    4.70858e-02	    3.68129e-03	    4.23371e-03	    4.74253e-03
    8.11194e-01	    1.40000e-01	    4.42111e-03	    5.61999e-03	    2.88808e-03	    3.64136e-03	    3.77164e-03	   -2.86813e-03	   -2.28266e-03	    3.22750e-02	    4.56281e-02	    3.58768e-03	    4.11691e-03	    4.61169e-03
    8.17222e-01	    1.40000e-01	    4.27508e-03	    5.42360e-03	    2.83620e-03	    3.56273e-03	    3.69430e-03	   -2.80274e-03	   -2.24466e-03	    3.13697e-02	    4.42055e-02	    3.49546e-03	    4.00234e-03	    4.48330e-03
    8.23287e-01	    1.40000e-01	    4.13276e-03	    5.23275e-03	    2.78437e-03	    3.48491e-03	    3.61753e-03	   -2.73798e-03	   -2.20621e-03	    3.04819e-02	    4.28174e-02	    3.40462e-03	    3.88999e-03	    4.35733e-03
    8.29387e-01	    1.40000e-01	    3.99410e-03	    5.04735e-03	    2.73260e-03	    3.40792e-03	    3.54134e-03	   -2.67388e-03	   -2.16737e-03	    2.96116e-02	    4.14634e-02	    3.31520e-03	    3.77984e-03	    4.23379e-03
    8.35524e-01	    1.40000e-01	    3.85903e-03	    4.86726e-03	    2.68094e-03	    3.33177e-03	    3.46576e-03	   -2.61046e-03	   -2.12819e-03	    2.87585e-02	    4.01427e-02	    3.22718e-03	    3.67188e-03	    4.11264e-03
    8.41699e-01	    1.40000e-01	    3.72749e-03	    4.69238e-03	    2.62940e-03	    3.25648e-03	    3.39082e-03	   -2.54774e-03	   -2.08874e-03	    2.79225e-02	    3.88549e-02	    3.14059e-03	    3.56608e-03	    3.99389e-03
    8.47911e-01	    1.40000e-01	    3.59944e-03	    4.52260e-03	    2.57803e-03	    3.18206e-03	    3.31653e-03	   -2.48573e-03	   -2.04905e-03	    2.71035e-02	    3.75993e-02	    3.05541e-03	    3.46243e-03	    3.87752e-03
    8.54162e-01	    1.40000e-01	    3.47480e-03	    4.35781e-03	    2.52683e-03	    3.10851e-03	    3.24293e-03	   -2.42446e-03	   -2.00918e-03	    2.63015e-02	    3.63755e-02	    2.97167e-03	    3.36090e-03	    3.76350e-03
    8.60452e-01	    1.40000e-01	    3.35351e-03	    4.19789e-03	    2.47585e-03	    3.03585e-03	    3.17003e-03	   -2.36393e-03	   -1.96917e-03	    2.55161e-02	    3.51827e-02	    2.88935e-03	    3.26148e-03	    3.65181e-03
    8.66781e-01	    1.40000e-01	    3.23553e-03	    4.04273e-03	    2.42510e-03	    2.96409e-03	    3.09785e-03	   -2.30416e-03	   -1.92908e-03	    2.47473e-02	    3.40206e-02	    2.80847e-03	    3.16415e-03	    3.54245e-03
    8.73149e-01	    1.40000e-01	    3.12079e-03	    3.89224e-03	    2.37461e-03	    2.89323e-03	    3.02642e-03	   -2.24516e-03	   -1.88894e-03	    2.39950e-02	    3.28885e-02	    2.72902e-03	    3.06889e-03	    3.43540e-03
    8.79559e-01	    1.40000e-01	    3.00923e-03	    3.74630e-03	    2.32441e-03	    2.82329e-03	    2.95575e-03	   -2.18696e-03	   -1.84879e-03	    2.32589e-02	    3.17859e-02	    2.65101e-03	    2.97568e-03	    3.33062e-03
    8.86009e-01	    1.40000e-01	    2.90079e-03	    3.60482e-03	    2.27452e-03	    2.75427e-03	    2.88585e-03	   -2.12956e-03	   -1.80869e-03	    2.25390e-02	    3.07122e-02	    2.57443e-03	    2.88449e-03	    3.22811e-03
    8.92501e-01	    1.40000e-01	    2.79541e-03	    3.46769e-03	    2.22495e-03	    2.68619e-03	    2.81676e-03	   -2.07297e-03	   -1.76865e-03	    2.18350e-02	    2.96670e-02	    2.49929e-03	    2.79530e-03	    3.12783e-03
    8.99035e-01	    1.40000e-01	    2.69305e-03	    3.33480e-03	    2.17574e-03	    2.61904e-03	    2.74847e-03	   -2.01721e-03	   -1.72873e-03	    2.11469e-02	    2.86496e-02	    2.42557e-03	    2.70810e-03	    3.02978e-03
    9.05611e-01	    1.40000e-01	    2.59363e-03	    3.20607e-03	    2.12690e-03	    2.55283e-03	    2.68101e-03	   -1.96228e-03	   -1.68896e-03	    2.04743e-02	    2.76596e-02	    2.35329e-03	    2.62286e-03	    2.93392e-03
    9.12231e-01	    1.40000e-01	    2.49710e-03	    3.08138e-03	    2.07845e-03	    2.48758e-03	    2.61439e-03	   -1.90819e-03	   -1.64937e-03	    1.98172e-02	    2.66965e-02	    2.28242e-03	    2.53956e-03	    2.84024e-03
    9.18895e-01	    1.40000e-01	    2.40341e-03	    2.96066e-03	    2.03042e-03	    2.42328e-03	    2.54863e-03	   -1.85496e-03	   -1.60999e-03	    1.91754e-02	    2.57597e-02	    2.21298e-03	    2.45818e-03	    2.74871e-03
    9.25604e-01	    1.40000e-01	    2.31249e-03	    2.84379e-03	    1.98281e-03	    2.35995e-03	    2.48373e-03	   -1.80258e-03	   -1.57085e-03	    1.85486e-02	    2.48487e-02	    2.14494e-03	    2.37869e-03	    2.65931e-03
    9.32358e-01	    1.40000e-01	    2.22430e-03	    2.73069e-03	    1.93566e-03	    2.29758e-03	    2.41971e-03	   -1.75107e-03	   -1.53198e-03	    1.79368e-02	    2.39630e-02	    2.07832e-03	    2.30107e-03	    2.57201e-03
    9.39157e-01	    1.40000e-01	    2.13877e-03	    2.62127e-03	    1.88897e-03	    2.23618e-03	    2.35658e-03	   -1.70043e-03	   -1.49342e-03	    1.73398e-02	    2.31022e-02	    2.01309e-03	    2.22530e-03	    2.48679e-03
    9.46003e-01	    1.40000e-01	    2.05584e-03	    2.51544e-03	    1.84276e-03	    2.17575e-03	    2.29434e-03	   -1.65067e-03	   -1.45518e-03	    1.67572e-02	    2.22657e-02	    1.94925e-03	    2.15135e-03	    2.40362e-03
    9.52896e-01	    1.40000e-01	    1.97547e-03	    2.41309e-03	    1.79704e-03	    2.11629e-03	    2.23301e-03	   -1.60179e-03	   -1.41729e-03	    1.61891e-02	    2.14531e-02	    1.88680e-03	    2.07920e-03	    2.32248e-03
    9.59837e-01	    1.40000e-01	    1.89760e-03	    2.31416e-03	    1.75184e-03	    2.05782e-03	    2.17260e-03	   -1.55379e-03	   -1.37977e-03	    1.56351e-02	    2.06639e-02	    1.82572e-03	    2.00884e-03	    2.24335e-03
    9.66826e-01	    1.40000e-01	    1.82218e-03	    2.21855e-03	    1.70717e-03	    2.00032e-03	    2.11312e-03	   -1.50668e-03	   -1.34265e-03	    1.50951e-02	    1.98975e-02	    1.76600e-03	    1.94022e-03	    2.16619e-03
    9.73865e-01	    1.40000e-01	    1.74914e-03	    2.12617e-03	    1.66303e-03	    1.94381e-03	    2.05456e-03	   -1.46046e-03	   -1.30595e-03	    1.45689e-02	    1.91536e-02	    1.70764e-03	    1.87333e-03	    2.09099e-03
    9.80953e-01	    1.40000e-01	    1.67844e-03	    2.03695e-03	    1.61945e-03	    1.88827e-03	    1.99695e-03	   -1.41513e-03	   -1.26968e-03	    1.40562e-02	    1.84316e-02	    1.65062e-03	    1.80815e-03	    2.01771e-03
    9.88092e-01	    1.40000e-01	    1.61002e-03	    1.95080e-03	    1.57642e-03	    1.83372e-03	    1.94027e-03	   -1.37070e-03	   -1.23387e-03	    1.35570e-02	    1.77311e-02	    1.59493e-03	    1.74465e-03	    1.94632e-03
    9.95282e-01	    1.40000e-01	    1.54384e-03	    1.86764e-03	    1.53398e-03	    1.78015e-03	    1.88454e-03	   -1.32715e-03	   -1.19852e-03	    1.30709e-02	    1.70517e-02	    1.54056e-03	    1.68280e-03	    1.87681e-03
    1.00252e+00	    1.40000e-01	    1.47983e-03	    1.78739e-03	    1.49211e-03	    1.72756e-03	    1.82976e-03	   -1.28450e-03	   -1.16366e-03	    1.25979e-02	    1.63929e-02	    1.48750e-03	    1.62259e-03	    1.80914e-03
    1.00982e+00	    1.40000e-01	    1.41795e-03	    1.70997e-03	    1.45085e-03	    1.67595e-03	    1.77594e-03	   -1.24273e-03	   -1.12931e-03	    1.21376e-02	    1.57542e-02	    1.43573e-03	    1.56398e-03	    1.74328e-03
    1.01717e+00	    1.40000e-01	    1.35815e-03	    1.63532e-03	    1.41018e-03	    1.62532e-03	    1.72308e-03	   -1.20185e-03	   -1.09547e-03	    1.16900e-02	    1.51352e-02	    1.38525e-03	    1.50695e-03	    1.67922e-03
    1.02457e+00	    1.40000e-01	    1.30037e-03	    1.56334e-03	    1.37013e-03	    1.57566e-03	    1.67117e-03	   -1.16186e-03	   -1.06215e-03	    1.12547e-02	    1.45356e-02	    1.33603e-03	    1.45147e-03	    1.61691e-03
    1.03203e+00	    1.40000e-01	    1.24458e-03	    1.49397e-03	    1.33070e-03	    1.52698e-03	    1.62023e-03	   -1.12275e-03	   -1.02938e-03	    1.08317e-02	    1.39547e-02	    1.28806e-03	    1.39754e-03	    1.55634e-03
    1.03954e+00	    1.40000e-01	    1.19071e-03	    1.42713e-03	    1.29190e-03	    1.47927e-03	    1.57025e-03	   -1.08452e-03	   -9.97148e-04	    1.04206e-02	    1.33923e-02	    1.24133e-03	    1.34510e-03	    1.49747e-03
    1.04712e+00	    1.40000e-01	    1.13872e-03	    1.36276e-03	    1.25373e-03	    1.43252e-03	    1.52123e-03	   -1.04716e-03	   -9.65479e-04	    1.00213e-02	    1.28479e-02	    1.19583e-03	    1.29415e-03	    1.44027e-03
    1.05474e+00	    1.40000e-01	    1.08856e-03	    1.30078e-03	    1.21620e-03	    1.38674e-03	    1.47318e-03	   -1.01067e-03	   -9.34376e-04	    9.63358e-03	    1.23211e-02	    1.15153e-03	    1.24464e-03	    1.38472e-03
    1.06243e+00	    1.40000e-01	    1.04019e-03	    1.24113e-03	    1.17931e-03	    1.34192e-03	    1.42608e-03	   -9.75050e-04	   -9.03848e-04	    9.25724e-03	    1.18115e-02	    1.10842e-03	    1.19658e-03	    1.33079e-03
    1.07018e+00	    1.40000e-01	    9.93560e-04	    1.18373e-03	    1.14307e-03	    1.29806e-03	    1.37995e-03	   -9.40284e-04	   -8.73900e-04	    8.89207e-03	    1.13186e-02	    1.06649e-03	    1.14992e-03	    1.27846e-03
    1.07799e+00	    1.40000e-01	    9.48621e-04	    1.12853e-03	    1.10749e-03	    1.25514e-03	    1.33477e-03	   -9.06371e-04	   -8.44538e-04	    8.53787e-03	    1.08422e-02	    1.02572e-03	    1.10463e-03	    1.22768e-03
    1.08586e+00	    1.40000e-01	    9.05330e-04	    1.07545e-03	    1.07257e-03	    1.21317e-03	    1.29055e-03	   -8.73303e-04	   -8.15767e-04	    8.19443e-03	    1.03817e-02	    9.86096e-04	    1.06071e-03	    1.17844e-03
    1.09379e+00	    1.40000e-01	    8.63642e-04	    1.02444e-03	    1.03830e-03	    1.17213e-03	    1.24729e-03	   -8.41073e-04	   -7.87592e-04	    7.86155e-03	    9.93687e-03	    9.47596e-04	    1.01811e-03	    1.13070e-03
    1.10178e+00	    1.40000e-01	    8.23514e-04	    9.75433e-04	    1.00470e-03	    1.13203e-03	    1.20497e-03	   -8.09673e-04	   -7.60014e-04	    7.53902e-03	    9.50725e-03	    9.10206e-04	    9.76820e-04	    1.08444e-03
    1.10984e+00	    1.40000e-01	    7.84903e-04	    9.28366e-04	    9.71760e-04	    1.09286e-03	    1.16359e-03	   -7.79096e-04	   -7.33038e-04	    7.22665e-03	    9.09248e-03	    8.73908e-04	    9.36807e-04	    1.03962e-03
    1.11796e+00	    1.40000e-01	    7.47765e-04	    8.83180e-04	    9.39487e-04	    1.05460e-03	    1.12316e-03	   -7.49334e-04	   -7.06665e-04	    6.92422e-03	    8.69219e-03	    8.38686e-04	    8.98048e-04	    9.96231e-04
    1.12615e+00	    1.40000e-01	    7.12060e-04	    8.39817e-04	    9.07881e-04	    1.01725e-03	    1.08366e-03	   -7.20376e-04	   -6.80895e-04	    6.63154e-03	    8.30601e-03	    8.04520e-04	    8.60520e-04	    9.54227e-04
    1.13441e+00	    1.40000e-01	    6.77745e-04	    7.98220e-04	    8.76942e-04	    9.80816e-04	    1.04509e-03	   -6.92215e-04	   -6.55728e-04	    6.34840e-03	    7.93358e-03	    7.71393e-04	    8.24196e-04	    9.13587e-04
    1.14273e+00	    1.40000e-01	    6.44781e-04	    7.58334e-04	    8.46670e-04	    9.45267e-04	    1.00745e-03	   -6.64840e-04	   -6.31166e-04	    6.07460e-03	    7.57455e-03	    7.39289e-04	    7.89052e-04	    8.74280e-04
    1.15112e+00	    1.40000e-01	    6.13128e-04	    7.20103e-04	    8.17064e-04	    9.10614e-04	    9.70717e-04	   -6.38243e-04	   -6.07206e-04	    5.80995e-03	    7.22856e-03	    7.08188e-04	    7.55063e-04	    8.36280e-04
    1.15959e+00	    1.40000e-01	    5.82746e-04	    6.83475e-04	    7.88122e-04	    8.76840e-04	    9.34898e-04	   -6.12412e-04	   -5.83847e-04	    5.55424e-03	    6.89527e-03	    6.78072e-04	    7.22205e-04	    7.99558e-04
    1.16812e+00	    1.40000e-01	    5.53598e-04	    6.48396e-04	    7.59843e-04	    8.43935e-04	    8.99982e-04	   -5.87338e-04	   -5.61087e-04	    5.30727e-03	    6.57434e-03	    6.48923e-04	    6.90453e-04	    7.64086e-04
    1.17673e+00	    1.40000e-01	    5.25645e-04	    6.14815e-04	    7.32226e-04	    8.11891e-04	    8.65961e-04	   -5.63010e-04	   -5.38923e-04	    5.06885e-03	    6.26544e-03	    6.20722e-04	    6.59783e-04	    7.29836e-04
    1.18541e+00	    1.40000e-01	    4.98851e-04	    5.82683e-04	    7.05265e-04	    7.80700e-04	    8.32827e-04	   -5.39416e-04	   -5.17352e-04	    4.83878e-03	    5.96823e-03	    5.93452e-04	    6.30170e-04	    6.96781e-04
    1.19417e+00	    1.40000e-01	    4.73179e-04	    5.51951e-04	    6.78967e-04	    7.50351e-04	    8.00571e-04	   -5.16547e-04	   -4.96370e-04	    4.61687e-03	    5.68239e-03	    5.67093e-04	    6.01591e-04	    6.64892e-04
    1.20300e+00	    1.40000e-01	    4.48594e-04	    5.22571e-04	    6.53310e-04	    7.20837e-04	    7.69185e-04	   -4.94390e-04	   -4.75972e-04	    4.40292e-03	    5.40761e-03	    5.41628e-04	    5.74022e-04	    6.34144e-04
    1.21192e+00	    1.40000e-01	    4.25060e-04	    4.94496e-04	    6.28306e-04	    6.92139e-04	    7.38660e-04	   -4.72933e-04	   -4.56155e-04	    4.19674e-03	    5.14356e-03	    5.17036e-04	    5.47439e-04	    6.04508e-04
    1.22090e+00	    1.40000e-01	    4.02544e-04	    4.67681e-04	    6.03945e-04	    6.64262e-04	    7.08985e-04	   -4.52166e-04	   -4.36911e-04	    3.99815e-03	    4.88994e-03	    4.93301e-04	    5.21818e-04	    5.75957e-04
    1.22997e+00	    1.40000e-01	    3.81013e-04	    4.42081e-04	    5.80224e-04	    6.37184e-04	    6.80151e-04	   -4.32076e-04	   -4.18237e-04	    3.80694e-03	    4.64645e-03	    4.70403e-04	    4.97135e-04	    5.48465e-04
    1.23912e+00	    1.40000e-01	    3.60432e-04	    4.17653e-04	    5.57136e-04	    6.10896e-04	    6.52147e-04	   -4.12651e-04	   -4.00126e-04	    3.62294e-03	    4.41278e-03	    4.48323e-04	    4.73370e-04	    5.22005e-04
    1.24836e+00	    1.40000e-01	    3.40771e-04	    3.94355e-04	    5.34677e-04	    5.85387e-04	    6.24964e-04	   -3.93879e-04	   -3.82571e-04	    3.44596e-03	    4.18864e-03	    4.27043e-04	    4.50496e-04	    4.96551e-04
    1.25767e+00	    1.40000e-01	    3.21997e-04	    3.72146e-04	    5.12843e-04	    5.60643e-04	    5.98590e-04	   -3.75747e-04	   -3.65565e-04	    3.27581e-03	    3.97375e-03	    4.06545e-04	    4.28492e-04	    4.72076e-04
    1.26708e+00	    1.40000e-01	    3.04080e-04	    3.50985e-04	    4.91624e-04	    5.36663e-04	    5.73014e-04	   -3.58243e-04	   -3.49102e-04	    3.11231e-03	    3.76781e-03	    3.86810e-04	    4.07336e-04	    4.48555e-04
    1.27656e+00	    1.40000e-01	    2.86990e-04	    3.30834e-04	    4.71017e-04	    5.13424e-04	    5.48224e-04	   -3.41355e-04	   -3.33174e-04	    2.95529e-03	    3.57057e-03	    3.67820e-04	    3.87004e-04	    4.25963e-04
    1.28614e+00	    1.40000e-01	    2.70697e-04	    3.11654e-04	    4.51014e-04	    4.90918e-04	    5.24210e-04	   -3.25070e-04	   -3.17772e-04	    2.80456e-03	    3.38173e-03	    3.49556e-04	    3.67475e-04	    4.04273e-04
    1.29581e+00	    1.40000e-01	    2.55172e-04	    2.93408e-04	    4.31608e-04	    4.69134e-04	    5.00958e-04	   -3.09374e-04	   -3.02890e-04	    2.65995e-03	    3.20103e-03	    3.32000e-04	    3.48727e-04	    3.83461e-04
    1.30557e+00	    1.40000e-01	    2.40389e-04	    2.76060e-04	    4.12792e-04	    4.48059e-04	    4.78458e-04	   -2.94255e-04	   -2.88518e-04	    2.52128e-03	    3.02822e-03	    3.15135e-04	    3.30738e-04	    3.63501e-04
    1.31542e+00	    1.40000e-01	    2.26318e-04	    2.59576e-04	    3.94557e-04	    4.27680e-04	    4.56695e-04	   -2.79701e-04	   -2.74647e-04	    2.38838e-03	    2.86302e-03	    2.98941e-04	    3.13487e-04	    3.44371e-04
    1.32536e+00	    1.40000e-01	    2.12934e-04	    2.43920e-04	    3.76897e-04	    4.07985e-04	    4.35659e-04	   -2.65699e-04	   -2.61270e-04	    2.26109e-03	    2.70520e-03	    2.83401e-04	    2.96952e-04	    3.26044e-04
    1.33540e+00	    1.40000e-01	    2.00211e-04	    2.29061e-04	    3.59803e-04	    3.88962e-04	    4.15337e-04	   -2.52234e-04	   -2.48376e-04	    2.13923e-03	    2.55450e-03	    2.68497e-04	    2.81113e-04	    3.08498e-04
    1.34554e+00	    1.40000e-01	    1.88122e-04	    2.14965e-04	    3.43267e-04	    3.70598e-04	    3.95714e-04	   -2.39296e-04	   -2.35957e-04	    2.02264e-03	    2.41068e-03	    2.54212e-04	    2.65948e-04	    2.91708e-04
    1.35578e+00	    1.40000e-01	    1.76644e-04	    2.01601e-04	    3.27279e-04	    3.52880e-04	    3.76779e-04	   -2.26870e-04	   -2.24003e-04	    1.91116e-03	    2.27351e-03	    2.40527e-04	    2.51439e-04	    2.75653e-04
    1.36612e+00	    1.40000e-01	    1.65752e-04	    1.88939e-04	    3.11833e-04	    3.35795e-04	    3.58517e-04	   -2.14943e-04	   -2.12504e-04	    1.80463e-03	    2.14274e-03	    2.27427e-04	    2.37564e-04	    2.60307e-04
    1.37656e+00	    1.40000e-01	    1.55423e-04	    1.76950e-04	    2.96917e-04	    3.19330e-04	    3.40916e-04	   -2.03504e-04	   -2.01452e-04	    1.70288e-03	    2.01816e-03	    2.14894e-04	    2.24304e-04	    2.45650e-04
    1.38711e+00	    1.40000e-01	    1.45633e-04	    1.65604e-04	    2.82524e-04	    3.03472e-04	    3.23963e-04	   -1.92539e-04	   -1.90835e-04	    1.60577e-03	    1.89955e-03	    2.02910e-04	    2.11639e-04	    2.31659e-04
    1.39776e+00	    1.40000e-01	    1.36362e-04	    1.54875e-04	    2.68643e-04	    2.88208e-04	    3.07642e-04	   -1.82035e-04	   -1.80643e-04	    1.51313e-03	    1.78667e-03	    1.91459e-04	    1.99550e-04	    2.18312e-04
    1.40853e+00	    1.40000e-01	    1.27586e-04	    1.44734e-04	    2.55266e-04	    2.73524e-04	    2.91942e-04	   -1.71979e-04	   -1.70868e-04	    1.42483e-03	    1.67934e-03	    1.80524e-04	    1.88018e-04	    2.05587e-04
    1.41940e+00	    1.40000e-01	    1.19286e-04	    1.35158e-04	    2.42381e-04	    2.59408e-04	    2.76847e-04	   -1.62360e-04	   -1.61498e-04	    1.34071e-03	    1.57732e-03	    1.70090e-04	    1.77025e-04	    1.93464e-04
    1.43039e+00	    1.40000e-01	    1.11440e-04	    1.26119e-04	    2.29981e-04	    2.45846e-04	    2.62345e-04	   -1.53163e-04	   -1.52524e-04	    1.26062e-03	    1.48044e-03	    1.60139e-04	    1.66552e-04	    1.81921e-04
    1.44149e+00	    1.40000e-01	    1.04030e-04	    1.17594e-04	    2.18053e-04	    2.32825e-04	    2.48420e-04	   -1.44378e-04	   -1.43935e-04	    1.18443e-03	    1.38848e-03	    1.50656e-04	    1.56582e-04	    1.70939e-04
    1.45270e+00	    1.40000e-01	    9.70349e-05	    1.09559e-04	    2.06590e-04	    2.20332e-04	    2.35060e-04	   -1.35990e-04	   -1.35720e-04	    1.11200e-03	    1.30125e-03	    1.41625e-04	    1.47096e-04	    1.60496e-04
    1.46404e+00	    1.40000e-01	    9.04377e-05	    1.01991e-04	    1.95579e-04	    2.08354e-04	    2.22250e-04	   -1.27989e-04	   -1.27870e-04	    1.04318e-03	    1.21857e-03	    1.33032e-04	    1.38078e-04	    1.50575e-04
    1.47549e+00	    1.40000e-01	    8.42198e-05	    9.48689e-05	    1.85011e-04	    1.96876e-04	    2.09976e-04	   -1.20362e-04	   -1.20374e-04	    9.77850e-04	    1.14025e-03	    1.24859e-04	    1.29511e-04	    1.41154e-04
    1.48707e+00	    1.40000e-01	    7.83638e-05	    8.81708e-05	    1.74876e-04	    1.85886e-04	    1.98224e-04	   -1.13097e-04	   -1.13223e-04	    9.15870e-04	    1.06612e-03	    1.17094e-04	    1.21377e-04	    1.32217e-04
    1.49878e+00	    1.40000e-01	    7.28530e-05	    8.18764e-05	    1.65163e-04	    1.75371e-04	    1.86980e-04	   -1.06181e-04	   -1.06404e-04	    8.57114e-04	    9.96004e-04	    1.09720e-04	    1.13661e-04	    1.23743e-04
    1.51061e+00	    1.40000e-01	    6.76710e-05	    7.59659e-05	    1.55861e-04	    1.65317e-04	    1.76231e-04	   -9.96043e-05	   -9.99093e-05	    8.01456e-04	    9.29731e-04	    1.02724e-04	    1.06346e-04	    1.15715e-04
    1.52257e+00	    1.40000e-01	    6.28022e-05	    7.04203e-05	    1.46960e-04	    1.55712e-04	    1.65962e-04	   -9.33538e-05	   -9.37275e-05	    7.48773e-04	    8.67138e-04	    9.60918e-05	    9.94180e-05	    1.08116e-04
    1.53467e+00	    1.40000e-01	    5.82311e-05	    6.52212e-05	    1.38449e-04	    1.46542e-04	    1.56159e-04	   -8.74186e-05	   -8.78488e-05	    6.98946e-04	    8.08066e-04	    8.98088e-05	    9.28605e-05	    1.00928e-04
    1.54690e+00	    1.40000e-01	    5.39433e-05	    6.03509e-05	    1.30319e-04	    1.37794e-04	    1.46808e-04	   -8.17873e-05	   -8.22628e-05	    6.51857e-04	    7.52361e-04	    8.38617e-05	    8.66588e-05	    9.41346e-05
    1.55927e+00	    1.40000e-01	    4.99246e-05	    5.57924e-05	    1.22557e-04	    1.29456e-04	    1.37897e-04	   -7.64489e-05	   -7.69599e-05	    6.07392e-04	    6.99872e-04	    7.82372e-05	    8.07985e-05	    8.77191e-05
    1.57178e+00	    1.40000e-01	    4.61612e-05	    5.15294e-05	    1.15153e-04	    1.21515e-04	    1.29410e-04	   -7.13924e-05	   -7.19303e-05	    5.65439e-04	    6.50454e-04	    7.29223e-05	    7.52653e-05	    8.16656e-05
    1.58443e+00	    1.40000e-01	    4.26401e-05	    4.75462e-05	    1.08097e-04	    1.13957e-04	    1.21335e-04	   -6.66069e-05	   -6.71642e-05	    5.25891e-04	    6.03965e-04	    6.79043e-05	    7.00454e-05	    7.59585e-05
    1.59723e+00	    1.40000e-01	    3.93487e-05	    4.38278e-05	    1.01379e-04	    1.06771e-04	    1.13658e-04	   -6.20823e-05	   -6.26520e-05	    4.88641e-04	    5.60270e-04	    6.31708e-05	    6.51253e-05	    7.05826e-05
    1.61018e+00	    1.40000e-01	    3.62746e-05	    4.03597e-05	    9.49881e-05	    9.99441e-05	    1.06366e-04	   -5.78079e-05	   -5.83839e-05	    4.53588e-04	    5.19236e-04	    5.87095e-05	    6.04918e-05	    6.55232e-05
    1.62328e+00	    1.40000e-01	    3.34064e-05	    3.71280e-05	    8.89131e-05	    9.34640e-05	    9.94459e-05	   -5.37737e-05	   -5.43508e-05	    4.20630e-04	    4.80734e-04	    5.45087e-05	    5.61323e-05	    6.07661e-05
    1.63654e+00	    1.40000e-01	    3.07327e-05	    3.41194e-05	    8.31440e-05	    8.73184e-05	    9.28841e-05	   -4.99697e-05	   -5.05434e-05	    3.89672e-04	    4.44640e-04	    5.05569e-05	    5.20342e-05	    5.62971e-05
    1.64995e+00	    1.40000e-01	    2.82427e-05	    3.13212e-05	    7.76707e-05	    8.14955e-05	    8.66681e-05	   -4.63862e-05	   -4.69526e-05	    3.60619e-04	    4.10836e-04	    4.68427e-05	    4.81855e-05	    5.21028e-05
    1.66353e+00	    1.40000e-01	    2.59262e-05	    2.87213e-05	    7.24828e-05	    7.59834e-05	    8.07852e-05	   -4.30139e-05	   -4.35697e-05	    3.33380e-04	    3.79206e-04	    4.33554e-05	    4.45744e-05	    4.81701e-05
    1.67727e+00	    1.40000e-01	    2.37731e-05	    2.63081e-05	    6.75701e-05	    7.07704e-05	    7.52227e-05	   -3.98430e-05	   -4.03855e-05	    3.07866e-04	    3.49638e-04	    4.00842e-05	    4.11896e-05	    4.44863e-05
    1.69117e+00	    1.40000e-01	    2.17741e-05	    2.40704e-05	    6.29228e-05	    6.58451e-05	    6.99685e-05	   -3.68653e-05	   -3.73920e-05	    2.83993e-04	    3.22025e-04	    3.70190e-05	    3.80200e-05	    4.10390e-05
    1.70525e+00	    1.40000e-01	    1.99201e-05	    2.19976e-05	    5.85309e-05	    6.11962e-05	    6.50104e-05	   -3.40717e-05	   -3.45802e-05	    2.61677e-04	    2.96263e-04	    3.41495e-05	    3.50551e-05	    3.78164e-05
    1.71951e+00	    1.40000e-01	    1.82023e-05	    2.00797e-05	    5.43845e-05	    5.68126e-05	    6.03364e-05	   -3.14532e-05	   -3.19427e-05	    2.40839e-04	    2.72254e-04	    3.14662e-05	    3.22844e-05	    3.48069e-05
    1.73394e+00	    1.40000e-01	    1.66127e-05	    1.83069e-05	    5.04744e-05	    5.26834e-05	    5.59348e-05	   -2.90016e-05	   -2.94706e-05	    2.21401e-04	    2.49900e-04	    2.89597e-05	    2.96979e-05	    3.19995e-05
    1.74856e+00	    1.40000e-01	    1.51431e-05	    1.66702e-05	    4.67907e-05	    4.87979e-05	    5.17942e-05	   -2.67090e-05	   -2.71568e-05	    2.03290e-04	    2.29111e-04	    2.66209e-05	    2.72861e-05	    2.93834e-05
    1.76336e+00	    1.40000e-01	    1.37862e-05	    1.51607e-05	    4.33243e-05	    4.51457e-05	    4.79033e-05	   -2.45671e-05	   -2.49935e-05	    1.86432e-04	    2.09797e-04	    2.44410e-05	    2.50397e-05	    2.69484e-05
    1.77835e+00	    1.40000e-01	    1.25347e-05	    1.37703e-05	    4.00658e-05	    4.17166e-05	    4.42511e-05	   -2.25687e-05	   -2.29732e-05	    1.70759e-04	    1.91874e-04	    2.24115e-05	    2.29496e-05	    2.46843e-05
    1.79354e+00	    1.40000e-01	    1.13818e-05	    1.24910e-05	    3.70065e-05	    3.85006e-05	    4.08269e-05	   -2.07064e-05	   -2.10887e-05	    1.56205e-04	    1.75261e-04	    2.05243e-05	    2.10072e-05	    2.25817e-05
    1.80893e+00	    1.40000e-01	    1.03212e-05	    1.13154e-05	    3.41373e-05	    3.54877e-05	    3.76200e-05	   -1.89726e-05	   -1.93332e-05	    1.42706e-04	    1.59880e-04	    1.87715e-05	    1.92043e-05	    2.06313e-05
    1.82452e+00	    1.40000e-01	    9.34649e-06	    1.02365e-05	    3.14498e-05	    3.26687e-05	    3.46204e-05	   -1.73610e-05	   -1.76996e-05	    1.30201e-04	    1.45658e-04	    1.71455e-05	    1.75328e-05	    1.88244e-05
    1.84032e+00	    1.40000e-01	    8.45202e-06	    9.24749e-06	    2.89355e-05	    3.00340e-05	    3.18179e-05	   -1.58645e-05	   -1.61816e-05	    1.18630e-04	    1.32521e-04	    1.56390e-05	    1.59851e-05	    1.71525e-05
    1.85633e+00	    1.40000e-01	    7.63220e-06	    8.34211e-06	    2.65862e-05	    2.75748e-05	    2.92028e-05	   -1.44766e-05	   -1.47730e-05	    1.07937e-04	    1.20403e-04	    1.42450e-05	    1.45539e-05	    1.56073e-05
    1.87255e+00	    1.40000e-01	    6.88183e-06	    7.51439e-06	    2.43938e-05	    2.52822e-05	    2.67658e-05	   -1.31913e-05	   -1.34674e-05	    9.80692e-05	    1.09240e-04	    1.29568e-05	    1.32320e-05	    1.41812e-05
    1.88900e+00	    1.40000e-01	    6.19594e-06	    6.75879e-06	    2.23505e-05	    2.31476e-05	    2.44976e-05	   -1.20026e-05	   -1.22590e-05	    8.89741e-05	    9.89684e-05	    1.17680e-05	    1.20127e-05	    1.28667e-05
    1.90568e+00	    1.40000e-01	    5.56987e-06	    6.06987e-06	    2.04488e-05	    2.11628e-05	    2.23892e-05	   -1.09048e-05	   -1.11422e-05	    8.06029e-05	    8.95307e-05	    1.06723e-05	    1.08897e-05	    1.16568e-05
    1.92258e+00	    1.40000e-01	    4.99927e-06	    5.44270e-06	    1.86812e-05	    1.93198e-05	    2.04322e-05	   -9.89225e-06	   -1.01115e-05	    7.29086e-05	    8.08709e-05	    9.66388e-06	    9.85662e-06	    1.05446e-05
    1.93973e+00	    1.40000e-01	    4.47996e-06	    4.87256e-06	    1.70405e-05	    1.76108e-05	    1.86181e-05	   -8.95967e-06	   -9.16173e-06	    6.58465e-05	    7.29363e-05	    8.73714e-06	    8.90776e-06	    9.52372e-06
    1.95712e+00	    1.40000e-01	    4.00800e-06	    4.35495e-06	    1.55199e-05	    1.60283e-05	    1.69390e-05	   -8.10204e-06	   -8.28775e-06	    5.93739e-05	    6.56762e-05	    7.88671e-06	    8.03746e-06	    8.58805e-06
    1.97475e+00	    1.40000e-01	    3.57975e-06	    3.88588e-06	    1.41126e-05	    1.45649e-05	    1.53869e-05	   -7.31455e-06	   -7.48485e-06	    5.34506e-05	    5.90432e-05	    7.10745e-06	    7.24042e-06	    7.73174e-06
    1.99264e+00	    1.40000e-01	    3.19178e-06	    3.46137e-06	    1.28120e-05	    1.32139e-05	    1.39544e-05	   -6.59256e-06	   -6.74851e-06	    4.80382e-05	    5.29924e-05	    6.39449e-06	    6.51157e-06	    6.94921e-06
    2.01079e+00	    1.40000e-01	    2.84086e-06	    3.07792e-06	    1.16120e-05	    1.19684e-05	    1.26343e-05	   -5.93173e-06	   -6.07405e-06	    4.31004e-05	    4.74811e-05	    5.74325e-06	    5.84613e-06	    6.23531e-06
    2.02921e+00	    1.40000e-01	    2.52401e-06	    2.73198e-06	    1.05065e-05	    1.08219e-05	    1.14198e-05	   -5.32779e-06	   -5.45725e-06	    3.86027e-05	    4.24695e-05	    5.14932e-06	    5.23955e-06	    5.58495e-06
    2.04790e+00	    1.40000e-01	    2.23835e-06	    2.42053e-06	    9.48969e-06	    9.76838e-06	    1.03040e-05	   -4.77675e-06	   -4.89420e-06	    3.45127e-05	    3.79192e-05	    4.60856e-06	    4.68752e-06	    4.99348e-06
    2.06687e+00	    1.40000e-01	    1.98127e-06	    2.14050e-06	    8.55599e-06	    8.80174e-06	    9.28079e-06	   -4.27500e-06	   -4.38122e-06	    3.07995e-05	    3.37950e-05	    4.11702e-06	    4.18601e-06	    4.45648e-06
    2.08612e+00	    1.40000e-01	    1.75036e-06	    1.88924e-06	    7.70008e-06	    7.91634e-06	    8.34393e-06	   -3.81846e-06	   -3.91457e-06	    2.74343e-05	    3.00630e-05	    3.67100e-06	    3.73115e-06	    3.96980e-06
    2.10567e+00	    1.40000e-01	    1.54327e-06	    1.66420e-06	    6.91683e-06	    7.10673e-06	    7.48767e-06	   -3.40424e-06	   -3.49089e-06	    2.43898e-05	    2.66920e-05	    3.26698e-06	    3.31933e-06	    3.52950e-06
    2.12552e+00	    1.40000e-01	    1.35794e-06	    1.46302e-06	    6.20132e-06	    6.36774e-06	    6.70640e-06	   -3.02895e-06	   -3.10687e-06	    2.16408e-05	    2.36527e-05	    2.90169e-06	    2.94717e-06	    3.13187e-06
    2.14568e+00	    1.40000e-01	    1.19239e-06	    1.28345e-06	    5.54886e-06	    5.69442e-06	    5.99485e-06	   -2.68958e-06	   -2.75944e-06	    1.91627e-05	    2.09173e-05	    2.57207e-06	    2.61144e-06	    2.77342e-06
    2.16616e+00	    1.40000e-01	    1.04478e-06	    1.12354e-06	    4.95512e-06	    5.08207e-06	    5.34800e-06	   -2.38328e-06	   -2.44575e-06	    1.69333e-05	    1.84601e-05	    2.27514e-06	    2.30919e-06	    2.45094e-06
    2.18696e+00	    1.40000e-01	    9.13446e-07	    9.81413e-07	    4.41572e-06	    4.52622e-06	    4.76111e-06	   -2.10736e-06	   -2.16308e-06	    1.49316e-05	    1.62572e-05	    2.00822e-06	    2.03758e-06	    2.16131e-06
    2.20809e+00	    1.40000e-01	    7.96834e-07	    8.55340e-07	    3.92669e-06	    4.02266e-06	    4.22964e-06	   -1.85932e-06	   -1.90888e-06	    1.31377e-05	    1.42861e-05	    1.76874e-06	    1.79401e-06	    1.90180e-06
    2.22956e+00	    1.40000e-01	    6.93507e-07	    7.43751e-07	    3.48418e-06	    3.56737e-06	    3.74936e-06	   -1.63681e-06	   -1.68076e-06	    1.15336e-05	    1.25261e-05	    1.55432e-06	    1.57603e-06	    1.66970e-06
    2.25138e+00	    1.40000e-01	    6.02154e-07	    6.45196e-07	    3.08462e-06	    3.15657e-06	    3.31617e-06	   -1.43768e-06	   -1.47649e-06	    1.01021e-05	    1.09579e-05	    1.36277e-06	    1.38136e-06	    1.46259e-06
    2.27356e+00	    1.40000e-01	    5.21569e-07	    5.58347e-07	    2.72465e-06	    2.78669e-06	    2.92637e-06	   -1.25967e-06	   -1.29396e-06	    8.82756e-06	    9.56350e-06	    1.19201e-06	    1.20789e-06	    1.27813e-06
    2.29611e+00	    1.40000e-01	    4.50647e-07	    4.81985e-07	    2.40102e-06	    2.45437e-06	    2.57635e-06	   -1.10108e-06	   -1.13124e-06	    7.69512e-06	    8.32640e-06	    1.04012e-06	    1.05366e-06	    1.11425e-06
    2.31904e+00	    1.40000e-01	    3.88386e-07	    4.15005e-07	    2.11068e-06	    2.15648e-06	    2.26264e-06	   -9.60056e-07	   -9.86515e-07	    6.69142e-06	    7.23137e-06	    9.05326e-07	    9.16836e-07	    9.68954e-07
    2.34236e+00	    1.40000e-01	    3.33840e-07	    3.56415e-07	    1.85087e-06	    1.89005e-06	    1.98224e-06	   -8.34967e-07	   -8.58096e-07	    5.80372e-06	    6.26446e-06	    7.85991e-07	    7.95744e-07	    8.40460e-07
    2.36607e+00	    1.40000e-01	    2.86182e-07	    3.05259e-07	    1.61886e-06	    1.65232e-06	    1.73216e-06	   -7.24270e-07	   -7.44410e-07	    5.02051e-06	    5.41272e-06	    6.80591e-07	    6.88840e-07	    7.27096e-07
    2.39020e+00	    1.40000e-01	    2.44648e-07	    2.60724e-07	    1.41222e-06	    1.44070e-06	    1.50968e-06	   -6.26556e-07	   -6.44052e-07	    4.33140e-06	    4.66433e-06	    5.87736e-07	    5.94691e-07	    6.27332e-07
    2.41475e+00	    1.40000e-01	    2.08547e-07	    2.22052e-07	    1.22864e-06	    1.25281e-06	    1.31220e-06	   -5.40523e-07	   -5.55671e-07	    3.72670e-06	    4.00832e-06	    5.06143e-07	    5.11989e-07	    5.39752e-07
    2.43973e+00	    1.40000e-01	    1.77254e-07	    1.88564e-07	    1.06596e-06	    1.08641e-06	    1.13740e-06	   -4.64974e-07	   -4.78048e-07	    3.19734e-06	    3.43479e-06	    4.34649e-07	    4.39534e-07	    4.63074e-07
    2.46516e+00	    1.40000e-01	    1.50203e-07	    1.59645e-07	    9.22169e-07	    9.39424e-07	    9.83072e-07	   -3.98813e-07	   -4.10062e-07	    2.73510e-06	    2.93465e-06	    3.72147e-07	    3.76236e-07	    3.96126e-07
    2.49105e+00	    1.40000e-01	    1.26886e-07	    1.34743e-07	    7.95433e-07	    8.09948e-07	    8.47187e-07	   -3.41034e-07	   -3.50673e-07	    2.33259e-06	    2.50002e-06	    3.17673e-07	    3.21078e-07	    3.37851e-07
    2.51741e+00	    1.40000e-01	    1.06848e-07	    1.13363e-07	    6.84034e-07	    6.96209e-07	    7.27878e-07	   -2.90722e-07	   -2.98954e-07	    1.98318e-06	    2.12334e-06	    2.70331e-07	    2.73157e-07	    2.87244e-07
    2.54425e+00	    1.40000e-01	    8.96792e-08	    9.50640e-08	    5.86404e-07	    5.96580e-07	    6.23430e-07	   -2.47041e-07	   -2.54046e-07	    1.68074e-06	    1.79745e-06	    2.29308e-07	    2.31647e-07	    2.43437e-07
    2.57159e+00	    1.40000e-01	    7.50154e-08	    7.94497e-08	    5.01095e-07	    5.09573e-07	    5.32253e-07	   -2.09232e-07	   -2.15172e-07	    1.41970e-06	    1.51664e-06	    1.93871e-07	    1.95800e-07	    2.05633e-07
    2.59945e+00	    1.40000e-01	    6.25313e-08	    6.61695e-08	    4.26801e-07	    4.33821e-07	    4.52909e-07	   -1.76611e-07	   -1.81627e-07	    1.19530e-06	    1.27539e-06	    1.63355e-07	    1.64940e-07	    1.73112e-07
    2.62784e+00	    1.40000e-01	    5.19383e-08	    5.49121e-08	    3.62270e-07	    3.68084e-07	    3.84081e-07	   -1.48555e-07	   -1.52775e-07	    1.00274e-06	    1.06873e-06	    1.37162e-07	    1.38459e-07	    1.45225e-07
    2.65677e+00	    1.40000e-01	    4.29811e-08	    4.54025e-08	    3.06417e-07	    3.11209e-07	    3.24589e-07	   -1.24507e-07	   -1.28042e-07	    8.38195e-07	    8.92477e-07	    1.14754e-07	    1.15812e-07	    1.21393e-07
    2.68627e+00	    1.40000e-01	    3.54331e-08	    3.73966e-08	    2.58238e-07	    2.62171e-07	    2.73307e-07	   -1.03965e-07	   -1.06915e-07	    6.98042e-07	    7.42443e-07	    9.56509e-08	    9.65102e-08	    1.01095e-07
    2.71635e+00	    1.40000e-01	    2.90962e-08	    3.06818e-08	    2.16821e-07	    2.20038e-07	    2.29268e-07	   -8.64803e-08	   -8.89314e-08	    5.79100e-07	    6.15274e-07	    7.94228e-08	    8.01181e-08	    8.38694e-08
    2.74703e+00	    1.40000e-01	    2.37960e-08	    2.50709e-08	    1.81346e-07	    1.83966e-07	    1.91586e-07	   -7.16528e-08	   -7.36802e-08	    4.78527e-07	    5.07890e-07	    6.56878e-08	    6.62481e-08	    6.93045e-08
    2.77832e+00	    1.40000e-01	    1.93801e-08	    2.04007e-08	    1.51072e-07	    1.53198e-07	    1.59461e-07	   -5.91261e-08	   -6.07955e-08	    3.93807e-07	    4.17520e-07	    5.41069e-08	    5.45564e-08	    5.70359e-08
    2.81025e+00	    1.40000e-01	    1.57157e-08	    1.65291e-08	    1.25336e-07	    1.27053e-07	    1.32179e-07	   -4.85845e-08	   -4.99527e-08	    3.22755e-07	    3.41788e-07	    4.43808e-08	    4.47398e-08	    4.67425e-08
    2.84283e+00	    1.40000e-01	    1.26876e-08	    1.33327e-08	    1.03544e-07	    1.04925e-07	    1.09100e-07	   -3.97493e-08	   -4.08653e-08	    2.63350e-07	    2.78612e-07	    3.62447e-08	    3.65302e-08	    3.81402e-08
    2.87610e+00	    1.40000e-01	    1.01959e-08	    1.07051e-08	    8.51662e-08	    8.62714e-08	    8.96572e-08	   -3.23752e-08	   -3.32809e-08	    2.13914e-07	    2.26069e-07	    2.94674e-08	    2.96934e-08	    3.09815e-08
    2.91007e+00	    1.40000e-01	    8.15469e-09	    8.55455e-09	    6.97332e-08	    7.06139e-08	    7.33460e-08	   -2.62471e-08	   -2.69784e-08	    1.72954e-07	    1.82586e-07	    2.38464e-08	    2.40245e-08	    2.50499e-08
    2.94476e+00	    1.40000e-01	    6.49018e-09	    6.80257e-09	    5.68299e-08	    5.75281e-08	    5.97216e-08	   -2.11771e-08	   -2.17645e-08	    1.39168e-07	    1.46761e-07	    1.92052e-08	    1.93448e-08	    2.01569e-08
    2.98020e+00	    1.40000e-01	    5.13926e-09	    5.38199e-09	    4.60907e-08	    4.66413e-08	    4.83930e-08	   -1.70020e-08	   -1.74712e-08	    1.11427e-07	    1.17382e-07	    1.53907e-08	    1.54996e-08	    1.61394e-08
    3.01641e+00	    1.40000e-01	    4.04820e-09	    4.23577e-09	    3.71933e-08	    3.76254e-08	    3.90176e-08	   -1.35802e-08	   -1.39529e-08	    8.87588e-08	    9.34041e-08	    1.22707e-08	    1.23551e-08	    1.28565e-08
    3.05343e+00	    1.40000e-01	    3.17149e-09	    3.31559e-09	    2.98580e-08	    3.01952e-08	    3.12951e-08	   -1.07896e-08	   -1.10839e-08	    7.03276e-08	    7.39305e-08	    9.73130e-09	    9.79643e-09	    1.01871e-08
    3.09127e+00	    1.40000e-01	    2.47071e-09	    2.58075e-09	    2.38407e-08	    2.41025e-08	    2.49665e-08	   -8.52545e-09	   -8.75646e-09	    5.54182e-08	    5.81962e-08	    7.67508e-09	    7.72503e-09	    8.02760e-09
    3.12997e+00	    1.40000e-01	    1.91359e-09	    1.99711e-09	    1.89303e-08	    1.91324e-08	    1.98070e-08	   -6.69818e-09	   -6.87839e-09	    4.34224e-08	    4.55520e-08	    6.01892e-09	    6.05701e-09	    6.28995e-09
    3.16956e+00	    1.40000e-01	    1.47317e-09	    1.53616e-09	    1.49447e-08	    1.50997e-08	    1.56233e-08	   -5.23160e-09	   -5.37127e-09	    3.38220e-08	    3.54441e-08	    4.69235e-09	    4.72121e-09	    4.89942e-09
    3.21007e+00	    1.40000e-01	    1.12705e-09	    1.17423e-09	    1.17278e-08	    1.18460e-08	    1.22497e-08	   -4.06122e-09	   -4.16874e-09	    2.61835e-08	    2.74110e-08	    3.63582e-09	    3.65756e-09	    3.79300e-09
    3.25153e+00	    1.40000e-01	    8.56670e-10	    8.91775e-10	    9.14638e-09	    9.23590e-09	    9.54510e-09	   -3.13274e-09	   -3.21494e-09	    2.01418e-08	    2.10645e-08	    2.79935e-09	    2.81561e-09	    2.91786e-09
    3.29398e+00	    1.40000e-01	    6.46789e-10	    6.72721e-10	    7.08731e-09	    7.15466e-09	    7.38987e-09	   -2.40068e-09	   -2.46307e-09	    1.53925e-08	    1.60812e-08	    2.14117e-09	    2.15325e-09	    2.22990e-09
    3.33746e+00	    1.40000e-01	    4.84931e-10	    5.03945e-10	    5.45514e-09	    5.50548e-09	    5.68311e-09	   -1.82716e-09	   -1.87417e-09	    1.16829e-08	    1.21932e-08	    1.62658e-09	    1.63549e-09	    1.69253e-09
    3.38201e+00	    1.40000e-01	    3.60952e-10	    3.74786e-10	    4.16977e-09	    4.20711e-09	    4.34027e-09	   -1.38083e-09	   -1.41597e-09	    8.80460e-09	    9.17992e-09	    1.22692e-09	    1.23344e-09	    1.27557e-09
    3.42766e+00	    1.40000e-01	    2.66654e-10	    2.76639e-10	    3.16432e-09	    3.19181e-09	    3.29087e-09	   -1.03586e-09	   -1.06192e-09	    6.58665e-09	    6.86052e-09	    9.18655e-10	    9.23397e-10	    9.54269e-10
    3.47445e+00	    1.40000e-01	    1.95456e-10	    2.02603e-10	    2.38334e-09	    2.40343e-09	    2.47652e-09	   -7.71140e-10	   -7.90310e-10	    4.88978e-09	    5.08801e-09	    6.82588e-10	    6.86006e-10	    7.08444e-10
    3.52245e+00	    1.40000e-01	    1.42108e-10	    1.47179e-10	    1.78114e-09	    1.79570e-09	    1.84918e-09	   -5.69517e-10	   -5.83494e-10	    3.60124e-09	    3.74350e-09	    5.03155e-10	    5.05599e-10	    5.21768e-10
    3.57168e+00	    1.40000e-01	    1.02450e-10	    1.06016e-10	    1.32032e-09	    1.33078e-09	    1.36958e-09	   -4.17137e-10	   -4.27236e-10	    2.63033e-09	    2.73153e-09	    3.67825e-10	    3.69557e-10	    3.81106e-10
    3.62220e+00	    1.40000e-01	    7.32112e-11	    7.56962e-11	    9.70470e-10	    9.77921e-10	    1.00581e-09	   -3.02902e-10	   -3.10131e-10	    1.90467e-09	    1.97600e-09	    2.66581e-10	    2.67797e-10	    2.75971e-10
    3.67407e+00	    1.40000e-01	    5.18397e-11	    5.35542e-11	    7.07056e-10	    7.12315e-10	    7.32175e-10	   -2.17982e-10	   -2.23107e-10	    1.36685e-09	    1.41665e-09	    1.91474e-10	    1.92320e-10	    1.98050e-10
    3.72735e+00	    1.40000e-01	    3.63578e-11	    3.75287e-11	    5.10425e-10	    5.14101e-10	    5.28104e-10	   -1.55406e-10	   -1.59002e-10	    9.71742e-10	    1.00617e-09	    1.36244e-10	    1.36828e-10	    1.40803e-10
    3.78207e+00	    1.40000e-01	    2.52468e-11	    2.60381e-11	    3.64959e-10	    3.67503e-10	    3.77276e-10	   -1.09717e-10	   -1.12214e-10	    6.84126e-10	    7.07675e-10	    9.60023e-11	    9.64001e-11	    9.91304e-11
    3.83833e+00	    1.40000e-01	    1.73502e-11	    1.78790e-11	    2.58351e-10	    2.60093e-10	    2.66841e-10	   -7.66744e-11	   -7.83889e-11	    4.76751e-10	    4.92687e-10	    6.69599e-11	    6.72283e-11	    6.90830e-11
    3.89616e+00	    1.40000e-01	    1.17948e-11	    1.21442e-11	    1.80982e-10	    1.82162e-10	    1.86769e-10	   -5.30156e-11	   -5.41795e-11	    3.28718e-10	    3.39380e-10	    4.62086e-11	    4.63878e-11	    4.76334e-11
    3.95566e+00	    1.40000e-01	    7.92797e-12	    8.15598e-12	    1.25406e-10	    1.26197e-10	    1.29306e-10	   -3.62518e-11	   -3.70324e-11	    2.24144e-10	    2.31193e-10	    3.15356e-11	    3.16538e-11	    3.24805e-11
    4.01689e+00	    1.40000e-01	    5.26617e-12	    5.41313e-12	    8.59100e-11	    8.64332e-11	    8.85057e-11	   -2.45023e-11	   -2.50193e-11	    1.51071e-10	    1.55675e-10	    2.12731e-11	    2.13501e-11	    2.18920e-11
    4.07992e+00	    1.40000e-01	    3.45506e-12	    3.54854e-12	    5.81543e-11	    5.84962e-11	    5.98602e-11	   -1.63608e-11	   -1.66988e-11	    1.00591e-10	    1.03559e-10	    1.41769e-11	    1.42264e-11	    1.45771e-11
    4.14485e+00	    1.40000e-01	    2.23766e-12	    2.29631e-12	    3.88768e-11	    3.90973e-11	    3.99831e-11	   -1.07865e-11	   -1.10044e-11	    6.61318e-11	    6.80195e-11	    9.32839e-12	    9.35982e-12	    9.58364e-12
    4.21176e+00	    1.40000e-01	    1.42971e-12	    1.46598e-12	    2.56513e-11	    2.57916e-11	    2.63589e-11	   -7.01723e-12	   -7.15572e-12	    4.29019e-11	    4.40856e-11	    6.05681e-12	    6.07648e-12	    6.21734e-12
    4.28075e+00	    1.40000e-01	    9.00611e-13	    9.22704e-13	    1.66942e-11	    1.67822e-11	    1.71402e-11	   -4.50181e-12	   -4.58852e-12	    2.74460e-11	    2.81773e-11	    3.87808e-12	    3.89022e-12	    3.97754e-12
    4.35191e+00	    1.40000e-01	    5.58935e-13	    5.72181e-13	    1.07095e-11	    1.07638e-11	    1.09862e-11	   -2.84609e-12	   -2.89952e-12	    1.73031e-11	    1.77479e-11	    2.44698e-12	    2.45435e-12	    2.50765e-12
    4.42535e+00	    1.40000e-01	    3.41510e-13	    3.49320e-13	    6.76712e-12	    6.80016e-12	    6.93615e-12	   -1.77188e-12	   -1.80426e-12	    1.07422e-11	    1.10084e-11	    1.52044e-12	    1.52484e-12	    1.55685e-12
    4.50119e+00	    1.40000e-01	    2.05269e-13	    2.09795e-13	    4.20863e-12	    4.22839e-12	    4.31013e-12	   -1.08544e-12	   -1.10473e-12	    6.56232e-12	    6.71888e-12	    9.29602e-13	    9.32189e-13	    9.51078e-13
    4.57954e+00	    1.40000e-01	    1.21272e-13	    1.23847e-13	    2.57410e-12	    2.58570e-12	    2.63397e-12	   -6.53745e-13	   -6.65030e-13	    3.94144e-12	    4.03187e-12	    5.58801e-13	    5.60294e-13	    5.71242e-13
    4.66054e+00	    1.40000e-01	    7.03606e-14	    7.17974e-14	    1.54695e-12	    1.55364e-12	    1.58161e-12	   -3.86773e-13	   -3.93249e-13	    2.32542e-12	    2.37668e-12	    3.29964e-13	    3.30809e-13	    3.37035e-13
    4.74432e+00	    1.40000e-01	    4.00508e-14	    4.08365e-14	    9.12620e-13	    9.16403e-13	    9.32293e-13	   -2.24563e-13	   -2.28204e-13	    1.34645e-12	    1.37493e-12	    1.91211e-13	    1.91680e-13	    1.95150e-13
    4.83103e+00	    1.40000e-01	    2.23442e-14	    2.27647e-14	    5.27994e-13	    5.30089e-13	    5.38930e-13	   -1.27825e-13	   -1.29829e-13	    7.64323e-13	    7.79815e-13	    1.08632e-13	    1.08887e-13	    1.10780e-13
    4.92084e+00	    1.40000e-01	    1.22043e-14	    1.24243e-14	    2.99245e-13	    3.00381e-13	    3.05193e-13	   -7.12551e-14	   -7.23340e-14	    4.24908e-13	    4.33150e-13	    6.04406e-14	    6.05762e-14	    6.15868e-14
    5.01391e+00	    1.40000e-01	    6.51850e-15	    6.63094e-15	    1.65953e-13	    1.66554e-13	    1.69114e-13	   -3.88539e-14	   -3.94210e-14	    2.31067e-13	    2.35350e-13	    3.28945e-14	    3.29650e-14	    3.34918e-14
    5.11042e+00	    1.40000e-01	    3.40034e-15	    3.45636e-15	    8.99428e-14	    9.02535e-14	    9.15816e-14	   -2.06979e-14	   -2.09887e-14	    1.22763e-13	    1.24934e-13	    1.74904e-14	    1.75261e-14	    1.77939e-14
    5.21058e+00	    1.40000e-01	    1.73000e-15	    1.75718e-15	    4.75763e-14	    4.77328e-14	    4.84043e-14	   -1.07574e-14	   -1.09026e-14	    6.36346e-14	    6.47067e-14	    9.07340e-15	    9.09103e-15	    9.22370e-15
    5.31459e+00	    1.40000e-01	    8.57202e-16	    8.70024e-16	    2.45264e-14	    2.46031e-14	    2.49334e-14	   -5.44691e-15	   -5.51738e-15	    3.21359e-14	    3.26508e-14	    4.58572e-15	    4.59419e-15	    4.65810e-15
    5.42269e+00	    1.40000e-01	    4.12999e-16	    4.18870e-16	    1.23033e-14	    1.23398e-14	    1.24976e-14	   -2.68268e-15	   -2.71590e-15	    1.57862e-14	    1.60264e-14	    2.25440e-15	    2.25835e-15	    2.28824e-15
    5.53513e+00	    1.40000e-01	    1.93153e-16	    1.95757e-16	    5.99548e-15	    6.01234e-15	    6.08546e-15	   -1.28300e-15	   -1.29818e-15	    7.53045e-15	    7.63901e-15	    1.07623e-15	    1.07802e-15	    1.09157e-15
    5.65217e+00	    1.40000e-01	    8.75260e-17	    8.86432e-17	    2.83304e-15	    2.84058e-15	    2.87335e-15	   -5.94746e-16	   -6.01450e-16	    3.48196e-15	    3.52943e-15	    4.98008e-16	    4.98788e-16	    5.04730e-16
    5.77410e+00	    1.40000e-01	    3.83519e-17	    3.88143e-17	    1.29554e-15	    1.29880e-15	    1.31299e-15	   -2.66696e-16	   -2.69554e-16	    1.55748e-15	    1.57752e-15	    2.22924e-16	    2.23253e-16	    2.25769e-16
    5.90125e+00	    1.40000e-01	    1.62146e-17	    1.63988e-17	    5.72127e-16	    5.73479e-16	    5.79398e-16	   -1.15437e-16	   -1.16610e-16	    6.72485e-16	    6.80633e-16	    9.63238e-17	    9.64576e-17	    9.74831e-17
    6.03396e+00	    1.40000e-01	    6.59881e-18	    6.66931e-18	    2.43423e-16	    2.43963e-16	    2.46336e-16	   -4.81165e-17	   -4.85793e-17	    2.79630e-16	    2.82812e-16	    4.00816e-17	    4.01339e-17	    4.05355e-17
    6.17261e+00	    1.40000e-01	    2.57837e-18	    2.60421e-18	    9.95307e-17	    9.97377e-17	    1.00650e-16	   -1.92643e-17	   -1.94391e-17	    1.11690e-16	    1.12881e-16	    1.60206e-17	    1.60402e-17	    1.61909e-17
    6.31760e+00	    1.40000e-01	    9.64545e-19	    9.73583e-19	    3.90007e-17	    3.90765e-17	    3.94114e-17	   -7.38765e-18	   -7.45073e-18	    4.27325e-17	    4.31583e-17	    6.13370e-18	    6.14069e-18	    6.19471e-18
    6.46939e+00	    1.40000e-01	    3.44394e-19	    3.47403e-19	    1.46012e-17	    1.46277e-17	    1.47448e-17	   -2.70534e-18	   -2.72701e-18	    1.56131e-17	    1.57580e-17	    2.24256e-18	    2.24494e-18	    2.26337e-18
    6.62847e+00	    1.40000e-01	    1.16971e-19	    1.17921e-19	    5.20546e-18	    5.21422e-18	    5.25311e-18	   -9.42847e-19	   -9.49906e-19	    5.42934e-18	    5.47616e-18	    7.80343e-19	    7.81112e-19	    7.87081e-19
    6.79539e+00	    1.40000e-01	    3.76505e-20	    3.79338e-20	    1.76073e-18	    1.76347e-18	    1.77568e-18	   -3.11574e-19	   -3.13747e-19	    1.79032e-18	    1.80461e-18	    2.57481e-19	    2.57716e-19	    2.59542e-19
    6.97073e+00	    1.40000e-01	    1.14383e-20	    1.15177e-20	    5.62771e-19	    5.63579e-19	    5.67190e-19	   -9.72327e-20	   -9.78621e-20	    5.57537e-19	    5.61642e-19	    8.02336e-20	    8.03009e-20	    8.08268e-20
    7.15517e+00	    1.40000e-01	    3.26496e-21	    3.28580e-21	    1.69217e-19	    1.69440e-19	    1.70440e-19	   -2.85263e-20	   -2.86969e-20	    1.63240e-19	    1.64344e-19	    2.35054e-20	    2.35235e-20	    2.36653e-20
    7.34943e+00	    1.40000e-01	    8.71269e-22	    8.76361e-22	    4.76300e-20	    4.76874e-20	    4.79457e-20	   -7.82884e-21	   -7.87195e-21	    4.47125e-20	    4.49892e-20	    6.44200e-21	    6.44653e-21	    6.48214e-21
    7.55432e+00	    1.40000e-01	    2.16175e-22	    2.17327e-22	    1.24826e-20	    1.24963e-20	    1.25582e-20	   -1.99899e-21	   -2.00908e-21	    1.13953e-20	    1.14595e-20	    1.64270e-21	    1.64375e-21	    1.65203e-21
    7.77076e+00	    1.40000e-01	    4.95655e-23	    4.98053e-23	    3.02755e-21	    3.03056e-21	    3.04421e-21	   -4.71991e-22	   -4.74165e-22	    2.68580e-21	    2.69954e-21	    3.87376e-22	    3.87601e-22	    3.89378e-22
    7.99974e+00	    1.40000e-01	    1.04346e-23	    1.04805e-23	    6.75276e-22	    6.75887e-22	    6.78657e-22	   -1.02394e-22	   -1.02824e-22	    5.81711e-22	    5.84413e-22	    8.39411e-23	    8.39853e-23	    8.43353e-23
    8.24239e+00	    1.40000e-01	    2.00656e-24	    2.01456e-24	    1.37807e-22	    1.37919e-22	    1.38433e-22	   -2.03056e-23	   -2.03834e-23	    1.15185e-22	    1.15669e-22	    1.66286e-23	    1.66365e-23	    1.66995e-23
    8.50000e+00	    1.40000e-01	    3.45379e-25	    3.46584e-25	    2.52211e-23	    2.52391e-23	    2.53218e-23	   -3.60882e-24	   -3.62100e-24	    2.04322e-23	    2.05076e-23	    2.95133e-24	    2.95255e-24	    2.96236e-24
